[2021-03-05 16:51:55][debug] 异步发起中：http://localhost/tasker_server/init
[2021-03-05 16:51:55][debug] identify：tasker_start
[2021-03-05 16:51:55][debug] Array
(
)

[2021-03-05 16:51:55][debug] GET /tasker_server/init HTTP/1.1
Host: localhost
Token: a1f7754b303690051563f01c476f6e56
Identify: 6306f12906d361d44f20d823705e64b4
User-Agent: Mozilla/5.0 (Windows; U; Windows NT 5.1; en-US; rv:1.8.1.13) Gecko/20080311 Async/1.0.0.1 
Connection:Close


 
[2021-03-05 16:51:55][debug] 异步发起结束
[2021-03-05 16:53:03][debug] 异步发起中：http://localhost/tasker_server/init
[2021-03-05 16:53:03][debug] identify：tasker_start
[2021-03-05 16:53:03][debug] Array
(
)

[2021-03-05 16:53:03][debug] GET /tasker_server/init HTTP/1.1
Host: localhost
Token: 974ce1e802f566eb4782cddc9ee85377
Identify: 5d8094a57e16bf61067ba555359cba2a
User-Agent: Mozilla/5.0 (Windows; U; Windows NT 5.1; en-US; rv:1.8.1.13) Gecko/20080311 Async/1.0.0.1 
Connection:Close


 
[2021-03-05 16:53:03][debug] 异步发起结束
[2021-03-05 16:57:32][debug] 异步发起中：http://localhost/tasker_server/init
[2021-03-05 16:57:32][debug] identify：tasker_start
[2021-03-05 16:57:32][debug] Array
(
)

[2021-03-05 16:57:32][debug] GET /tasker_server/init HTTP/1.1
Host: localhost
Token: d22944fe4e52e852004c2db28130c8b8
Identify: a65e51d04eace93984e11dfb66681273
User-Agent: Mozilla/5.0 (Windows; U; Windows NT 5.1; en-US; rv:1.8.1.13) Gecko/20080311 Async/1.0.0.1 
Connection:Close


 
[2021-03-05 16:57:32][debug] 异步发起结束
[2021-03-05 16:57:42][debug] 异步发起中：http://localhost/tasker_server/init
[2021-03-05 16:57:42][debug] identify：tasker_start
[2021-03-05 16:57:42][debug] Array
(
)

[2021-03-05 16:57:42][debug] GET /tasker_server/init HTTP/1.1
Host: localhost
Token: a782af0681c026053fdf5c002b7669ad
Identify: e33ac6436ce9bad6626c2143c18687c4
User-Agent: Mozilla/5.0 (Windows; U; Windows NT 5.1; en-US; rv:1.8.1.13) Gecko/20080311 Async/1.0.0.1 
Connection:Close


 
[2021-03-05 16:57:42][debug] 异步发起结束
[2021-03-05 17:00:25][debug] 异步发起中：http://localhost/tasker_server/init
[2021-03-05 17:00:25][debug] identify：tasker_start
[2021-03-05 17:00:25][debug] Array
(
)

[2021-03-05 17:00:25][debug] GET /tasker_server/init HTTP/1.1
Host: localhost
Token: 09214c39d9adf979fce93449414a93ec
Identify: 2c2f39e09f0f747665f44fb45ad6ce70
User-Agent: Mozilla/5.0 (Windows; U; Windows NT 5.1; en-US; rv:1.8.1.13) Gecko/20080311 Async/1.0.0.1 
Connection:Close


 
[2021-03-05 17:00:25][debug] 异步发起结束
[2021-03-05 17:00:43][debug] 异步发起中：http://localhost/tasker_server/init
[2021-03-05 17:00:43][debug] identify：tasker_start
[2021-03-05 17:00:43][debug] Array
(
)

[2021-03-05 17:00:43][debug] GET /tasker_server/init HTTP/1.1
Host: localhost
Token: 1f6972d6fec3787d50d1742aefb79f27
Identify: 803c9aa07596404ed9f980e35c50d5b6
User-Agent: Mozilla/5.0 (Windows; U; Windows NT 5.1; en-US; rv:1.8.1.13) Gecko/20080311 Async/1.0.0.1 
Connection:Close


 
[2021-03-05 17:00:43][debug] 异步发起结束
[2021-03-05 17:01:10][debug] 异步发起中：http://localhost/tasker_server/init
[2021-03-05 17:01:10][debug] identify：tasker_start
[2021-03-05 17:01:10][debug] Array
(
)

[2021-03-05 17:01:10][debug] GET /tasker_server/init HTTP/1.1
Host: localhost
Token: 0db8355bf073bc94472ce904102f3acc
Identify: 86a222c01886daa923476937d748739e
User-Agent: Mozilla/5.0 (Windows; U; Windows NT 5.1; en-US; rv:1.8.1.13) Gecko/20080311 Async/1.0.0.1 
Connection:Close


 
[2021-03-05 17:01:10][debug] 异步发起结束
[2021-03-05 17:03:32][debug] 异步发起中：http://localhost/tasker_server/init
[2021-03-05 17:03:32][debug] identify：tasker_start
[2021-03-05 17:03:32][debug] Array
(
)

[2021-03-05 17:03:32][debug] GET /tasker_server/init HTTP/1.1
Host: localhost
Token: 15686cb193ec22009476b2441040db41
Identify: d23d0ca61bcd67c309147f922270c4ba
User-Agent: Mozilla/5.0 (Windows; U; Windows NT 5.1; en-US; rv:1.8.1.13) Gecko/20080311 Async/1.0.0.1 
Connection:Close


 
[2021-03-05 17:03:32][debug] 异步发起结束
[2021-03-05 17:03:42][debug] 异步发起中：http://localhost/tasker_server/init
[2021-03-05 17:03:42][debug] identify：tasker_start
[2021-03-05 17:03:42][debug] Array
(
)

[2021-03-05 17:03:42][debug] GET /tasker_server/init HTTP/1.1
Host: localhost
Token: b6b0aeb41b07fedeac6c0bed79a8a837
Identify: 4eca1430fb0ea6a6fc5c6687faa6ad05
User-Agent: Mozilla/5.0 (Windows; U; Windows NT 5.1; en-US; rv:1.8.1.13) Gecko/20080311 Async/1.0.0.1 
Connection:Close


 
[2021-03-05 17:03:42][debug] 异步发起结束
[2021-03-05 17:08:58][debug] 异步发起中：http://localhost/tasker_server/init
[2021-03-05 17:08:58][debug] identify：tasker_start
[2021-03-05 17:08:58][debug] Array
(
)

[2021-03-05 17:08:58][debug] GET /tasker_server/init HTTP/1.1
Host: localhost
Token: a46b7787adde7780f788903986ae6c75
Identify: 73d16c83479fb8c3087074114154bb6b
User-Agent: Mozilla/5.0 (Windows; U; Windows NT 5.1; en-US; rv:1.8.1.13) Gecko/20080311 Async/1.0.0.1 
Connection:Close


 
[2021-03-05 17:08:58][debug] 异步发起结束
[2021-03-05 17:10:13][debug] 异步发起中：http://localhost/tasker_server/init
[2021-03-05 17:10:13][debug] identify：tasker_start
[2021-03-05 17:10:13][debug] Array
(
)

[2021-03-05 17:10:13][debug] GET /tasker_server/init HTTP/1.1
Host: localhost
Token: bdf2e135bd705e171df93adf5706ea1e
Identify: a023f4551070075eb59e26ef532e1918
User-Agent: Mozilla/5.0 (Windows; U; Windows NT 5.1; en-US; rv:1.8.1.13) Gecko/20080311 Async/1.0.0.1 
Connection:Close


 
[2021-03-05 17:10:13][debug] 异步发起结束
[2021-03-05 17:12:41][debug] 异步发起中：http://localhost/tasker_server/init
[2021-03-05 17:12:41][debug] identify：tasker_start
[2021-03-05 17:12:41][debug] Array
(
)

[2021-03-05 17:12:41][debug] GET /tasker_server/init HTTP/1.1
Host: localhost
Token: 0d30ab2518378ab3e311cbb4e799d8f9
Identify: cc5a17e09205087f0c69fab5243ddb59
User-Agent: Mozilla/5.0 (Windows; U; Windows NT 5.1; en-US; rv:1.8.1.13) Gecko/20080311 Async/1.0.0.1 
Connection:Close


 
[2021-03-05 17:12:41][debug] 异步发起结束
[2021-03-05 17:13:53][debug] 异步发起中：http://localhost/tasker_server/init
[2021-03-05 17:13:53][debug] identify：tasker_start
[2021-03-05 17:13:53][debug] Array
(
)

[2021-03-05 17:13:53][debug] GET /tasker_server/init HTTP/1.1
Host: localhost
Token: 32cbde750dd6d95c516494c58969aa8d
Identify: f9eba57ba8b284bb9731fa9213e6293b
User-Agent: Mozilla/5.0 (Windows; U; Windows NT 5.1; en-US; rv:1.8.1.13) Gecko/20080311 Async/1.0.0.1 
Connection:Close


 
[2021-03-05 17:13:53][debug] 异步发起结束
[2021-03-05 17:14:33][debug] 异步发起中：http://localhost/tasker_server/init
[2021-03-05 17:14:33][debug] identify：tasker_start
[2021-03-05 17:14:33][debug] Array
(
)

[2021-03-05 17:14:33][debug] GET /tasker_server/init HTTP/1.1
Host: localhost
Token: ab464443bd1cfc53309073133daa7b65
Identify: dccd39be851e43a4a893d1e2c0d78da2
User-Agent: Mozilla/5.0 (Windows; U; Windows NT 5.1; en-US; rv:1.8.1.13) Gecko/20080311 Async/1.0.0.1 
Connection:Close


 
[2021-03-05 17:14:33][debug] 异步发起结束
[2021-03-05 17:16:50][debug] 异步发起中：http://localhost/tasker_server/init
[2021-03-05 17:16:50][debug] identify：tasker_start
[2021-03-05 17:16:50][debug] Array
(
)

[2021-03-05 17:16:50][debug] GET /tasker_server/init HTTP/1.1
Host: localhost
Token: cdd4090c1a4b4b544d9894bd285aadc3
Identify: 962aa55ca524d17745956b109ac52623
User-Agent: Mozilla/5.0 (Windows; U; Windows NT 5.1; en-US; rv:1.8.1.13) Gecko/20080311 Async/1.0.0.1 
Connection:Close


 
[2021-03-05 17:16:50][debug] 异步发起结束
[2021-03-05 17:18:07][debug] 异步发起中：http://localhost/tasker_server/init
[2021-03-05 17:18:07][debug] identify：tasker_start
[2021-03-05 17:18:07][debug] Array
(
)

[2021-03-05 17:18:07][debug] GET /tasker_server/init HTTP/1.1
Host: localhost
Token: 90c13d0fc777e0240c34a610e9db318d
Identify: c8a8618a00b6a8ef93bfd0720998086e
User-Agent: Mozilla/5.0 (Windows; U; Windows NT 5.1; en-US; rv:1.8.1.13) Gecko/20080311 Async/1.0.0.1 
Connection:Close


 
[2021-03-05 17:18:07][debug] 异步发起结束
[2021-03-05 17:18:40][debug] 异步发起中：http://localhost/tasker_server/init
[2021-03-05 17:18:40][debug] identify：tasker_start
[2021-03-05 17:18:40][debug] Array
(
)

[2021-03-05 17:18:40][debug] GET /tasker_server/init HTTP/1.1
Host: localhost
Token: 2dce54268c64d92300409ff462884ba7
Identify: 90a802541116146d51e076802bf76a36
User-Agent: Mozilla/5.0 (Windows; U; Windows NT 5.1; en-US; rv:1.8.1.13) Gecko/20080311 Async/1.0.0.1 
Connection:Close


 
[2021-03-05 17:18:40][debug] 异步发起结束
[2021-03-05 17:19:12][debug] 异步发起中：http://localhost/tasker_server/init
[2021-03-05 17:19:12][debug] identify：tasker_start
[2021-03-05 17:19:12][debug] Array
(
)

[2021-03-05 17:19:12][debug] GET /tasker_server/init HTTP/1.1
Host: localhost
Token: 69b5ac18826294a789df3a9d8e83cbc5
Identify: d99d813fcb5793ca14d7d7aa30033a41
User-Agent: Mozilla/5.0 (Windows; U; Windows NT 5.1; en-US; rv:1.8.1.13) Gecko/20080311 Async/1.0.0.1 
Connection:Close


 
[2021-03-05 17:19:12][debug] 异步发起结束
[2021-03-05 18:42:04][debug] 异步发起中：http://localhost/tasker_server/init
[2021-03-05 18:42:04][debug] identify：tasker_start
[2021-03-05 18:42:04][debug] Array
(
)

[2021-03-05 18:42:04][debug] GET /tasker_server/init HTTP/1.1
Host: localhost
Token: 7a8ef38d93bccbd323e7caefec68fab4
Identify: 65803a0f3d55d21c712d40f0be1fef4e
User-Agent: Mozilla/5.0 (Windows; U; Windows NT 5.1; en-US; rv:1.8.1.13) Gecko/20080311 Async/1.0.0.1 
Connection:Close


 
[2021-03-05 18:42:04][debug] 异步发起结束
[2021-03-05 18:44:23][debug] 异步发起中：http://localhost/tasker_server/init
[2021-03-05 18:44:23][debug] identify：tasker_start
[2021-03-05 18:44:23][debug] Array
(
)

[2021-03-05 18:44:23][debug] GET /tasker_server/init HTTP/1.1
Host: localhost
Token: 5f36c246a78c6e3692aa6e974dc39404
Identify: 52c2e0a0bc01f1a2a1ee72fb41156cff
User-Agent: Mozilla/5.0 (Windows; U; Windows NT 5.1; en-US; rv:1.8.1.13) Gecko/20080311 Async/1.0.0.1 
Connection:Close


 
[2021-03-05 18:44:23][debug] 异步发起结束
[2021-03-05 18:53:37][debug] 异步发起中：http://localhost/tasker_server/init
[2021-03-05 18:53:37][debug] identify：tasker_start
[2021-03-05 18:53:37][debug] Array
(
)

[2021-03-05 18:53:37][debug] GET /tasker_server/init HTTP/1.1
Host: localhost
Token: ea7f9bef7e1e1d461dedff64dabbec00
Identify: 4f4d4109767da2c06cc4ca04f47da4ff
User-Agent: Mozilla/5.0 (Windows; U; Windows NT 5.1; en-US; rv:1.8.1.13) Gecko/20080311 Async/1.0.0.1 
Connection:Close


 
[2021-03-05 18:53:37][debug] 异步发起结束
[2021-03-05 18:53:46][debug] 异步发起中：http://localhost/tasker_server/init
[2021-03-05 18:53:46][debug] identify：tasker_start
[2021-03-05 18:53:46][debug] Array
(
)

[2021-03-05 18:53:46][debug] GET /tasker_server/init HTTP/1.1
Host: localhost
Token: 812848fba4628c38b02cd5074384c2c7
Identify: 0f8d7d2f8ecd9b5ed0e2af8a612027d9
User-Agent: Mozilla/5.0 (Windows; U; Windows NT 5.1; en-US; rv:1.8.1.13) Gecko/20080311 Async/1.0.0.1 
Connection:Close


 
[2021-03-05 18:53:46][debug] 异步发起结束
[2021-03-05 18:53:51][debug] 异步发起中：http://localhost/tasker_server/init
[2021-03-05 18:53:51][debug] identify：tasker_start
[2021-03-05 18:53:51][debug] Array
(
)

[2021-03-05 18:53:51][debug] GET /tasker_server/init HTTP/1.1
Host: localhost
Token: 9ef4fae539a6be388a19ca806814cbd5
Identify: 2c4295fcdc2be65eb8c1a1ae48dcf433
User-Agent: Mozilla/5.0 (Windows; U; Windows NT 5.1; en-US; rv:1.8.1.13) Gecko/20080311 Async/1.0.0.1 
Connection:Close


 
[2021-03-05 18:53:51][debug] 异步发起结束
[2021-03-05 19:05:11][debug] 异步发起中：http://localhost/tasker_server/init
[2021-03-05 19:05:11][debug] identify：tasker_start
[2021-03-05 19:05:11][debug] Array
(
)

[2021-03-05 19:05:11][debug] GET /tasker_server/init HTTP/1.1
Host: localhost
Token: 569cf4be0d0833887a97740e17a786d4
Identify: c6368addeaacfea87c6dc0a1e9a080c9
User-Agent: Mozilla/5.0 (Windows; U; Windows NT 5.1; en-US; rv:1.8.1.13) Gecko/20080311 Async/1.0.0.1 
Connection:Close


 
[2021-03-05 19:05:11][debug] 异步发起结束
[2021-03-05 19:36:25][debug] 异步发起中：http://localhost/tasker_server/init
[2021-03-05 19:36:25][debug] identify：tasker_start
[2021-03-05 19:36:25][debug] Array
(
)

[2021-03-05 19:36:25][debug] GET /tasker_server/init HTTP/1.1
Host: localhost
Token: 67e1c907f15c3f94c32257e363a82681
Identify: 2ffd6e8dae2926fb8f46cd079e8efe9e
User-Agent: Mozilla/5.0 (Windows; U; Windows NT 5.1; en-US; rv:1.8.1.13) Gecko/20080311 Async/1.0.0.1 
Connection:Close


 
[2021-03-05 19:36:25][debug] 异步发起结束
[2021-03-05 19:36:35][debug] 异步发起中：http://localhost/tasker_server/init
[2021-03-05 19:36:35][debug] identify：tasker_start
[2021-03-05 19:36:35][debug] Array
(
)

[2021-03-05 19:36:35][debug] GET /tasker_server/init HTTP/1.1
Host: localhost
Token: 6dbb15cd0df707eaa1dec47c17276ba7
Identify: d2f2631bb2b4c02c1980efa76fd0bcc3
User-Agent: Mozilla/5.0 (Windows; U; Windows NT 5.1; en-US; rv:1.8.1.13) Gecko/20080311 Async/1.0.0.1 
Connection:Close


 
[2021-03-05 19:36:35][debug] 异步发起结束
[2021-03-05 20:43:40][debug] 异步发起中：http://localhost/tasker_server/init
[2021-03-05 20:43:40][debug] identify：tasker_start
[2021-03-05 20:43:40][debug] Array
(
)

[2021-03-05 20:43:40][debug] GET /tasker_server/init HTTP/1.1
Host: localhost
Token: 83c568ac7852ed7c2f70e5f912f975a4
Identify: 74b6a448898731c0ff04363a33a67811
User-Agent: Mozilla/5.0 (Windows; U; Windows NT 5.1; en-US; rv:1.8.1.13) Gecko/20080311 Async/1.0.0.1 
Connection:Close


 
[2021-03-05 20:43:40][debug] 异步发起结束
[2021-03-05 20:45:35][debug] 异步发起中：http://localhost/tasker_server/init
[2021-03-05 20:45:35][debug] identify：tasker_start
[2021-03-05 20:45:35][debug] Array
(
)

[2021-03-05 20:45:35][debug] GET /tasker_server/init HTTP/1.1
Host: localhost
Token: 389724cc87452fc994e1d97277187ffa
Identify: c7085322b117479c9ddf861dc89ec2ef
User-Agent: Mozilla/5.0 (Windows; U; Windows NT 5.1; en-US; rv:1.8.1.13) Gecko/20080311 Async/1.0.0.1 
Connection:Close


 
[2021-03-05 20:45:35][debug] 异步发起结束
[2021-03-05 21:05:37][debug] 异步发起中：http://localhost/tasker_server/init
[2021-03-05 21:05:37][debug] identify：tasker_start
[2021-03-05 21:05:37][debug] Array
(
)

[2021-03-05 21:05:37][debug] GET /tasker_server/init HTTP/1.1
Host: localhost
Token: 78c0034e52bf1dde275d02df8a219c44
Identify: 8fb37a2e1a877e32fa3f238cdca5f715
User-Agent: Mozilla/5.0 (Windows; U; Windows NT 5.1; en-US; rv:1.8.1.13) Gecko/20080311 Async/1.0.0.1 
Connection:Close


 
[2021-03-05 21:05:37][debug] 异步发起结束
[2021-03-05 21:05:49][debug] 异步发起中：http://localhost/tasker_server/init
[2021-03-05 21:05:49][debug] identify：tasker_start
[2021-03-05 21:05:49][debug] Array
(
)

[2021-03-05 21:05:49][debug] GET /tasker_server/init HTTP/1.1
Host: localhost
Token: 8841ff816df32b9f277149180f080b0e
Identify: 9068979bdc6f60d99782bb1b92693b89
User-Agent: Mozilla/5.0 (Windows; U; Windows NT 5.1; en-US; rv:1.8.1.13) Gecko/20080311 Async/1.0.0.1 
Connection:Close


 
[2021-03-05 21:05:49][debug] 异步发起结束
[2021-03-05 21:14:48][debug] 异步发起中：http://localhost/tasker_server/init
[2021-03-05 21:14:48][debug] identify：tasker_start
[2021-03-05 21:14:48][debug] Array
(
)

[2021-03-05 21:14:48][debug] GET /tasker_server/init HTTP/1.1
Host: localhost
Token: 58601a054267cee518ec39e222e2f4bc
Identify: cf0e75d9b448f75c83c8592fed3c9329
User-Agent: Mozilla/5.0 (Windows; U; Windows NT 5.1; en-US; rv:1.8.1.13) Gecko/20080311 Async/1.0.0.1 
Connection:Close


 
[2021-03-05 21:14:48][debug] 异步发起结束
[2021-03-05 21:17:44][debug] 异步发起中：http://localhost/tasker_server/init
[2021-03-05 21:17:44][debug] identify：tasker_start
[2021-03-05 21:17:44][debug] Array
(
)

[2021-03-05 21:17:44][debug] GET /tasker_server/init HTTP/1.1
Host: localhost
Token: abdb0a84d04f436d02086efc227aa915
Identify: e6297469bd8bf9e64ad5f912a5a599ae
User-Agent: Mozilla/5.0 (Windows; U; Windows NT 5.1; en-US; rv:1.8.1.13) Gecko/20080311 Async/1.0.0.1 
Connection:Close


 
[2021-03-05 21:17:44][debug] 异步发起结束
[2021-03-05 21:32:55][debug] 异步发起中：http://localhost/tasker_server/init
[2021-03-05 21:32:55][debug] identify：tasker_start
[2021-03-05 21:32:55][debug] Array
(
)

[2021-03-05 21:32:55][debug] GET /tasker_server/init HTTP/1.1
Host: localhost
Token: cca319386a240b91a744bbf67f0be96b
Identify: f320854def1f957a120cab7a772f5450
User-Agent: Mozilla/5.0 (Windows; U; Windows NT 5.1; en-US; rv:1.8.1.13) Gecko/20080311 Async/1.0.0.1 
Connection:Close


 
[2021-03-05 21:32:55][debug] 异步发起结束
[2021-03-05 21:35:07][debug] 异步发起中：http://localhost/tasker_server/init
[2021-03-05 21:35:07][debug] identify：tasker_start
[2021-03-05 21:35:07][debug] Array
(
)

[2021-03-05 21:35:07][debug] GET /tasker_server/init HTTP/1.1
Host: localhost
Token: 4cec7465cf4015f3c5f541c37794e96e
Identify: 8ab55b91c893a1f4320371216ba09359
User-Agent: Mozilla/5.0 (Windows; U; Windows NT 5.1; en-US; rv:1.8.1.13) Gecko/20080311 Async/1.0.0.1 
Connection:Close


 
[2021-03-05 21:35:07][debug] 异步发起结束
[2021-03-05 21:36:43][debug] 异步发起中：http://localhost/tasker_server/init
[2021-03-05 21:36:43][debug] identify：tasker_start
[2021-03-05 21:36:43][debug] Array
(
)

[2021-03-05 21:36:43][debug] GET /tasker_server/init HTTP/1.1
Host: localhost
Token: 7126f0575216c48e470cd0b54e1bfbfa
Identify: 652700622e6a33de5a2917a7b6141c60
User-Agent: Mozilla/5.0 (Windows; U; Windows NT 5.1; en-US; rv:1.8.1.13) Gecko/20080311 Async/1.0.0.1 
Connection:Close


 
[2021-03-05 21:36:43][debug] 异步发起结束
[2021-03-05 21:44:22][debug] 异步发起中：http://localhost/tasker_server/init
[2021-03-05 21:44:22][debug] identify：tasker_start
[2021-03-05 21:44:22][debug] Array
(
)

[2021-03-05 21:44:22][debug] GET /tasker_server/init HTTP/1.1
Host: localhost
Token: 4edf64db041277efd73c2992f8f84140
Identify: d8ff724c0dd9ad4162524b6e61cdb4ac
User-Agent: Mozilla/5.0 (Windows; U; Windows NT 5.1; en-US; rv:1.8.1.13) Gecko/20080311 Async/1.0.0.1 
Connection:Close


 
[2021-03-05 21:44:22][debug] 异步发起结束
[2021-03-05 21:45:04][debug] 异步发起中：http://localhost/tasker_server/init
[2021-03-05 21:45:04][debug] identify：tasker_start
[2021-03-05 21:45:04][debug] Array
(
)

[2021-03-05 21:45:04][debug] GET /tasker_server/init HTTP/1.1
Host: localhost
Token: 6ecf932d5be525ab9643c48ad0f83a9f
Identify: a10580ef8dc49c7a860368186763a1fd
User-Agent: Mozilla/5.0 (Windows; U; Windows NT 5.1; en-US; rv:1.8.1.13) Gecko/20080311 Async/1.0.0.1 
Connection:Close


 
[2021-03-05 21:45:04][debug] 异步发起结束
[2021-03-05 21:47:03][debug] 异步发起中：http://localhost/tasker_server/init
[2021-03-05 21:47:03][debug] identify：tasker_start
[2021-03-05 21:47:03][debug] Array
(
)

[2021-03-05 21:47:03][debug] GET /tasker_server/init HTTP/1.1
Host: localhost
Token: 175a9c5a08f3581b08ec69b2f6c21500
Identify: b728f6d88f40a6b92136bbe58a053c10
User-Agent: Mozilla/5.0 (Windows; U; Windows NT 5.1; en-US; rv:1.8.1.13) Gecko/20080311 Async/1.0.0.1 
Connection:Close


 
[2021-03-05 21:47:03][debug] 异步发起结束
[2021-03-05 21:47:17][debug] 异步发起中：http://localhost/tasker_server/init
[2021-03-05 21:47:17][debug] identify：tasker_start
[2021-03-05 21:47:17][debug] Array
(
)

[2021-03-05 21:47:17][debug] GET /tasker_server/init HTTP/1.1
Host: localhost
Token: 7e82c03b85f7db9e075844bcf9ad0698
Identify: 2cbbfaba0f43b64967b5f930a0581411
User-Agent: Mozilla/5.0 (Windows; U; Windows NT 5.1; en-US; rv:1.8.1.13) Gecko/20080311 Async/1.0.0.1 
Connection:Close


 
[2021-03-05 21:47:17][debug] 异步发起结束
[2021-03-05 21:49:06][debug] 异步发起中：http://localhost/tasker_server/init
[2021-03-05 21:49:06][debug] identify：tasker_start
[2021-03-05 21:49:06][debug] Array
(
)

[2021-03-05 21:49:06][debug] GET /tasker_server/init HTTP/1.1
Host: localhost
Token: ea2f0fdc70575cddbda87707944a0795
Identify: 39a9b02766eaec6f15d5a71911df903f
User-Agent: Mozilla/5.0 (Windows; U; Windows NT 5.1; en-US; rv:1.8.1.13) Gecko/20080311 Async/1.0.0.1 
Connection:Close


 
[2021-03-05 21:49:06][debug] 异步发起结束
[2021-03-05 21:50:05][debug] 异步发起中：http://localhost/tasker_server/init
[2021-03-05 21:50:05][debug] identify：tasker_start
[2021-03-05 21:50:05][debug] Array
(
)

[2021-03-05 21:50:05][debug] GET /tasker_server/init HTTP/1.1
Host: localhost
Token: 4981eadc5255c9bff695edf43e859b5b
Identify: 4f65d35c3c08a245de05a5761b44afa9
User-Agent: Mozilla/5.0 (Windows; U; Windows NT 5.1; en-US; rv:1.8.1.13) Gecko/20080311 Async/1.0.0.1 
Connection:Close


 
[2021-03-05 21:50:05][debug] 异步发起结束
[2021-03-05 21:51:50][debug] 异步发起中：http://localhost/tasker_server/init
[2021-03-05 21:51:50][debug] identify：tasker_start
[2021-03-05 21:51:50][debug] Array
(
)

[2021-03-05 21:51:50][debug] GET /tasker_server/init HTTP/1.1
Host: localhost
Token: 0fecacd5affe46161f30de27ce20770f
Identify: 1153aa07cd806752b095cdb437390c1d
User-Agent: Mozilla/5.0 (Windows; U; Windows NT 5.1; en-US; rv:1.8.1.13) Gecko/20080311 Async/1.0.0.1 
Connection:Close


 
[2021-03-05 21:51:50][debug] 异步发起结束
[2021-03-05 21:56:44][debug] 异步发起中：http://localhost/tasker_server/init
[2021-03-05 21:56:44][debug] identify：tasker_start
[2021-03-05 21:56:44][debug] Array
(
)

[2021-03-05 21:56:44][debug] GET /tasker_server/init HTTP/1.1
Host: localhost
Token: 6086c7cd906795d8ba7be88f13662c24
Identify: 8c98463c93a50b370fbebe589805c7f7
User-Agent: Mozilla/5.0 (Windows; U; Windows NT 5.1; en-US; rv:1.8.1.13) Gecko/20080311 Async/1.0.0.1 
Connection:Close


 
[2021-03-05 21:56:44][debug] 异步发起结束
[2021-03-05 21:57:17][debug] 异步发起中：http://localhost/tasker_server/init
[2021-03-05 21:57:17][debug] identify：tasker_start
[2021-03-05 21:57:17][debug] Array
(
)

[2021-03-05 21:57:17][debug] GET /tasker_server/init HTTP/1.1
Host: localhost
Token: 5dd7a407808ec5bbe2b44ac3d11c300f
Identify: e28c863d31550b4a387a714e0915542a
User-Agent: Mozilla/5.0 (Windows; U; Windows NT 5.1; en-US; rv:1.8.1.13) Gecko/20080311 Async/1.0.0.1 
Connection:Close


 
[2021-03-05 21:57:17][debug] 异步发起结束
[2021-03-05 21:58:46][debug] 异步发起中：http://localhost/tasker_server/init
[2021-03-05 21:58:46][debug] identify：tasker_start
[2021-03-05 21:58:46][debug] Array
(
)

[2021-03-05 21:58:46][debug] GET /tasker_server/init HTTP/1.1
Host: localhost
Token: 2cd90bdbb1fb76a4a9b639b565d76644
Identify: 8823594b89502ec39618124b75d728eb
User-Agent: Mozilla/5.0 (Windows; U; Windows NT 5.1; en-US; rv:1.8.1.13) Gecko/20080311 Async/1.0.0.1 
Connection:Close


 
[2021-03-05 21:58:46][debug] 异步发起结束
[2021-03-05 22:09:53][debug] 异步发起中：http://localhost/tasker_server/init
[2021-03-05 22:09:53][debug] identify：tasker_start
[2021-03-05 22:09:53][debug] Array
(
)

[2021-03-05 22:09:53][debug] GET /tasker_server/init HTTP/1.1
Host: localhost
Token: b4612551139f77314eaf09b185f6225c
Identify: bf45229deed3a0e9ba6cca3548d26c58
User-Agent: Mozilla/5.0 (Windows; U; Windows NT 5.1; en-US; rv:1.8.1.13) Gecko/20080311 Async/1.0.0.1 
Connection:Close


 
[2021-03-05 22:09:53][debug] 异步发起结束
[2021-03-05 22:14:22][debug] 异步发起中：http://localhost/tasker_server/init
[2021-03-05 22:14:22][debug] identify：tasker_start
[2021-03-05 22:14:22][debug] Array
(
)

[2021-03-05 22:14:22][debug] GET /tasker_server/init HTTP/1.1
Host: localhost
Token: d869e8e53f415709755204a55bfb937b
Identify: 7977cc71d2f5f7eb06d4e3996142d5ef
User-Agent: Mozilla/5.0 (Windows; U; Windows NT 5.1; en-US; rv:1.8.1.13) Gecko/20080311 Async/1.0.0.1 
Connection:Close


 
[2021-03-05 22:14:22][debug] 异步发起结束
[2021-03-05 22:16:16][debug] 异步发起中：http://localhost/tasker_server/init
[2021-03-05 22:16:16][debug] identify：tasker_start
[2021-03-05 22:16:16][debug] Array
(
)

[2021-03-05 22:16:16][debug] GET /tasker_server/init HTTP/1.1
Host: localhost
Token: 8008a00347b19722f0577cde5d642b48
Identify: f43dc6094ce6e9dbbeba4dd9dbd1c251
User-Agent: Mozilla/5.0 (Windows; U; Windows NT 5.1; en-US; rv:1.8.1.13) Gecko/20080311 Async/1.0.0.1 
Connection:Close


 
[2021-03-05 22:16:16][debug] 异步发起结束
[2021-03-05 22:17:03][debug] 异步发起中：http://localhost/tasker_server/init
[2021-03-05 22:17:03][debug] identify：tasker_start
[2021-03-05 22:17:03][debug] Array
(
)

[2021-03-05 22:17:03][debug] GET /tasker_server/init HTTP/1.1
Host: localhost
Token: 79e7ba88a0e896977d3976dbbfc42ab0
Identify: 56f9ed7c2768f00c4b2ceddcf3e59fb7
User-Agent: Mozilla/5.0 (Windows; U; Windows NT 5.1; en-US; rv:1.8.1.13) Gecko/20080311 Async/1.0.0.1 
Connection:Close


 
[2021-03-05 22:17:03][debug] 异步发起结束
[2021-03-05 22:21:04][debug] 异步发起中：http://localhost/tasker_server/init
[2021-03-05 22:21:04][debug] identify：tasker_start
[2021-03-05 22:21:04][debug] Array
(
)

[2021-03-05 22:21:04][debug] GET /tasker_server/init HTTP/1.1
Host: localhost
Token: 11f71720894946132b97e1ed6861b75b
Identify: 7933abc145abe582b391cb66f8a1885d
User-Agent: Mozilla/5.0 (Windows; U; Windows NT 5.1; en-US; rv:1.8.1.13) Gecko/20080311 Async/1.0.0.1 
Connection:Close


 
[2021-03-05 22:21:04][debug] 异步发起结束
[2021-03-05 22:22:56][debug] 异步发起中：http://localhost/tasker_server/init
[2021-03-05 22:22:56][debug] identify：tasker_start
[2021-03-05 22:22:56][debug] Array
(
)

[2021-03-05 22:22:56][debug] GET /tasker_server/init HTTP/1.1
Host: localhost
Token: dd0868510606ad4a79124fc8e851c961
Identify: 486bc88923e31baf5682d91dafab4168
User-Agent: Mozilla/5.0 (Windows; U; Windows NT 5.1; en-US; rv:1.8.1.13) Gecko/20080311 Async/1.0.0.1 
Connection:Close


 
[2021-03-05 22:22:56][debug] 异步发起结束
[2021-03-05 22:32:00][debug] 异步发起中：http://localhost/tasker_server/init
[2021-03-05 22:32:00][debug] identify：tasker_start
[2021-03-05 22:32:00][debug] Array
(
)

[2021-03-05 22:32:00][debug] GET /tasker_server/init HTTP/1.1
Host: localhost
Token: 25762df6470d451ded1f9ac85bb49695
Identify: d75592eabe6ac83dc1fa2b5196333338
User-Agent: Mozilla/5.0 (Windows; U; Windows NT 5.1; en-US; rv:1.8.1.13) Gecko/20080311 Async/1.0.0.1 
Connection:Close


 
[2021-03-05 22:32:00][debug] 异步发起结束
