[2021-03-05 16:51:55][debug] ----------------------------------------------------------------------------------------------
[2021-03-05 16:51:55][debug] 框架启动.
[2021-03-05 16:51:55][debug] 出现异常: WARNING: unlink(/Users/ankio/Documents/Sync/SourceCode/PHP/ClearPHP2.0/release/temp/extend.DS_Store): No such file or directory in /Users/ankio/Documents/Sync/SourceCode/PHP/ClearPHP2.0/src/vendor/release/File.php on line 55
[2021-03-05 16:51:55][debug] 退出框架，总耗时: 119.70496177673ms
[2021-03-05 16:53:03][debug] ----------------------------------------------------------------------------------------------
[2021-03-05 16:53:03][debug] 框架启动.
[2021-03-05 16:53:04][debug] 程序调用退出: 命令行执行完毕
[2021-03-05 16:53:04][debug] 退出框架，总耗时: 545.25804519653ms
[2021-03-05 16:57:31][debug] ----------------------------------------------------------------------------------------------
[2021-03-05 16:57:31][debug] 框架启动.
[2021-03-05 16:57:32][debug] 程序调用退出: 命令行执行完毕
[2021-03-05 16:57:32][debug] 退出框架，总耗时: 615.9200668335ms
[2021-03-05 16:57:42][debug] ----------------------------------------------------------------------------------------------
[2021-03-05 16:57:42][debug] 框架启动.
[2021-03-05 16:57:43][debug] 程序调用退出: 命令行执行完毕
[2021-03-05 16:57:43][debug] 退出框架，总耗时: 198.24409484863ms
[2021-03-05 17:00:25][debug] ----------------------------------------------------------------------------------------------
[2021-03-05 17:00:25][debug] 框架启动.
[2021-03-05 17:00:26][debug] 出现异常: WARNING: mkdir(): File exists in /Users/ankio/Documents/Sync/SourceCode/PHP/ClearPHP2.0/src/vendor/release/Release.php on line 132
[2021-03-05 17:00:26][debug] 退出框架，总耗时: 322.98994064331ms
[2021-03-05 17:00:43][debug] ----------------------------------------------------------------------------------------------
[2021-03-05 17:00:43][debug] 框架启动.
[2021-03-05 17:00:44][debug] 程序调用退出: 命令行执行完毕
[2021-03-05 17:00:44][debug] 退出框架，总耗时: 223.11592102051ms
[2021-03-05 17:01:10][debug] ----------------------------------------------------------------------------------------------
[2021-03-05 17:01:10][debug] 框架启动.
[2021-03-05 17:01:10][debug] 程序调用退出: 命令行执行完毕
[2021-03-05 17:01:10][debug] 退出框架，总耗时: 198.24409484863ms
[2021-03-05 17:03:32][debug] ----------------------------------------------------------------------------------------------
[2021-03-05 17:03:32][debug] 框架启动.
[2021-03-05 17:03:32][debug] 程序调用退出: 命令行执行完毕
[2021-03-05 17:03:32][debug] 退出框架，总耗时: 304.14700508118ms
[2021-03-05 17:03:42][debug] ----------------------------------------------------------------------------------------------
[2021-03-05 17:03:42][debug] 框架启动.
[2021-03-05 17:03:43][debug] 程序调用退出: 命令行执行完毕
[2021-03-05 17:03:43][debug] 退出框架，总耗时: 348.86693954468ms
[2021-03-05 17:08:58][debug] ----------------------------------------------------------------------------------------------
[2021-03-05 17:08:58][debug] 框架启动.
[2021-03-05 17:08:58][debug] 程序调用退出: 命令行执行完毕
[2021-03-05 17:08:58][debug] 退出框架，总耗时: 264.09006118774ms
[2021-03-05 17:10:13][debug] ----------------------------------------------------------------------------------------------
[2021-03-05 17:10:13][debug] 框架启动.
[2021-03-05 17:10:13][debug] 程序调用退出: 命令行执行完毕
[2021-03-05 17:10:13][debug] 退出框架，总耗时: 243.80493164062ms
[2021-03-05 17:12:41][debug] ----------------------------------------------------------------------------------------------
[2021-03-05 17:12:41][debug] 框架启动.
[2021-03-05 17:12:42][debug] 程序调用退出: 命令行执行完毕
[2021-03-05 17:12:42][debug] 退出框架，总耗时: 341.56894683838ms
[2021-03-05 17:13:53][debug] ----------------------------------------------------------------------------------------------
[2021-03-05 17:13:53][debug] 框架启动.
[2021-03-05 17:13:54][debug] 程序调用退出: 命令行执行完毕
[2021-03-05 17:13:54][debug] 退出框架，总耗时: 345.34692764282ms
[2021-03-05 17:14:33][debug] ----------------------------------------------------------------------------------------------
[2021-03-05 17:14:33][debug] 框架启动.
[2021-03-05 17:14:33][debug] 程序调用退出: 命令行执行完毕
[2021-03-05 17:14:33][debug] 退出框架，总耗时: 284.04998779297ms
[2021-03-05 17:16:50][debug] ----------------------------------------------------------------------------------------------
[2021-03-05 17:16:50][debug] 框架启动.
[2021-03-05 17:16:50][debug] 程序调用退出: 命令行执行完毕
[2021-03-05 17:16:50][debug] 退出框架，总耗时: 225.96287727356ms
[2021-03-05 17:18:07][debug] ----------------------------------------------------------------------------------------------
[2021-03-05 17:18:07][debug] 框架启动.
[2021-03-05 17:18:08][debug] 程序调用退出: 命令行执行完毕
[2021-03-05 17:18:08][debug] 退出框架，总耗时: 203.24206352234ms
[2021-03-05 17:18:40][debug] ----------------------------------------------------------------------------------------------
[2021-03-05 17:18:40][debug] 框架启动.
[2021-03-05 17:18:40][debug] 程序调用退出: 命令行执行完毕
[2021-03-05 17:18:40][debug] 退出框架，总耗时: 141.5491104126ms
[2021-03-05 17:19:12][debug] ----------------------------------------------------------------------------------------------
[2021-03-05 17:19:12][debug] 框架启动.
[2021-03-05 17:19:12][debug] 程序调用退出: 命令行执行完毕
[2021-03-05 17:19:12][debug] 退出框架，总耗时: 194.95987892151ms
[2021-03-05 18:42:04][debug] ----------------------------------------------------------------------------------------------
[2021-03-05 18:42:04][debug] 框架启动.
[2021-03-05 18:42:25][debug] 程序调用退出: 命令行执行完毕
[2021-03-05 18:42:25][debug] 退出框架，总耗时: 20815.717220306ms
[2021-03-05 18:44:23][debug] ----------------------------------------------------------------------------------------------
[2021-03-05 18:44:23][debug] 框架启动.
[2021-03-05 18:44:31][debug] 程序调用退出: 命令行执行完毕
[2021-03-05 18:44:31][debug] 退出框架，总耗时: 8380.341053009ms
[2021-03-05 18:53:37][debug] ----------------------------------------------------------------------------------------------
[2021-03-05 18:53:37][debug] 框架启动.
[2021-03-05 18:53:46][debug] ----------------------------------------------------------------------------------------------
[2021-03-05 18:53:46][debug] 框架启动.
[2021-03-05 18:53:48][debug] 程序调用退出: 命令行执行完毕
[2021-03-05 18:53:48][debug] 退出框架，总耗时: 1936.8810653687ms
[2021-03-05 18:53:51][debug] ----------------------------------------------------------------------------------------------
[2021-03-05 18:53:51][debug] 框架启动.
[2021-03-05 18:54:02][debug] 程序调用退出: 命令行执行完毕
[2021-03-05 18:54:02][debug] 退出框架，总耗时: 10827.908039093ms
[2021-03-05 19:05:11][debug] ----------------------------------------------------------------------------------------------
[2021-03-05 19:05:11][debug] 框架启动.
[2021-03-05 19:05:11][debug] . 当前数据库信息：  sqlite:/Users/ankio/Documents/Sync/SourceCode/PHP/ClearPHP2.0/src/extend/net_ankio_tasker/data/data.db
[2021-03-05 19:05:11][debug] . 当前数据库信息：  sqlite:/Users/ankio/Documents/Sync/SourceCode/PHP/ClearPHP2.0/src/extend/net_ankio_tasker/data/data.db
[2021-03-05 19:05:11][debug] . 当前数据库信息：  sqlite:/Users/ankio/Documents/Sync/SourceCode/PHP/ClearPHP2.0/src/extend/net_ankio_tasker/data/data.db
[2021-03-05 19:05:11][debug] . 当前数据库信息：  sqlite:/Users/ankio/Documents/Sync/SourceCode/PHP/ClearPHP2.0/src/extend/net_ankio_tasker/data/data.db
[2021-03-05 19:05:11][debug] . 当前数据库信息：  sqlite:/Users/ankio/Documents/Sync/SourceCode/PHP/ClearPHP2.0/src/extend/net_ankio_tasker/data/data.db
[2021-03-05 19:05:20][debug] 程序调用退出: 命令行执行完毕
[2021-03-05 19:05:20][debug] 退出框架，总耗时: 9141.3788795471ms
[2021-03-05 19:36:25][debug] ----------------------------------------------------------------------------------------------
[2021-03-05 19:36:25][debug] 框架启动.
[2021-03-05 19:36:25][debug] . 当前数据库信息：  sqlite:/Users/ankio/Documents/Sync/SourceCode/PHP/ClearPHP2.0/src/extend/net_ankio_tasker/data/data.db
[2021-03-05 19:36:25][debug] . 当前数据库信息：  sqlite:/Users/ankio/Documents/Sync/SourceCode/PHP/ClearPHP2.0/src/extend/net_ankio_tasker/data/data.db
[2021-03-05 19:36:25][debug] . 当前数据库信息：  sqlite:/Users/ankio/Documents/Sync/SourceCode/PHP/ClearPHP2.0/src/extend/net_ankio_tasker/data/data.db
[2021-03-05 19:36:25][debug] . 当前数据库信息：  sqlite:/Users/ankio/Documents/Sync/SourceCode/PHP/ClearPHP2.0/src/extend/net_ankio_tasker/data/data.db
[2021-03-05 19:36:25][debug] . 当前数据库信息：  sqlite:/Users/ankio/Documents/Sync/SourceCode/PHP/ClearPHP2.0/src/extend/net_ankio_tasker/data/data.db
[2021-03-05 19:36:35][debug] ----------------------------------------------------------------------------------------------
[2021-03-05 19:36:35][debug] 框架启动.
[2021-03-05 19:36:35][debug] . 当前数据库信息：  sqlite:/Users/ankio/Documents/Sync/SourceCode/PHP/ClearPHP2.0/src/extend/net_ankio_tasker/data/data.db
[2021-03-05 19:36:35][debug] . 当前数据库信息：  sqlite:/Users/ankio/Documents/Sync/SourceCode/PHP/ClearPHP2.0/src/extend/net_ankio_tasker/data/data.db
[2021-03-05 19:36:35][debug] . 当前数据库信息：  sqlite:/Users/ankio/Documents/Sync/SourceCode/PHP/ClearPHP2.0/src/extend/net_ankio_tasker/data/data.db
[2021-03-05 19:36:35][debug] . 当前数据库信息：  sqlite:/Users/ankio/Documents/Sync/SourceCode/PHP/ClearPHP2.0/src/extend/net_ankio_tasker/data/data.db
[2021-03-05 19:36:35][debug] . 当前数据库信息：  sqlite:/Users/ankio/Documents/Sync/SourceCode/PHP/ClearPHP2.0/src/extend/net_ankio_tasker/data/data.db
[2021-03-05 19:36:48][debug] 程序调用退出: 命令行执行完毕
[2021-03-05 19:36:48][debug] 退出框架，总耗时: 13712.071895599ms
[2021-03-05 20:43:40][debug] ----------------------------------------------------------------------------------------------
[2021-03-05 20:43:40][debug] 框架启动.
[2021-03-05 20:43:40][debug] . 当前数据库信息：  sqlite:/Users/ankio/Documents/Sync/SourceCode/PHP/ClearPHP2.0/src/extend/net_ankio_tasker/data/data.db
[2021-03-05 20:43:40][debug] . 当前数据库信息：  sqlite:/Users/ankio/Documents/Sync/SourceCode/PHP/ClearPHP2.0/src/extend/net_ankio_tasker/data/data.db
[2021-03-05 20:43:40][debug] . 当前数据库信息：  sqlite:/Users/ankio/Documents/Sync/SourceCode/PHP/ClearPHP2.0/src/extend/net_ankio_tasker/data/data.db
[2021-03-05 20:43:40][debug] . 当前数据库信息：  sqlite:/Users/ankio/Documents/Sync/SourceCode/PHP/ClearPHP2.0/src/extend/net_ankio_tasker/data/data.db
[2021-03-05 20:43:40][debug] . 当前数据库信息：  sqlite:/Users/ankio/Documents/Sync/SourceCode/PHP/ClearPHP2.0/src/extend/net_ankio_tasker/data/data.db
[2021-03-05 20:43:57][info] 程序调用退出: 命令行执行完毕
[2021-03-05 20:43:57][debug] 程序调用退出: 命令行执行完毕
[2021-03-05 20:43:57][debug] 退出框架，总耗时: 16661.065816879ms
[2021-03-05 20:45:35][debug] ----------------------------------------------------------------------------------------------
[2021-03-05 20:45:35][debug] 框架启动.
[2021-03-05 20:45:35][debug] . 当前数据库信息：  sqlite:/Users/ankio/Documents/Sync/SourceCode/PHP/ClearPHP2.0/src/extend/net_ankio_tasker/data/data.db
[2021-03-05 20:45:35][debug] . 当前数据库信息：  sqlite:/Users/ankio/Documents/Sync/SourceCode/PHP/ClearPHP2.0/src/extend/net_ankio_tasker/data/data.db
[2021-03-05 20:45:35][debug] . 当前数据库信息：  sqlite:/Users/ankio/Documents/Sync/SourceCode/PHP/ClearPHP2.0/src/extend/net_ankio_tasker/data/data.db
[2021-03-05 20:45:35][debug] . 当前数据库信息：  sqlite:/Users/ankio/Documents/Sync/SourceCode/PHP/ClearPHP2.0/src/extend/net_ankio_tasker/data/data.db
[2021-03-05 20:45:35][debug] . 当前数据库信息：  sqlite:/Users/ankio/Documents/Sync/SourceCode/PHP/ClearPHP2.0/src/extend/net_ankio_tasker/data/data.db
[2021-03-05 20:45:46][info] 程序调用退出: 命令行执行完毕
[2021-03-05 20:45:46][debug] 程序调用退出: 命令行执行完毕
[2021-03-05 20:45:46][debug] 退出框架，总耗时: 10573.379993439ms
[2021-03-05 21:05:37][debug] ----------------------------------------------------------------------------------------------
[2021-03-05 21:05:37][debug] 框架启动.
[2021-03-05 21:05:37][debug] . 当前数据库信息：  sqlite:/Users/ankio/Documents/Sync/SourceCode/PHP/ClearPHP2.0/src/extend/net_ankio_tasker/data/data.db
[2021-03-05 21:05:37][debug] . 当前数据库信息：  sqlite:/Users/ankio/Documents/Sync/SourceCode/PHP/ClearPHP2.0/src/extend/net_ankio_tasker/data/data.db
[2021-03-05 21:05:37][debug] . 当前数据库信息：  sqlite:/Users/ankio/Documents/Sync/SourceCode/PHP/ClearPHP2.0/src/extend/net_ankio_tasker/data/data.db
[2021-03-05 21:05:37][debug] . 当前数据库信息：  sqlite:/Users/ankio/Documents/Sync/SourceCode/PHP/ClearPHP2.0/src/extend/net_ankio_tasker/data/data.db
[2021-03-05 21:05:37][debug] . 当前数据库信息：  sqlite:/Users/ankio/Documents/Sync/SourceCode/PHP/ClearPHP2.0/src/extend/net_ankio_tasker/data/data.db
[2021-03-05 21:05:49][debug] ----------------------------------------------------------------------------------------------
[2021-03-05 21:05:49][debug] 框架启动.
[2021-03-05 21:05:49][debug] . 当前数据库信息：  sqlite:/Users/ankio/Documents/Sync/SourceCode/PHP/ClearPHP2.0/src/extend/net_ankio_tasker/data/data.db
[2021-03-05 21:05:49][debug] . 当前数据库信息：  sqlite:/Users/ankio/Documents/Sync/SourceCode/PHP/ClearPHP2.0/src/extend/net_ankio_tasker/data/data.db
[2021-03-05 21:05:49][debug] . 当前数据库信息：  sqlite:/Users/ankio/Documents/Sync/SourceCode/PHP/ClearPHP2.0/src/extend/net_ankio_tasker/data/data.db
[2021-03-05 21:05:49][debug] . 当前数据库信息：  sqlite:/Users/ankio/Documents/Sync/SourceCode/PHP/ClearPHP2.0/src/extend/net_ankio_tasker/data/data.db
[2021-03-05 21:05:49][debug] . 当前数据库信息：  sqlite:/Users/ankio/Documents/Sync/SourceCode/PHP/ClearPHP2.0/src/extend/net_ankio_tasker/data/data.db
[2021-03-05 21:05:59][info] 程序调用退出: 命令行执行完毕
[2021-03-05 21:05:59][debug] 程序调用退出: 命令行执行完毕
[2021-03-05 21:05:59][debug] 退出框架，总耗时: 9746.0069656372ms
[2021-03-05 21:14:48][debug] ----------------------------------------------------------------------------------------------
[2021-03-05 21:14:48][debug] 框架启动.
[2021-03-05 21:14:48][debug] . 当前数据库信息：  sqlite:/Users/ankio/Documents/Sync/SourceCode/PHP/ClearPHP2.0/src/extend/net_ankio_tasker/data/data.db
[2021-03-05 21:14:48][debug] . 当前数据库信息：  sqlite:/Users/ankio/Documents/Sync/SourceCode/PHP/ClearPHP2.0/src/extend/net_ankio_tasker/data/data.db
[2021-03-05 21:14:48][debug] . 当前数据库信息：  sqlite:/Users/ankio/Documents/Sync/SourceCode/PHP/ClearPHP2.0/src/extend/net_ankio_tasker/data/data.db
[2021-03-05 21:14:48][debug] . 当前数据库信息：  sqlite:/Users/ankio/Documents/Sync/SourceCode/PHP/ClearPHP2.0/src/extend/net_ankio_tasker/data/data.db
[2021-03-05 21:14:48][debug] . 当前数据库信息：  sqlite:/Users/ankio/Documents/Sync/SourceCode/PHP/ClearPHP2.0/src/extend/net_ankio_tasker/data/data.db
[2021-03-05 21:14:58][info] 程序调用退出: 命令行执行完毕
[2021-03-05 21:14:58][debug] 程序调用退出: 命令行执行完毕
[2021-03-05 21:14:58][debug] 退出框架，总耗时: 9653.4051895142ms
[2021-03-05 21:17:44][debug] ----------------------------------------------------------------------------------------------
[2021-03-05 21:17:44][debug] 框架启动.
[2021-03-05 21:17:44][debug] . 当前数据库信息：  sqlite:/Users/ankio/Documents/Sync/SourceCode/PHP/ClearPHP2.0/src/extend/net_ankio_tasker/data/data.db
[2021-03-05 21:17:44][debug] . 当前数据库信息：  sqlite:/Users/ankio/Documents/Sync/SourceCode/PHP/ClearPHP2.0/src/extend/net_ankio_tasker/data/data.db
[2021-03-05 21:17:44][debug] . 当前数据库信息：  sqlite:/Users/ankio/Documents/Sync/SourceCode/PHP/ClearPHP2.0/src/extend/net_ankio_tasker/data/data.db
[2021-03-05 21:17:44][debug] . 当前数据库信息：  sqlite:/Users/ankio/Documents/Sync/SourceCode/PHP/ClearPHP2.0/src/extend/net_ankio_tasker/data/data.db
[2021-03-05 21:17:44][debug] . 当前数据库信息：  sqlite:/Users/ankio/Documents/Sync/SourceCode/PHP/ClearPHP2.0/src/extend/net_ankio_tasker/data/data.db
[2021-03-05 21:17:55][info] 程序调用退出: 命令行执行完毕
[2021-03-05 21:17:55][debug] 程序调用退出: 命令行执行完毕
[2021-03-05 21:17:55][debug] 退出框架，总耗时: 11470.695018768ms
[2021-03-05 21:32:55][debug] ----------------------------------------------------------------------------------------------
[2021-03-05 21:32:55][debug] 框架启动.
[2021-03-05 21:32:55][debug] . 当前数据库信息：  sqlite:/Users/ankio/Documents/Sync/SourceCode/PHP/ClearPHP2.0/src/extend/net_ankio_tasker/data/data.db
[2021-03-05 21:32:55][debug] . 当前数据库信息：  sqlite:/Users/ankio/Documents/Sync/SourceCode/PHP/ClearPHP2.0/src/extend/net_ankio_tasker/data/data.db
[2021-03-05 21:32:55][debug] . 当前数据库信息：  sqlite:/Users/ankio/Documents/Sync/SourceCode/PHP/ClearPHP2.0/src/extend/net_ankio_tasker/data/data.db
[2021-03-05 21:32:55][debug] . 当前数据库信息：  sqlite:/Users/ankio/Documents/Sync/SourceCode/PHP/ClearPHP2.0/src/extend/net_ankio_tasker/data/data.db
[2021-03-05 21:32:55][debug] . 当前数据库信息：  sqlite:/Users/ankio/Documents/Sync/SourceCode/PHP/ClearPHP2.0/src/extend/net_ankio_tasker/data/data.db
[2021-03-05 21:33:07][info] 程序调用退出: 命令行执行完毕
[2021-03-05 21:33:07][debug] 程序调用退出: 命令行执行完毕
[2021-03-05 21:33:07][debug] 退出框架，总耗时: 12359.746932983ms
[2021-03-05 21:35:07][debug] ----------------------------------------------------------------------------------------------
[2021-03-05 21:35:07][debug] 框架启动.
[2021-03-05 21:35:07][debug] . 当前数据库信息：  sqlite:/Users/ankio/Documents/Sync/SourceCode/PHP/ClearPHP2.0/src/extend/net_ankio_tasker/data/data.db
[2021-03-05 21:35:07][debug] . 当前数据库信息：  sqlite:/Users/ankio/Documents/Sync/SourceCode/PHP/ClearPHP2.0/src/extend/net_ankio_tasker/data/data.db
[2021-03-05 21:35:07][debug] . 当前数据库信息：  sqlite:/Users/ankio/Documents/Sync/SourceCode/PHP/ClearPHP2.0/src/extend/net_ankio_tasker/data/data.db
[2021-03-05 21:35:07][debug] . 当前数据库信息：  sqlite:/Users/ankio/Documents/Sync/SourceCode/PHP/ClearPHP2.0/src/extend/net_ankio_tasker/data/data.db
[2021-03-05 21:35:07][debug] . 当前数据库信息：  sqlite:/Users/ankio/Documents/Sync/SourceCode/PHP/ClearPHP2.0/src/extend/net_ankio_tasker/data/data.db
[2021-03-05 21:35:17][info] 程序调用退出: 命令行执行完毕
[2021-03-05 21:35:17][debug] 程序调用退出: 命令行执行完毕
[2021-03-05 21:35:17][debug] 退出框架，总耗时: 10585.693120956ms
[2021-03-05 21:36:43][debug] ----------------------------------------------------------------------------------------------
[2021-03-05 21:36:43][debug] 框架启动.
[2021-03-05 21:36:43][debug] . 当前数据库信息：  sqlite:/Users/ankio/Documents/Sync/SourceCode/PHP/ClearPHP2.0/src/extend/net_ankio_tasker/data/data.db
[2021-03-05 21:36:43][debug] . 当前数据库信息：  sqlite:/Users/ankio/Documents/Sync/SourceCode/PHP/ClearPHP2.0/src/extend/net_ankio_tasker/data/data.db
[2021-03-05 21:36:43][debug] . 当前数据库信息：  sqlite:/Users/ankio/Documents/Sync/SourceCode/PHP/ClearPHP2.0/src/extend/net_ankio_tasker/data/data.db
[2021-03-05 21:36:43][debug] . 当前数据库信息：  sqlite:/Users/ankio/Documents/Sync/SourceCode/PHP/ClearPHP2.0/src/extend/net_ankio_tasker/data/data.db
[2021-03-05 21:36:43][debug] . 当前数据库信息：  sqlite:/Users/ankio/Documents/Sync/SourceCode/PHP/ClearPHP2.0/src/extend/net_ankio_tasker/data/data.db
[2021-03-05 21:36:54][info] 程序调用退出: 命令行执行完毕
[2021-03-05 21:36:54][debug] 程序调用退出: 命令行执行完毕
[2021-03-05 21:36:54][debug] 退出框架，总耗时: 11124.002933502ms
[2021-03-05 21:44:22][debug] ----------------------------------------------------------------------------------------------
[2021-03-05 21:44:22][debug] 框架启动.
[2021-03-05 21:44:22][debug] . 当前数据库信息：  sqlite:/Users/ankio/Documents/Sync/SourceCode/PHP/ClearPHP2.0/src/extend/net_ankio_tasker/data/data.db
[2021-03-05 21:44:22][debug] . 当前数据库信息：  sqlite:/Users/ankio/Documents/Sync/SourceCode/PHP/ClearPHP2.0/src/extend/net_ankio_tasker/data/data.db
[2021-03-05 21:44:22][debug] . 当前数据库信息：  sqlite:/Users/ankio/Documents/Sync/SourceCode/PHP/ClearPHP2.0/src/extend/net_ankio_tasker/data/data.db
[2021-03-05 21:44:22][debug] . 当前数据库信息：  sqlite:/Users/ankio/Documents/Sync/SourceCode/PHP/ClearPHP2.0/src/extend/net_ankio_tasker/data/data.db
[2021-03-05 21:44:22][debug] . 当前数据库信息：  sqlite:/Users/ankio/Documents/Sync/SourceCode/PHP/ClearPHP2.0/src/extend/net_ankio_tasker/data/data.db
[2021-03-05 21:44:31][debug] 出现异常: ArgumentCountError: Too few arguments to function app\vendor\release\FileCheck::getMd5(), 1 passed in /Users/ankio/Documents/Sync/SourceCode/PHP/ClearPHP2.0/src/vendor/release/FileCheck.php on line 174 and exactly 2 expected in /Users/ankio/Documents/Sync/SourceCode/PHP/ClearPHP2.0/src/vendor/release/FileCheck.php:146

[2021-03-05 21:44:31][debug] 退出框架，总耗时: 8755.6500434875ms
[2021-03-05 21:45:04][debug] ----------------------------------------------------------------------------------------------
[2021-03-05 21:45:04][debug] 框架启动.
[2021-03-05 21:45:04][debug] . 当前数据库信息：  sqlite:/Users/ankio/Documents/Sync/SourceCode/PHP/ClearPHP2.0/src/extend/net_ankio_tasker/data/data.db
[2021-03-05 21:45:04][debug] . 当前数据库信息：  sqlite:/Users/ankio/Documents/Sync/SourceCode/PHP/ClearPHP2.0/src/extend/net_ankio_tasker/data/data.db
[2021-03-05 21:45:04][debug] . 当前数据库信息：  sqlite:/Users/ankio/Documents/Sync/SourceCode/PHP/ClearPHP2.0/src/extend/net_ankio_tasker/data/data.db
[2021-03-05 21:45:04][debug] . 当前数据库信息：  sqlite:/Users/ankio/Documents/Sync/SourceCode/PHP/ClearPHP2.0/src/extend/net_ankio_tasker/data/data.db
[2021-03-05 21:45:04][debug] . 当前数据库信息：  sqlite:/Users/ankio/Documents/Sync/SourceCode/PHP/ClearPHP2.0/src/extend/net_ankio_tasker/data/data.db
[2021-03-05 21:45:13][info] 程序调用退出: 命令行执行完毕
[2021-03-05 21:45:13][debug] 程序调用退出: 命令行执行完毕
[2021-03-05 21:45:13][debug] 退出框架，总耗时: 9099.7037887573ms
[2021-03-05 21:47:03][debug] ----------------------------------------------------------------------------------------------
[2021-03-05 21:47:03][debug] 框架启动.
[2021-03-05 21:47:03][debug] . 当前数据库信息：  sqlite:/Users/ankio/Documents/Sync/SourceCode/PHP/ClearPHP2.0/src/extend/net_ankio_tasker/data/data.db
[2021-03-05 21:47:03][debug] . 当前数据库信息：  sqlite:/Users/ankio/Documents/Sync/SourceCode/PHP/ClearPHP2.0/src/extend/net_ankio_tasker/data/data.db
[2021-03-05 21:47:03][debug] . 当前数据库信息：  sqlite:/Users/ankio/Documents/Sync/SourceCode/PHP/ClearPHP2.0/src/extend/net_ankio_tasker/data/data.db
[2021-03-05 21:47:03][debug] . 当前数据库信息：  sqlite:/Users/ankio/Documents/Sync/SourceCode/PHP/ClearPHP2.0/src/extend/net_ankio_tasker/data/data.db
[2021-03-05 21:47:03][debug] . 当前数据库信息：  sqlite:/Users/ankio/Documents/Sync/SourceCode/PHP/ClearPHP2.0/src/extend/net_ankio_tasker/data/data.db
[2021-03-05 21:47:17][debug] ----------------------------------------------------------------------------------------------
[2021-03-05 21:47:17][debug] 框架启动.
[2021-03-05 21:47:17][debug] . 当前数据库信息：  sqlite:/Users/ankio/Documents/Sync/SourceCode/PHP/ClearPHP2.0/src/extend/net_ankio_tasker/data/data.db
[2021-03-05 21:47:17][debug] . 当前数据库信息：  sqlite:/Users/ankio/Documents/Sync/SourceCode/PHP/ClearPHP2.0/src/extend/net_ankio_tasker/data/data.db
[2021-03-05 21:47:17][debug] . 当前数据库信息：  sqlite:/Users/ankio/Documents/Sync/SourceCode/PHP/ClearPHP2.0/src/extend/net_ankio_tasker/data/data.db
[2021-03-05 21:47:17][debug] . 当前数据库信息：  sqlite:/Users/ankio/Documents/Sync/SourceCode/PHP/ClearPHP2.0/src/extend/net_ankio_tasker/data/data.db
[2021-03-05 21:47:17][debug] . 当前数据库信息：  sqlite:/Users/ankio/Documents/Sync/SourceCode/PHP/ClearPHP2.0/src/extend/net_ankio_tasker/data/data.db
[2021-03-05 21:49:06][debug] ----------------------------------------------------------------------------------------------
[2021-03-05 21:49:06][debug] 框架启动.
[2021-03-05 21:49:06][debug] . 当前数据库信息：  sqlite:/Users/ankio/Documents/Sync/SourceCode/PHP/ClearPHP2.0/src/extend/net_ankio_tasker/data/data.db
[2021-03-05 21:49:06][debug] . 当前数据库信息：  sqlite:/Users/ankio/Documents/Sync/SourceCode/PHP/ClearPHP2.0/src/extend/net_ankio_tasker/data/data.db
[2021-03-05 21:49:06][debug] . 当前数据库信息：  sqlite:/Users/ankio/Documents/Sync/SourceCode/PHP/ClearPHP2.0/src/extend/net_ankio_tasker/data/data.db
[2021-03-05 21:49:06][debug] . 当前数据库信息：  sqlite:/Users/ankio/Documents/Sync/SourceCode/PHP/ClearPHP2.0/src/extend/net_ankio_tasker/data/data.db
[2021-03-05 21:49:06][debug] . 当前数据库信息：  sqlite:/Users/ankio/Documents/Sync/SourceCode/PHP/ClearPHP2.0/src/extend/net_ankio_tasker/data/data.db
[2021-03-05 21:50:05][debug] ----------------------------------------------------------------------------------------------
[2021-03-05 21:50:05][debug] 框架启动.
[2021-03-05 21:50:05][debug] . 当前数据库信息：  sqlite:/Users/ankio/Documents/Sync/SourceCode/PHP/ClearPHP2.0/src/extend/net_ankio_tasker/data/data.db
[2021-03-05 21:50:05][debug] . 当前数据库信息：  sqlite:/Users/ankio/Documents/Sync/SourceCode/PHP/ClearPHP2.0/src/extend/net_ankio_tasker/data/data.db
[2021-03-05 21:50:05][debug] . 当前数据库信息：  sqlite:/Users/ankio/Documents/Sync/SourceCode/PHP/ClearPHP2.0/src/extend/net_ankio_tasker/data/data.db
[2021-03-05 21:50:05][debug] . 当前数据库信息：  sqlite:/Users/ankio/Documents/Sync/SourceCode/PHP/ClearPHP2.0/src/extend/net_ankio_tasker/data/data.db
[2021-03-05 21:50:05][debug] . 当前数据库信息：  sqlite:/Users/ankio/Documents/Sync/SourceCode/PHP/ClearPHP2.0/src/extend/net_ankio_tasker/data/data.db
[2021-03-05 21:51:50][debug] ----------------------------------------------------------------------------------------------
[2021-03-05 21:51:50][debug] 框架启动.
[2021-03-05 21:51:50][debug] . 当前数据库信息：  sqlite:/Users/ankio/Documents/Sync/SourceCode/PHP/ClearPHP2.0/src/extend/net_ankio_tasker/data/data.db
[2021-03-05 21:51:50][debug] . 当前数据库信息：  sqlite:/Users/ankio/Documents/Sync/SourceCode/PHP/ClearPHP2.0/src/extend/net_ankio_tasker/data/data.db
[2021-03-05 21:51:50][debug] . 当前数据库信息：  sqlite:/Users/ankio/Documents/Sync/SourceCode/PHP/ClearPHP2.0/src/extend/net_ankio_tasker/data/data.db
[2021-03-05 21:51:50][debug] . 当前数据库信息：  sqlite:/Users/ankio/Documents/Sync/SourceCode/PHP/ClearPHP2.0/src/extend/net_ankio_tasker/data/data.db
[2021-03-05 21:51:50][debug] . 当前数据库信息：  sqlite:/Users/ankio/Documents/Sync/SourceCode/PHP/ClearPHP2.0/src/extend/net_ankio_tasker/data/data.db
[2021-03-05 21:52:03][info] 程序调用退出: 命令行执行完毕
[2021-03-05 21:52:03][debug] 程序调用退出: 命令行执行完毕
[2021-03-05 21:52:03][debug] 退出框架，总耗时: 13480.382919312ms
[2021-03-05 21:56:44][debug] ----------------------------------------------------------------------------------------------
[2021-03-05 21:56:44][debug] 框架启动.
[2021-03-05 21:56:44][debug] . 当前数据库信息：  sqlite:/Users/ankio/Documents/Sync/SourceCode/PHP/ClearPHP2.0/src/extend/net_ankio_tasker/data/data.db
[2021-03-05 21:56:44][debug] . 当前数据库信息：  sqlite:/Users/ankio/Documents/Sync/SourceCode/PHP/ClearPHP2.0/src/extend/net_ankio_tasker/data/data.db
[2021-03-05 21:56:44][debug] . 当前数据库信息：  sqlite:/Users/ankio/Documents/Sync/SourceCode/PHP/ClearPHP2.0/src/extend/net_ankio_tasker/data/data.db
[2021-03-05 21:56:44][debug] . 当前数据库信息：  sqlite:/Users/ankio/Documents/Sync/SourceCode/PHP/ClearPHP2.0/src/extend/net_ankio_tasker/data/data.db
[2021-03-05 21:56:44][debug] . 当前数据库信息：  sqlite:/Users/ankio/Documents/Sync/SourceCode/PHP/ClearPHP2.0/src/extend/net_ankio_tasker/data/data.db
[2021-03-05 21:57:03][info] 程序调用退出: 命令行执行完毕
[2021-03-05 21:57:03][debug] 程序调用退出: 命令行执行完毕
[2021-03-05 21:57:03][debug] 退出框架，总耗时: 18337.514877319ms
[2021-03-05 21:57:17][debug] ----------------------------------------------------------------------------------------------
[2021-03-05 21:57:17][debug] 框架启动.
[2021-03-05 21:57:17][debug] . 当前数据库信息：  sqlite:/Users/ankio/Documents/Sync/SourceCode/PHP/ClearPHP2.0/src/extend/net_ankio_tasker/data/data.db
[2021-03-05 21:57:17][debug] . 当前数据库信息：  sqlite:/Users/ankio/Documents/Sync/SourceCode/PHP/ClearPHP2.0/src/extend/net_ankio_tasker/data/data.db
[2021-03-05 21:57:17][debug] . 当前数据库信息：  sqlite:/Users/ankio/Documents/Sync/SourceCode/PHP/ClearPHP2.0/src/extend/net_ankio_tasker/data/data.db
[2021-03-05 21:57:17][debug] . 当前数据库信息：  sqlite:/Users/ankio/Documents/Sync/SourceCode/PHP/ClearPHP2.0/src/extend/net_ankio_tasker/data/data.db
[2021-03-05 21:57:17][debug] . 当前数据库信息：  sqlite:/Users/ankio/Documents/Sync/SourceCode/PHP/ClearPHP2.0/src/extend/net_ankio_tasker/data/data.db
[2021-03-05 21:57:27][info] 程序调用退出: 命令行执行完毕
[2021-03-05 21:57:27][debug] 程序调用退出: 命令行执行完毕
[2021-03-05 21:57:27][debug] 退出框架，总耗时: 10034.332036972ms
[2021-03-05 21:58:46][debug] ----------------------------------------------------------------------------------------------
[2021-03-05 21:58:46][debug] 框架启动.
[2021-03-05 21:58:46][debug] . 当前数据库信息：  sqlite:/Users/ankio/Documents/Sync/SourceCode/PHP/ClearPHP2.0/src/extend/net_ankio_tasker/data/data.db
[2021-03-05 21:58:46][debug] . 当前数据库信息：  sqlite:/Users/ankio/Documents/Sync/SourceCode/PHP/ClearPHP2.0/src/extend/net_ankio_tasker/data/data.db
[2021-03-05 21:58:46][debug] . 当前数据库信息：  sqlite:/Users/ankio/Documents/Sync/SourceCode/PHP/ClearPHP2.0/src/extend/net_ankio_tasker/data/data.db
[2021-03-05 21:58:46][debug] . 当前数据库信息：  sqlite:/Users/ankio/Documents/Sync/SourceCode/PHP/ClearPHP2.0/src/extend/net_ankio_tasker/data/data.db
[2021-03-05 21:58:46][debug] . 当前数据库信息：  sqlite:/Users/ankio/Documents/Sync/SourceCode/PHP/ClearPHP2.0/src/extend/net_ankio_tasker/data/data.db
[2021-03-05 21:58:54][info] 程序调用退出: 命令行执行完毕
[2021-03-05 21:58:54][debug] 程序调用退出: 命令行执行完毕
[2021-03-05 21:58:54][debug] 退出框架，总耗时: 8193.7611103058ms
[2021-03-05 22:09:53][debug] ----------------------------------------------------------------------------------------------
[2021-03-05 22:09:53][debug] 框架启动.
[2021-03-05 22:09:53][debug] . 当前数据库信息：  sqlite:/Users/ankio/Documents/Sync/SourceCode/PHP/ClearPHP2.0/src/extend/net_ankio_tasker/data/data.db
[2021-03-05 22:09:53][debug] . 当前数据库信息：  sqlite:/Users/ankio/Documents/Sync/SourceCode/PHP/ClearPHP2.0/src/extend/net_ankio_tasker/data/data.db
[2021-03-05 22:09:53][debug] . 当前数据库信息：  sqlite:/Users/ankio/Documents/Sync/SourceCode/PHP/ClearPHP2.0/src/extend/net_ankio_tasker/data/data.db
[2021-03-05 22:09:53][debug] . 当前数据库信息：  sqlite:/Users/ankio/Documents/Sync/SourceCode/PHP/ClearPHP2.0/src/extend/net_ankio_tasker/data/data.db
[2021-03-05 22:09:53][debug] . 当前数据库信息：  sqlite:/Users/ankio/Documents/Sync/SourceCode/PHP/ClearPHP2.0/src/extend/net_ankio_tasker/data/data.db
[2021-03-05 22:10:06][info] 程序调用退出: 命令行执行完毕
[2021-03-05 22:10:06][debug] 程序调用退出: 命令行执行完毕
[2021-03-05 22:10:06][debug] 退出框架，总耗时: 12874.439001083ms
[2021-03-05 22:14:22][debug] ----------------------------------------------------------------------------------------------
[2021-03-05 22:14:22][debug] 框架启动.
[2021-03-05 22:14:22][debug] . 当前数据库信息：  sqlite:/Users/ankio/Documents/Sync/SourceCode/PHP/ClearPHP2.0/src/extend/net_ankio_tasker/data/data.db
[2021-03-05 22:14:22][debug] . 当前数据库信息：  sqlite:/Users/ankio/Documents/Sync/SourceCode/PHP/ClearPHP2.0/src/extend/net_ankio_tasker/data/data.db
[2021-03-05 22:14:22][debug] . 当前数据库信息：  sqlite:/Users/ankio/Documents/Sync/SourceCode/PHP/ClearPHP2.0/src/extend/net_ankio_tasker/data/data.db
[2021-03-05 22:14:22][debug] . 当前数据库信息：  sqlite:/Users/ankio/Documents/Sync/SourceCode/PHP/ClearPHP2.0/src/extend/net_ankio_tasker/data/data.db
[2021-03-05 22:14:22][debug] . 当前数据库信息：  sqlite:/Users/ankio/Documents/Sync/SourceCode/PHP/ClearPHP2.0/src/extend/net_ankio_tasker/data/data.db
[2021-03-05 22:14:33][debug] 出现异常: WARNING: opendir(../../../release/temp): failed to open dir: No such file or directory in /Users/ankio/Documents/Sync/SourceCode/PHP/ClearPHP2.0/src/vendor/release/Zip.php on line 38
[2021-03-05 22:14:33][debug] 退出框架，总耗时: 10880.056142807ms
[2021-03-05 22:16:16][debug] ----------------------------------------------------------------------------------------------
[2021-03-05 22:16:16][debug] 框架启动.
[2021-03-05 22:16:16][debug] . 当前数据库信息：  sqlite:/Users/ankio/Documents/Sync/SourceCode/PHP/ClearPHP2.0/src/extend/net_ankio_tasker/data/data.db
[2021-03-05 22:16:16][debug] . 当前数据库信息：  sqlite:/Users/ankio/Documents/Sync/SourceCode/PHP/ClearPHP2.0/src/extend/net_ankio_tasker/data/data.db
[2021-03-05 22:16:16][debug] . 当前数据库信息：  sqlite:/Users/ankio/Documents/Sync/SourceCode/PHP/ClearPHP2.0/src/extend/net_ankio_tasker/data/data.db
[2021-03-05 22:16:16][debug] . 当前数据库信息：  sqlite:/Users/ankio/Documents/Sync/SourceCode/PHP/ClearPHP2.0/src/extend/net_ankio_tasker/data/data.db
[2021-03-05 22:16:16][debug] . 当前数据库信息：  sqlite:/Users/ankio/Documents/Sync/SourceCode/PHP/ClearPHP2.0/src/extend/net_ankio_tasker/data/data.db
[2021-03-05 22:16:26][debug] 出现异常: WARNING: opendir(../../../../release/temp): failed to open dir: No such file or directory in /Users/ankio/Documents/Sync/SourceCode/PHP/ClearPHP2.0/src/vendor/release/Zip.php on line 38
[2021-03-05 22:16:26][debug] 退出框架，总耗时: 9982.2070598602ms
[2021-03-05 22:17:03][debug] ----------------------------------------------------------------------------------------------
[2021-03-05 22:17:03][debug] 框架启动.
[2021-03-05 22:17:03][debug] . 当前数据库信息：  sqlite:/Users/ankio/Documents/Sync/SourceCode/PHP/ClearPHP2.0/src/extend/net_ankio_tasker/data/data.db
[2021-03-05 22:17:03][debug] . 当前数据库信息：  sqlite:/Users/ankio/Documents/Sync/SourceCode/PHP/ClearPHP2.0/src/extend/net_ankio_tasker/data/data.db
[2021-03-05 22:17:03][debug] . 当前数据库信息：  sqlite:/Users/ankio/Documents/Sync/SourceCode/PHP/ClearPHP2.0/src/extend/net_ankio_tasker/data/data.db
[2021-03-05 22:17:03][debug] . 当前数据库信息：  sqlite:/Users/ankio/Documents/Sync/SourceCode/PHP/ClearPHP2.0/src/extend/net_ankio_tasker/data/data.db
[2021-03-05 22:17:03][debug] . 当前数据库信息：  sqlite:/Users/ankio/Documents/Sync/SourceCode/PHP/ClearPHP2.0/src/extend/net_ankio_tasker/data/data.db
[2021-03-05 22:17:11][info] 程序调用退出: 命令行执行完毕
[2021-03-05 22:17:11][debug] 程序调用退出: 命令行执行完毕
[2021-03-05 22:17:11][debug] 退出框架，总耗时: 8523.0011940002ms
[2021-03-05 22:21:04][debug] ----------------------------------------------------------------------------------------------
[2021-03-05 22:21:04][debug] 框架启动.
[2021-03-05 22:21:04][debug] . 当前数据库信息：  sqlite:/Users/ankio/Documents/Sync/SourceCode/PHP/ClearPHP2.0/src/extend/net_ankio_tasker/data/data.db
[2021-03-05 22:21:04][debug] . 当前数据库信息：  sqlite:/Users/ankio/Documents/Sync/SourceCode/PHP/ClearPHP2.0/src/extend/net_ankio_tasker/data/data.db
[2021-03-05 22:21:04][debug] . 当前数据库信息：  sqlite:/Users/ankio/Documents/Sync/SourceCode/PHP/ClearPHP2.0/src/extend/net_ankio_tasker/data/data.db
[2021-03-05 22:21:04][debug] . 当前数据库信息：  sqlite:/Users/ankio/Documents/Sync/SourceCode/PHP/ClearPHP2.0/src/extend/net_ankio_tasker/data/data.db
[2021-03-05 22:21:04][debug] . 当前数据库信息：  sqlite:/Users/ankio/Documents/Sync/SourceCode/PHP/ClearPHP2.0/src/extend/net_ankio_tasker/data/data.db
[2021-03-05 22:21:14][info] 程序调用退出: 命令行执行完毕
[2021-03-05 22:21:14][debug] 程序调用退出: 命令行执行完毕
[2021-03-05 22:21:14][debug] 退出框架，总耗时: 9601.4869213104ms
[2021-03-05 22:22:56][debug] ----------------------------------------------------------------------------------------------
[2021-03-05 22:22:56][debug] 框架启动.
[2021-03-05 22:22:56][debug] . 当前数据库信息：  sqlite:/Users/ankio/Documents/Sync/SourceCode/PHP/ClearPHP2.0/src/extend/net_ankio_tasker/data/data.db
[2021-03-05 22:22:56][debug] . 当前数据库信息：  sqlite:/Users/ankio/Documents/Sync/SourceCode/PHP/ClearPHP2.0/src/extend/net_ankio_tasker/data/data.db
[2021-03-05 22:22:56][debug] . 当前数据库信息：  sqlite:/Users/ankio/Documents/Sync/SourceCode/PHP/ClearPHP2.0/src/extend/net_ankio_tasker/data/data.db
[2021-03-05 22:22:56][debug] . 当前数据库信息：  sqlite:/Users/ankio/Documents/Sync/SourceCode/PHP/ClearPHP2.0/src/extend/net_ankio_tasker/data/data.db
[2021-03-05 22:22:56][debug] . 当前数据库信息：  sqlite:/Users/ankio/Documents/Sync/SourceCode/PHP/ClearPHP2.0/src/extend/net_ankio_tasker/data/data.db
[2021-03-05 22:23:07][info] 程序调用退出: 命令行执行完毕
[2021-03-05 22:23:07][debug] 程序调用退出: 命令行执行完毕
[2021-03-05 22:23:07][debug] 退出框架，总耗时: 11323.706865311ms
[2021-03-05 22:32:00][debug] ----------------------------------------------------------------------------------------------
[2021-03-05 22:32:00][debug] 框架启动.
[2021-03-05 22:32:00][debug] . 当前数据库信息：  sqlite:/Users/ankio/Documents/Sync/SourceCode/PHP/ClearPHP2.0/src/extend/net_ankio_tasker/data/data.db
[2021-03-05 22:32:00][debug] . 当前数据库信息：  sqlite:/Users/ankio/Documents/Sync/SourceCode/PHP/ClearPHP2.0/src/extend/net_ankio_tasker/data/data.db
[2021-03-05 22:32:00][debug] . 当前数据库信息：  sqlite:/Users/ankio/Documents/Sync/SourceCode/PHP/ClearPHP2.0/src/extend/net_ankio_tasker/data/data.db
[2021-03-05 22:32:00][debug] . 当前数据库信息：  sqlite:/Users/ankio/Documents/Sync/SourceCode/PHP/ClearPHP2.0/src/extend/net_ankio_tasker/data/data.db
[2021-03-05 22:32:00][debug] . 当前数据库信息：  sqlite:/Users/ankio/Documents/Sync/SourceCode/PHP/ClearPHP2.0/src/extend/net_ankio_tasker/data/data.db
[2021-03-05 22:32:11][info] 程序调用退出: 命令行执行完毕
[2021-03-05 22:32:11][debug] 程序调用退出: 命令行执行完毕
[2021-03-05 22:32:11][debug] 退出框架，总耗时: 10262.518882751ms
