[2021-03-05 16:51:55][debug] 加载 "app\vendor\debug\Error"
[2021-03-05 16:51:55][debug] 加载 "app\vendor\event\EventManager"
[2021-03-05 16:51:55][debug] 加载 "app\vendor\core\Clean"
[2021-03-05 16:51:55][debug] 加载 "app\vendor\event\EventListener"
[2021-03-05 16:51:55][debug] 加载 "app\extend\net_ankio_cc_defense\Main"
[2021-03-05 16:51:55][debug] 加载 "app\extend\net_ankio_cc_defense\core\Ddos"
[2021-03-05 16:51:55][debug] 加载 "app\vendor\web\Session"
[2021-03-05 16:51:55][debug] 加载 "app\vendor\web\Response"
[2021-03-05 16:51:55][debug] 加载 "app\vendor\web\Request"
[2021-03-05 16:51:55][debug] 加载 "app\extend\net_ankio_tasker\Main"
[2021-03-05 16:51:55][debug] 加载 "app\extend\net_ankio_tasker\core\Server"
[2021-03-05 16:51:55][debug] 加载 "app\vendor\database\Sql"
[2021-03-05 16:51:55][debug] 加载 "app\extend\net_ankio_tasker\core\Db"
[2021-03-05 16:51:55][debug] 加载 "app\vendor\database\sql\sqlExec"
[2021-03-05 16:51:55][debug] 加载 "app\vendor\database\sql\sqlBase"
[2021-03-05 16:51:55][debug] 加载 "app\vendor\database\sql\Select"
[2021-03-05 16:51:55][debug] 加载 "app\extend\net_ankio_tasker\core\Async"
[2021-03-05 16:51:55][debug] 加载 "app\vendor\database\sql\Insert"
[2021-03-05 16:51:55][debug] 加载 "app\vendor\web\Route"
[2021-03-05 16:51:55][debug] 加载 "app\vendor\release\Release"
[2021-03-05 16:51:55][debug] 加载 "app\vendor\release\File"
[2021-03-05 16:53:03][debug] 加载 "app\vendor\debug\Error"
[2021-03-05 16:53:03][debug] 加载 "app\vendor\event\EventManager"
[2021-03-05 16:53:03][debug] 加载 "app\vendor\core\Clean"
[2021-03-05 16:53:03][debug] 加载 "app\vendor\event\EventListener"
[2021-03-05 16:53:03][debug] 加载 "app\extend\net_ankio_cc_defense\Main"
[2021-03-05 16:53:03][debug] 加载 "app\extend\net_ankio_cc_defense\core\Ddos"
[2021-03-05 16:53:03][debug] 加载 "app\vendor\web\Session"
[2021-03-05 16:53:03][debug] 加载 "app\vendor\web\Response"
[2021-03-05 16:53:03][debug] 加载 "app\vendor\web\Request"
[2021-03-05 16:53:03][debug] 加载 "app\extend\net_ankio_tasker\Main"
[2021-03-05 16:53:03][debug] 加载 "app\extend\net_ankio_tasker\core\Server"
[2021-03-05 16:53:03][debug] 加载 "app\vendor\database\Sql"
[2021-03-05 16:53:03][debug] 加载 "app\extend\net_ankio_tasker\core\Db"
[2021-03-05 16:53:03][debug] 加载 "app\vendor\database\sql\sqlExec"
[2021-03-05 16:53:03][debug] 加载 "app\vendor\database\sql\sqlBase"
[2021-03-05 16:53:03][debug] 加载 "app\vendor\database\sql\Select"
[2021-03-05 16:53:03][debug] 加载 "app\extend\net_ankio_tasker\core\Async"
[2021-03-05 16:53:03][debug] 加载 "app\vendor\database\sql\Insert"
[2021-03-05 16:53:03][debug] 加载 "app\vendor\web\Route"
[2021-03-05 16:53:03][debug] 加载 "app\vendor\release\Release"
[2021-03-05 16:53:03][debug] 加载 "app\vendor\release\File"
[2021-03-05 16:53:03][debug] 加载 "app\vendor\release\Zip"
[2021-03-05 16:53:03][debug] 加载 "app\vendor\debug\StringUtil"
[2021-03-05 16:57:31][debug] 加载 "app\vendor\debug\Error"
[2021-03-05 16:57:31][debug] 加载 "app\vendor\event\EventManager"
[2021-03-05 16:57:32][debug] 加载 "app\vendor\core\Clean"
[2021-03-05 16:57:32][debug] 加载 "app\vendor\event\EventListener"
[2021-03-05 16:57:32][debug] 加载 "app\extend\net_ankio_cc_defense\Main"
[2021-03-05 16:57:32][debug] 加载 "app\extend\net_ankio_cc_defense\core\Ddos"
[2021-03-05 16:57:32][debug] 加载 "app\vendor\web\Session"
[2021-03-05 16:57:32][debug] 加载 "app\vendor\web\Response"
[2021-03-05 16:57:32][debug] 加载 "app\vendor\web\Request"
[2021-03-05 16:57:32][debug] 加载 "app\extend\net_ankio_tasker\Main"
[2021-03-05 16:57:32][debug] 加载 "app\extend\net_ankio_tasker\core\Server"
[2021-03-05 16:57:32][debug] 加载 "app\vendor\database\Sql"
[2021-03-05 16:57:32][debug] 加载 "app\extend\net_ankio_tasker\core\Db"
[2021-03-05 16:57:32][debug] 加载 "app\vendor\database\sql\sqlExec"
[2021-03-05 16:57:32][debug] 加载 "app\vendor\database\sql\sqlBase"
[2021-03-05 16:57:32][debug] 加载 "app\vendor\database\sql\Select"
[2021-03-05 16:57:32][debug] 加载 "app\extend\net_ankio_tasker\core\Async"
[2021-03-05 16:57:32][debug] 加载 "app\vendor\database\sql\Insert"
[2021-03-05 16:57:32][debug] 加载 "app\vendor\web\Route"
[2021-03-05 16:57:32][debug] 加载 "app\vendor\release\Release"
[2021-03-05 16:57:32][debug] 加载 "app\vendor\release\File"
[2021-03-05 16:57:32][debug] 加载 "app\vendor\release\Zip"
[2021-03-05 16:57:32][debug] 加载 "app\vendor\debug\StringUtil"
[2021-03-05 16:57:42][debug] 加载 "app\vendor\debug\Error"
[2021-03-05 16:57:42][debug] 加载 "app\vendor\event\EventManager"
[2021-03-05 16:57:42][debug] 加载 "app\vendor\core\Clean"
[2021-03-05 16:57:42][debug] 加载 "app\vendor\event\EventListener"
[2021-03-05 16:57:42][debug] 加载 "app\extend\net_ankio_cc_defense\Main"
[2021-03-05 16:57:42][debug] 加载 "app\extend\net_ankio_cc_defense\core\Ddos"
[2021-03-05 16:57:42][debug] 加载 "app\vendor\web\Session"
[2021-03-05 16:57:42][debug] 加载 "app\vendor\web\Response"
[2021-03-05 16:57:42][debug] 加载 "app\vendor\web\Request"
[2021-03-05 16:57:42][debug] 加载 "app\extend\net_ankio_tasker\Main"
[2021-03-05 16:57:42][debug] 加载 "app\extend\net_ankio_tasker\core\Server"
[2021-03-05 16:57:42][debug] 加载 "app\vendor\database\Sql"
[2021-03-05 16:57:42][debug] 加载 "app\extend\net_ankio_tasker\core\Db"
[2021-03-05 16:57:42][debug] 加载 "app\vendor\database\sql\sqlExec"
[2021-03-05 16:57:42][debug] 加载 "app\vendor\database\sql\sqlBase"
[2021-03-05 16:57:42][debug] 加载 "app\vendor\database\sql\Select"
[2021-03-05 16:57:42][debug] 加载 "app\extend\net_ankio_tasker\core\Async"
[2021-03-05 16:57:42][debug] 加载 "app\vendor\database\sql\Insert"
[2021-03-05 16:57:42][debug] 加载 "app\vendor\web\Route"
[2021-03-05 16:57:42][debug] 加载 "app\vendor\release\Release"
[2021-03-05 16:57:42][debug] 加载 "app\vendor\release\File"
[2021-03-05 16:57:43][debug] 加载 "app\vendor\release\Zip"
[2021-03-05 16:57:43][debug] 加载 "app\vendor\debug\StringUtil"
[2021-03-05 17:00:25][debug] 加载 "app\vendor\debug\Error"
[2021-03-05 17:00:25][debug] 加载 "app\vendor\event\EventManager"
[2021-03-05 17:00:25][debug] 加载 "app\vendor\core\Clean"
[2021-03-05 17:00:25][debug] 加载 "app\vendor\event\EventListener"
[2021-03-05 17:00:25][debug] 加载 "app\extend\net_ankio_cc_defense\Main"
[2021-03-05 17:00:25][debug] 加载 "app\extend\net_ankio_cc_defense\core\Ddos"
[2021-03-05 17:00:25][debug] 加载 "app\vendor\web\Session"
[2021-03-05 17:00:25][debug] 加载 "app\vendor\web\Response"
[2021-03-05 17:00:25][debug] 加载 "app\vendor\web\Request"
[2021-03-05 17:00:25][debug] 加载 "app\extend\net_ankio_tasker\Main"
[2021-03-05 17:00:25][debug] 加载 "app\extend\net_ankio_tasker\core\Server"
[2021-03-05 17:00:25][debug] 加载 "app\vendor\database\Sql"
[2021-03-05 17:00:25][debug] 加载 "app\extend\net_ankio_tasker\core\Db"
[2021-03-05 17:00:25][debug] 加载 "app\vendor\database\sql\sqlExec"
[2021-03-05 17:00:25][debug] 加载 "app\vendor\database\sql\sqlBase"
[2021-03-05 17:00:25][debug] 加载 "app\vendor\database\sql\Select"
[2021-03-05 17:00:25][debug] 加载 "app\extend\net_ankio_tasker\core\Async"
[2021-03-05 17:00:25][debug] 加载 "app\vendor\database\sql\Insert"
[2021-03-05 17:00:25][debug] 加载 "app\vendor\web\Route"
[2021-03-05 17:00:25][debug] 加载 "app\vendor\release\Release"
[2021-03-05 17:00:25][debug] 加载 "app\vendor\release\File"
[2021-03-05 17:00:43][debug] 加载 "app\vendor\debug\Error"
[2021-03-05 17:00:43][debug] 加载 "app\vendor\event\EventManager"
[2021-03-05 17:00:43][debug] 加载 "app\vendor\core\Clean"
[2021-03-05 17:00:43][debug] 加载 "app\vendor\event\EventListener"
[2021-03-05 17:00:43][debug] 加载 "app\extend\net_ankio_cc_defense\Main"
[2021-03-05 17:00:43][debug] 加载 "app\extend\net_ankio_cc_defense\core\Ddos"
[2021-03-05 17:00:43][debug] 加载 "app\vendor\web\Session"
[2021-03-05 17:00:43][debug] 加载 "app\vendor\web\Response"
[2021-03-05 17:00:43][debug] 加载 "app\vendor\web\Request"
[2021-03-05 17:00:43][debug] 加载 "app\extend\net_ankio_tasker\Main"
[2021-03-05 17:00:43][debug] 加载 "app\extend\net_ankio_tasker\core\Server"
[2021-03-05 17:00:43][debug] 加载 "app\vendor\database\Sql"
[2021-03-05 17:00:43][debug] 加载 "app\extend\net_ankio_tasker\core\Db"
[2021-03-05 17:00:43][debug] 加载 "app\vendor\database\sql\sqlExec"
[2021-03-05 17:00:43][debug] 加载 "app\vendor\database\sql\sqlBase"
[2021-03-05 17:00:43][debug] 加载 "app\vendor\database\sql\Select"
[2021-03-05 17:00:43][debug] 加载 "app\extend\net_ankio_tasker\core\Async"
[2021-03-05 17:00:43][debug] 加载 "app\vendor\database\sql\Insert"
[2021-03-05 17:00:43][debug] 加载 "app\vendor\web\Route"
[2021-03-05 17:00:43][debug] 加载 "app\vendor\release\Release"
[2021-03-05 17:00:43][debug] 加载 "app\vendor\release\File"
[2021-03-05 17:00:44][debug] 加载 "app\vendor\release\Zip"
[2021-03-05 17:00:44][debug] 加载 "app\vendor\debug\StringUtil"
[2021-03-05 17:01:10][debug] 加载 "app\vendor\debug\Error"
[2021-03-05 17:01:10][debug] 加载 "app\vendor\event\EventManager"
[2021-03-05 17:01:10][debug] 加载 "app\vendor\core\Clean"
[2021-03-05 17:01:10][debug] 加载 "app\vendor\event\EventListener"
[2021-03-05 17:01:10][debug] 加载 "app\extend\net_ankio_cc_defense\Main"
[2021-03-05 17:01:10][debug] 加载 "app\extend\net_ankio_cc_defense\core\Ddos"
[2021-03-05 17:01:10][debug] 加载 "app\vendor\web\Session"
[2021-03-05 17:01:10][debug] 加载 "app\vendor\web\Response"
[2021-03-05 17:01:10][debug] 加载 "app\vendor\web\Request"
[2021-03-05 17:01:10][debug] 加载 "app\extend\net_ankio_tasker\Main"
[2021-03-05 17:01:10][debug] 加载 "app\extend\net_ankio_tasker\core\Server"
[2021-03-05 17:01:10][debug] 加载 "app\vendor\database\Sql"
[2021-03-05 17:01:10][debug] 加载 "app\extend\net_ankio_tasker\core\Db"
[2021-03-05 17:01:10][debug] 加载 "app\vendor\database\sql\sqlExec"
[2021-03-05 17:01:10][debug] 加载 "app\vendor\database\sql\sqlBase"
[2021-03-05 17:01:10][debug] 加载 "app\vendor\database\sql\Select"
[2021-03-05 17:01:10][debug] 加载 "app\extend\net_ankio_tasker\core\Async"
[2021-03-05 17:01:10][debug] 加载 "app\vendor\database\sql\Insert"
[2021-03-05 17:01:10][debug] 加载 "app\vendor\web\Route"
[2021-03-05 17:01:10][debug] 加载 "app\vendor\release\Release"
[2021-03-05 17:01:10][debug] 加载 "app\vendor\release\File"
[2021-03-05 17:01:10][debug] 加载 "app\vendor\release\Zip"
[2021-03-05 17:01:10][debug] 加载 "app\vendor\debug\StringUtil"
[2021-03-05 17:03:32][debug] 加载 "app\vendor\debug\Error"
[2021-03-05 17:03:32][debug] 加载 "app\vendor\event\EventManager"
[2021-03-05 17:03:32][debug] 加载 "app\vendor\core\Clean"
[2021-03-05 17:03:32][debug] 加载 "app\vendor\event\EventListener"
[2021-03-05 17:03:32][debug] 加载 "app\extend\net_ankio_cc_defense\Main"
[2021-03-05 17:03:32][debug] 加载 "app\extend\net_ankio_cc_defense\core\Ddos"
[2021-03-05 17:03:32][debug] 加载 "app\vendor\web\Session"
[2021-03-05 17:03:32][debug] 加载 "app\vendor\web\Response"
[2021-03-05 17:03:32][debug] 加载 "app\vendor\web\Request"
[2021-03-05 17:03:32][debug] 加载 "app\extend\net_ankio_tasker\Main"
[2021-03-05 17:03:32][debug] 加载 "app\extend\net_ankio_tasker\core\Server"
[2021-03-05 17:03:32][debug] 加载 "app\vendor\database\Sql"
[2021-03-05 17:03:32][debug] 加载 "app\extend\net_ankio_tasker\core\Db"
[2021-03-05 17:03:32][debug] 加载 "app\vendor\database\sql\sqlExec"
[2021-03-05 17:03:32][debug] 加载 "app\vendor\database\sql\sqlBase"
[2021-03-05 17:03:32][debug] 加载 "app\vendor\database\sql\Select"
[2021-03-05 17:03:32][debug] 加载 "app\extend\net_ankio_tasker\core\Async"
[2021-03-05 17:03:32][debug] 加载 "app\vendor\database\sql\Insert"
[2021-03-05 17:03:32][debug] 加载 "app\vendor\web\Route"
[2021-03-05 17:03:32][debug] 加载 "app\vendor\release\Release"
[2021-03-05 17:03:32][debug] 加载 "app\vendor\release\File"
[2021-03-05 17:03:32][debug] 加载 "app\vendor\release\Zip"
[2021-03-05 17:03:32][debug] 加载 "app\vendor\debug\StringUtil"
[2021-03-05 17:03:42][debug] 加载 "app\vendor\debug\Error"
[2021-03-05 17:03:42][debug] 加载 "app\vendor\event\EventManager"
[2021-03-05 17:03:42][debug] 加载 "app\vendor\core\Clean"
[2021-03-05 17:03:42][debug] 加载 "app\vendor\event\EventListener"
[2021-03-05 17:03:42][debug] 加载 "app\extend\net_ankio_cc_defense\Main"
[2021-03-05 17:03:42][debug] 加载 "app\extend\net_ankio_cc_defense\core\Ddos"
[2021-03-05 17:03:42][debug] 加载 "app\vendor\web\Session"
[2021-03-05 17:03:42][debug] 加载 "app\vendor\web\Response"
[2021-03-05 17:03:42][debug] 加载 "app\vendor\web\Request"
[2021-03-05 17:03:42][debug] 加载 "app\extend\net_ankio_tasker\Main"
[2021-03-05 17:03:42][debug] 加载 "app\extend\net_ankio_tasker\core\Server"
[2021-03-05 17:03:42][debug] 加载 "app\vendor\database\Sql"
[2021-03-05 17:03:42][debug] 加载 "app\extend\net_ankio_tasker\core\Db"
[2021-03-05 17:03:42][debug] 加载 "app\vendor\database\sql\sqlExec"
[2021-03-05 17:03:42][debug] 加载 "app\vendor\database\sql\sqlBase"
[2021-03-05 17:03:42][debug] 加载 "app\vendor\database\sql\Select"
[2021-03-05 17:03:42][debug] 加载 "app\extend\net_ankio_tasker\core\Async"
[2021-03-05 17:03:42][debug] 加载 "app\vendor\database\sql\Insert"
[2021-03-05 17:03:42][debug] 加载 "app\vendor\web\Route"
[2021-03-05 17:03:42][debug] 加载 "app\vendor\release\Release"
[2021-03-05 17:03:42][debug] 加载 "app\vendor\release\File"
[2021-03-05 17:03:42][debug] 加载 "app\vendor\release\Zip"
[2021-03-05 17:03:43][debug] 加载 "app\vendor\debug\StringUtil"
[2021-03-05 17:08:58][debug] 加载 "app\vendor\debug\Error"
[2021-03-05 17:08:58][debug] 加载 "app\vendor\event\EventManager"
[2021-03-05 17:08:58][debug] 加载 "app\vendor\core\Clean"
[2021-03-05 17:08:58][debug] 加载 "app\vendor\event\EventListener"
[2021-03-05 17:08:58][debug] 加载 "app\extend\net_ankio_cc_defense\Main"
[2021-03-05 17:08:58][debug] 加载 "app\extend\net_ankio_cc_defense\core\Ddos"
[2021-03-05 17:08:58][debug] 加载 "app\vendor\web\Session"
[2021-03-05 17:08:58][debug] 加载 "app\vendor\web\Response"
[2021-03-05 17:08:58][debug] 加载 "app\vendor\web\Request"
[2021-03-05 17:08:58][debug] 加载 "app\extend\net_ankio_tasker\Main"
[2021-03-05 17:08:58][debug] 加载 "app\extend\net_ankio_tasker\core\Server"
[2021-03-05 17:08:58][debug] 加载 "app\vendor\database\Sql"
[2021-03-05 17:08:58][debug] 加载 "app\extend\net_ankio_tasker\core\Db"
[2021-03-05 17:08:58][debug] 加载 "app\vendor\database\sql\sqlExec"
[2021-03-05 17:08:58][debug] 加载 "app\vendor\database\sql\sqlBase"
[2021-03-05 17:08:58][debug] 加载 "app\vendor\database\sql\Select"
[2021-03-05 17:08:58][debug] 加载 "app\extend\net_ankio_tasker\core\Async"
[2021-03-05 17:08:58][debug] 加载 "app\vendor\database\sql\Insert"
[2021-03-05 17:08:58][debug] 加载 "app\vendor\web\Route"
[2021-03-05 17:08:58][debug] 加载 "app\vendor\release\Release"
[2021-03-05 17:08:58][debug] 加载 "app\vendor\release\File"
[2021-03-05 17:08:58][debug] 加载 "app\vendor\release\Zip"
[2021-03-05 17:08:58][debug] 加载 "app\vendor\debug\StringUtil"
[2021-03-05 17:10:13][debug] 加载 "app\vendor\debug\Error"
[2021-03-05 17:10:13][debug] 加载 "app\vendor\event\EventManager"
[2021-03-05 17:10:13][debug] 加载 "app\vendor\core\Clean"
[2021-03-05 17:10:13][debug] 加载 "app\vendor\event\EventListener"
[2021-03-05 17:10:13][debug] 加载 "app\extend\net_ankio_cc_defense\Main"
[2021-03-05 17:10:13][debug] 加载 "app\extend\net_ankio_cc_defense\core\Ddos"
[2021-03-05 17:10:13][debug] 加载 "app\vendor\web\Session"
[2021-03-05 17:10:13][debug] 加载 "app\vendor\web\Response"
[2021-03-05 17:10:13][debug] 加载 "app\vendor\web\Request"
[2021-03-05 17:10:13][debug] 加载 "app\extend\net_ankio_tasker\Main"
[2021-03-05 17:10:13][debug] 加载 "app\extend\net_ankio_tasker\core\Server"
[2021-03-05 17:10:13][debug] 加载 "app\vendor\database\Sql"
[2021-03-05 17:10:13][debug] 加载 "app\extend\net_ankio_tasker\core\Db"
[2021-03-05 17:10:13][debug] 加载 "app\vendor\database\sql\sqlExec"
[2021-03-05 17:10:13][debug] 加载 "app\vendor\database\sql\sqlBase"
[2021-03-05 17:10:13][debug] 加载 "app\vendor\database\sql\Select"
[2021-03-05 17:10:13][debug] 加载 "app\extend\net_ankio_tasker\core\Async"
[2021-03-05 17:10:13][debug] 加载 "app\vendor\database\sql\Insert"
[2021-03-05 17:10:13][debug] 加载 "app\vendor\web\Route"
[2021-03-05 17:10:13][debug] 加载 "app\vendor\release\Release"
[2021-03-05 17:10:13][debug] 加载 "app\vendor\release\File"
[2021-03-05 17:10:13][debug] 加载 "app\vendor\release\Zip"
[2021-03-05 17:10:13][debug] 加载 "app\vendor\debug\StringUtil"
[2021-03-05 17:12:41][debug] 加载 "app\vendor\debug\Error"
[2021-03-05 17:12:41][debug] 加载 "app\vendor\event\EventManager"
[2021-03-05 17:12:41][debug] 加载 "app\vendor\core\Clean"
[2021-03-05 17:12:41][debug] 加载 "app\vendor\event\EventListener"
[2021-03-05 17:12:41][debug] 加载 "app\extend\net_ankio_cc_defense\Main"
[2021-03-05 17:12:41][debug] 加载 "app\extend\net_ankio_cc_defense\core\Ddos"
[2021-03-05 17:12:41][debug] 加载 "app\vendor\web\Session"
[2021-03-05 17:12:41][debug] 加载 "app\vendor\web\Response"
[2021-03-05 17:12:41][debug] 加载 "app\vendor\web\Request"
[2021-03-05 17:12:41][debug] 加载 "app\extend\net_ankio_tasker\Main"
[2021-03-05 17:12:41][debug] 加载 "app\extend\net_ankio_tasker\core\Server"
[2021-03-05 17:12:41][debug] 加载 "app\vendor\database\Sql"
[2021-03-05 17:12:41][debug] 加载 "app\extend\net_ankio_tasker\core\Db"
[2021-03-05 17:12:41][debug] 加载 "app\vendor\database\sql\sqlExec"
[2021-03-05 17:12:41][debug] 加载 "app\vendor\database\sql\sqlBase"
[2021-03-05 17:12:41][debug] 加载 "app\vendor\database\sql\Select"
[2021-03-05 17:12:41][debug] 加载 "app\extend\net_ankio_tasker\core\Async"
[2021-03-05 17:12:41][debug] 加载 "app\vendor\database\sql\Insert"
[2021-03-05 17:12:41][debug] 加载 "app\vendor\web\Route"
[2021-03-05 17:12:41][debug] 加载 "app\vendor\release\Release"
[2021-03-05 17:12:41][debug] 加载 "app\vendor\release\File"
[2021-03-05 17:12:42][debug] 加载 "app\vendor\release\Zip"
[2021-03-05 17:12:42][debug] 加载 "app\vendor\debug\StringUtil"
[2021-03-05 17:13:53][debug] 加载 "app\vendor\debug\Error"
[2021-03-05 17:13:53][debug] 加载 "app\vendor\event\EventManager"
[2021-03-05 17:13:53][debug] 加载 "app\vendor\core\Clean"
[2021-03-05 17:13:53][debug] 加载 "app\vendor\event\EventListener"
[2021-03-05 17:13:53][debug] 加载 "app\extend\net_ankio_cc_defense\Main"
[2021-03-05 17:13:53][debug] 加载 "app\extend\net_ankio_cc_defense\core\Ddos"
[2021-03-05 17:13:53][debug] 加载 "app\vendor\web\Session"
[2021-03-05 17:13:53][debug] 加载 "app\vendor\web\Response"
[2021-03-05 17:13:53][debug] 加载 "app\vendor\web\Request"
[2021-03-05 17:13:53][debug] 加载 "app\extend\net_ankio_tasker\Main"
[2021-03-05 17:13:53][debug] 加载 "app\extend\net_ankio_tasker\core\Server"
[2021-03-05 17:13:53][debug] 加载 "app\vendor\database\Sql"
[2021-03-05 17:13:53][debug] 加载 "app\extend\net_ankio_tasker\core\Db"
[2021-03-05 17:13:53][debug] 加载 "app\vendor\database\sql\sqlExec"
[2021-03-05 17:13:53][debug] 加载 "app\vendor\database\sql\sqlBase"
[2021-03-05 17:13:53][debug] 加载 "app\vendor\database\sql\Select"
[2021-03-05 17:13:53][debug] 加载 "app\extend\net_ankio_tasker\core\Async"
[2021-03-05 17:13:53][debug] 加载 "app\vendor\database\sql\Insert"
[2021-03-05 17:13:53][debug] 加载 "app\vendor\web\Route"
[2021-03-05 17:13:53][debug] 加载 "app\vendor\release\Release"
[2021-03-05 17:13:53][debug] 加载 "app\vendor\release\File"
[2021-03-05 17:13:53][debug] 加载 "app\vendor\release\Zip"
[2021-03-05 17:13:53][debug] 加载 "app\vendor\debug\StringUtil"
[2021-03-05 17:14:33][debug] 加载 "app\vendor\debug\Error"
[2021-03-05 17:14:33][debug] 加载 "app\vendor\event\EventManager"
[2021-03-05 17:14:33][debug] 加载 "app\vendor\core\Clean"
[2021-03-05 17:14:33][debug] 加载 "app\vendor\event\EventListener"
[2021-03-05 17:14:33][debug] 加载 "app\extend\net_ankio_cc_defense\Main"
[2021-03-05 17:14:33][debug] 加载 "app\extend\net_ankio_cc_defense\core\Ddos"
[2021-03-05 17:14:33][debug] 加载 "app\vendor\web\Session"
[2021-03-05 17:14:33][debug] 加载 "app\vendor\web\Response"
[2021-03-05 17:14:33][debug] 加载 "app\vendor\web\Request"
[2021-03-05 17:14:33][debug] 加载 "app\extend\net_ankio_tasker\Main"
[2021-03-05 17:14:33][debug] 加载 "app\extend\net_ankio_tasker\core\Server"
[2021-03-05 17:14:33][debug] 加载 "app\vendor\database\Sql"
[2021-03-05 17:14:33][debug] 加载 "app\extend\net_ankio_tasker\core\Db"
[2021-03-05 17:14:33][debug] 加载 "app\vendor\database\sql\sqlExec"
[2021-03-05 17:14:33][debug] 加载 "app\vendor\database\sql\sqlBase"
[2021-03-05 17:14:33][debug] 加载 "app\vendor\database\sql\Select"
[2021-03-05 17:14:33][debug] 加载 "app\extend\net_ankio_tasker\core\Async"
[2021-03-05 17:14:33][debug] 加载 "app\vendor\database\sql\Insert"
[2021-03-05 17:14:33][debug] 加载 "app\vendor\web\Route"
[2021-03-05 17:14:33][debug] 加载 "app\vendor\release\Release"
[2021-03-05 17:14:33][debug] 加载 "app\vendor\release\File"
[2021-03-05 17:14:33][debug] 加载 "app\vendor\release\Zip"
[2021-03-05 17:14:33][debug] 加载 "app\vendor\debug\StringUtil"
[2021-03-05 17:16:50][debug] 加载 "app\vendor\debug\Error"
[2021-03-05 17:16:50][debug] 加载 "app\vendor\event\EventManager"
[2021-03-05 17:16:50][debug] 加载 "app\vendor\core\Clean"
[2021-03-05 17:16:50][debug] 加载 "app\vendor\event\EventListener"
[2021-03-05 17:16:50][debug] 加载 "app\extend\net_ankio_cc_defense\Main"
[2021-03-05 17:16:50][debug] 加载 "app\extend\net_ankio_cc_defense\core\Ddos"
[2021-03-05 17:16:50][debug] 加载 "app\vendor\web\Session"
[2021-03-05 17:16:50][debug] 加载 "app\vendor\web\Response"
[2021-03-05 17:16:50][debug] 加载 "app\vendor\web\Request"
[2021-03-05 17:16:50][debug] 加载 "app\extend\net_ankio_tasker\Main"
[2021-03-05 17:16:50][debug] 加载 "app\extend\net_ankio_tasker\core\Server"
[2021-03-05 17:16:50][debug] 加载 "app\vendor\database\Sql"
[2021-03-05 17:16:50][debug] 加载 "app\extend\net_ankio_tasker\core\Db"
[2021-03-05 17:16:50][debug] 加载 "app\vendor\database\sql\sqlExec"
[2021-03-05 17:16:50][debug] 加载 "app\vendor\database\sql\sqlBase"
[2021-03-05 17:16:50][debug] 加载 "app\vendor\database\sql\Select"
[2021-03-05 17:16:50][debug] 加载 "app\extend\net_ankio_tasker\core\Async"
[2021-03-05 17:16:50][debug] 加载 "app\vendor\database\sql\Insert"
[2021-03-05 17:16:50][debug] 加载 "app\vendor\web\Route"
[2021-03-05 17:16:50][debug] 加载 "app\vendor\release\Release"
[2021-03-05 17:16:50][debug] 加载 "app\vendor\release\File"
[2021-03-05 17:16:50][debug] 加载 "app\vendor\release\Zip"
[2021-03-05 17:16:50][debug] 加载 "app\vendor\debug\StringUtil"
[2021-03-05 17:18:07][debug] 加载 "app\vendor\debug\Error"
[2021-03-05 17:18:07][debug] 加载 "app\vendor\event\EventManager"
[2021-03-05 17:18:07][debug] 加载 "app\vendor\core\Clean"
[2021-03-05 17:18:07][debug] 加载 "app\vendor\event\EventListener"
[2021-03-05 17:18:07][debug] 加载 "app\extend\net_ankio_cc_defense\Main"
[2021-03-05 17:18:07][debug] 加载 "app\extend\net_ankio_cc_defense\core\Ddos"
[2021-03-05 17:18:07][debug] 加载 "app\vendor\web\Session"
[2021-03-05 17:18:07][debug] 加载 "app\vendor\web\Response"
[2021-03-05 17:18:07][debug] 加载 "app\vendor\web\Request"
[2021-03-05 17:18:07][debug] 加载 "app\extend\net_ankio_tasker\Main"
[2021-03-05 17:18:07][debug] 加载 "app\extend\net_ankio_tasker\core\Server"
[2021-03-05 17:18:07][debug] 加载 "app\vendor\database\Sql"
[2021-03-05 17:18:07][debug] 加载 "app\extend\net_ankio_tasker\core\Db"
[2021-03-05 17:18:07][debug] 加载 "app\vendor\database\sql\sqlExec"
[2021-03-05 17:18:07][debug] 加载 "app\vendor\database\sql\sqlBase"
[2021-03-05 17:18:07][debug] 加载 "app\vendor\database\sql\Select"
[2021-03-05 17:18:07][debug] 加载 "app\extend\net_ankio_tasker\core\Async"
[2021-03-05 17:18:07][debug] 加载 "app\vendor\database\sql\Insert"
[2021-03-05 17:18:07][debug] 加载 "app\vendor\web\Route"
[2021-03-05 17:18:07][debug] 加载 "app\vendor\release\Release"
[2021-03-05 17:18:07][debug] 加载 "app\vendor\release\File"
[2021-03-05 17:18:08][debug] 加载 "app\vendor\release\Zip"
[2021-03-05 17:18:08][debug] 加载 "app\vendor\debug\StringUtil"
[2021-03-05 17:18:40][debug] 加载 "app\vendor\debug\Error"
[2021-03-05 17:18:40][debug] 加载 "app\vendor\event\EventManager"
[2021-03-05 17:18:40][debug] 加载 "app\vendor\core\Clean"
[2021-03-05 17:18:40][debug] 加载 "app\vendor\event\EventListener"
[2021-03-05 17:18:40][debug] 加载 "app\extend\net_ankio_cc_defense\Main"
[2021-03-05 17:18:40][debug] 加载 "app\extend\net_ankio_cc_defense\core\Ddos"
[2021-03-05 17:18:40][debug] 加载 "app\vendor\web\Session"
[2021-03-05 17:18:40][debug] 加载 "app\vendor\web\Response"
[2021-03-05 17:18:40][debug] 加载 "app\vendor\web\Request"
[2021-03-05 17:18:40][debug] 加载 "app\extend\net_ankio_tasker\Main"
[2021-03-05 17:18:40][debug] 加载 "app\extend\net_ankio_tasker\core\Server"
[2021-03-05 17:18:40][debug] 加载 "app\vendor\database\Sql"
[2021-03-05 17:18:40][debug] 加载 "app\extend\net_ankio_tasker\core\Db"
[2021-03-05 17:18:40][debug] 加载 "app\vendor\database\sql\sqlExec"
[2021-03-05 17:18:40][debug] 加载 "app\vendor\database\sql\sqlBase"
[2021-03-05 17:18:40][debug] 加载 "app\vendor\database\sql\Select"
[2021-03-05 17:18:40][debug] 加载 "app\extend\net_ankio_tasker\core\Async"
[2021-03-05 17:18:40][debug] 加载 "app\vendor\database\sql\Insert"
[2021-03-05 17:18:40][debug] 加载 "app\vendor\web\Route"
[2021-03-05 17:18:40][debug] 加载 "app\vendor\release\Release"
[2021-03-05 17:18:40][debug] 加载 "app\vendor\release\File"
[2021-03-05 17:18:40][debug] 加载 "app\vendor\release\Zip"
[2021-03-05 17:18:40][debug] 加载 "app\vendor\debug\StringUtil"
[2021-03-05 17:19:12][debug] 加载 "app\vendor\debug\Error"
[2021-03-05 17:19:12][debug] 加载 "app\vendor\event\EventManager"
[2021-03-05 17:19:12][debug] 加载 "app\vendor\core\Clean"
[2021-03-05 17:19:12][debug] 加载 "app\vendor\event\EventListener"
[2021-03-05 17:19:12][debug] 加载 "app\extend\net_ankio_cc_defense\Main"
[2021-03-05 17:19:12][debug] 加载 "app\extend\net_ankio_cc_defense\core\Ddos"
[2021-03-05 17:19:12][debug] 加载 "app\vendor\web\Session"
[2021-03-05 17:19:12][debug] 加载 "app\vendor\web\Response"
[2021-03-05 17:19:12][debug] 加载 "app\vendor\web\Request"
[2021-03-05 17:19:12][debug] 加载 "app\extend\net_ankio_tasker\Main"
[2021-03-05 17:19:12][debug] 加载 "app\extend\net_ankio_tasker\core\Server"
[2021-03-05 17:19:12][debug] 加载 "app\vendor\database\Sql"
[2021-03-05 17:19:12][debug] 加载 "app\extend\net_ankio_tasker\core\Db"
[2021-03-05 17:19:12][debug] 加载 "app\vendor\database\sql\sqlExec"
[2021-03-05 17:19:12][debug] 加载 "app\vendor\database\sql\sqlBase"
[2021-03-05 17:19:12][debug] 加载 "app\vendor\database\sql\Select"
[2021-03-05 17:19:12][debug] 加载 "app\extend\net_ankio_tasker\core\Async"
[2021-03-05 17:19:12][debug] 加载 "app\vendor\database\sql\Insert"
[2021-03-05 17:19:12][debug] 加载 "app\vendor\web\Route"
[2021-03-05 17:19:12][debug] 加载 "app\vendor\release\Release"
[2021-03-05 17:19:12][debug] 加载 "app\vendor\release\File"
[2021-03-05 17:19:12][debug] 加载 "app\vendor\release\Zip"
[2021-03-05 17:19:12][debug] 加载 "app\vendor\debug\StringUtil"
[2021-03-05 18:42:04][debug] 加载 "app\vendor\debug\Error"
[2021-03-05 18:42:04][debug] 加载 "app\vendor\event\EventManager"
[2021-03-05 18:42:04][debug] 加载 "app\vendor\core\Clean"
[2021-03-05 18:42:04][debug] 加载 "app\vendor\event\EventListener"
[2021-03-05 18:42:04][debug] 加载 "app\extend\net_ankio_cc_defense\Main"
[2021-03-05 18:42:04][debug] 加载 "app\extend\net_ankio_cc_defense\core\Ddos"
[2021-03-05 18:42:04][debug] 加载 "app\vendor\web\Session"
[2021-03-05 18:42:04][debug] 加载 "app\vendor\web\Response"
[2021-03-05 18:42:04][debug] 加载 "app\vendor\web\Request"
[2021-03-05 18:42:04][debug] 加载 "app\extend\net_ankio_tasker\Main"
[2021-03-05 18:42:04][debug] 加载 "app\extend\net_ankio_tasker\core\Server"
[2021-03-05 18:42:04][debug] 加载 "app\vendor\database\Sql"
[2021-03-05 18:42:04][debug] 加载 "app\extend\net_ankio_tasker\core\Db"
[2021-03-05 18:42:04][debug] 加载 "app\vendor\database\sql\sqlExec"
[2021-03-05 18:42:04][debug] 加载 "app\vendor\database\sql\sqlBase"
[2021-03-05 18:42:04][debug] 加载 "app\vendor\database\sql\Select"
[2021-03-05 18:42:04][debug] 加载 "app\extend\net_ankio_tasker\core\Async"
[2021-03-05 18:42:04][debug] 加载 "app\vendor\database\sql\Insert"
[2021-03-05 18:42:04][debug] 加载 "app\vendor\web\Route"
[2021-03-05 18:42:04][debug] 加载 "app\vendor\release\Release"
[2021-03-05 18:42:04][debug] 加载 "app\vendor\release\FileCheck"
[2021-03-05 18:42:04][debug] 加载 "app\vendor\debug\StringUtil"
[2021-03-05 18:42:13][debug] 加载 "app\vendor\release\File"
[2021-03-05 18:42:25][debug] 加载 "app\vendor\release\Zip"
[2021-03-05 18:44:23][debug] 加载 "app\vendor\debug\Error"
[2021-03-05 18:44:23][debug] 加载 "app\vendor\event\EventManager"
[2021-03-05 18:44:23][debug] 加载 "app\vendor\core\Clean"
[2021-03-05 18:44:23][debug] 加载 "app\vendor\event\EventListener"
[2021-03-05 18:44:23][debug] 加载 "app\extend\net_ankio_cc_defense\Main"
[2021-03-05 18:44:23][debug] 加载 "app\extend\net_ankio_cc_defense\core\Ddos"
[2021-03-05 18:44:23][debug] 加载 "app\vendor\web\Session"
[2021-03-05 18:44:23][debug] 加载 "app\vendor\web\Response"
[2021-03-05 18:44:23][debug] 加载 "app\vendor\web\Request"
[2021-03-05 18:44:23][debug] 加载 "app\extend\net_ankio_tasker\Main"
[2021-03-05 18:44:23][debug] 加载 "app\extend\net_ankio_tasker\core\Server"
[2021-03-05 18:44:23][debug] 加载 "app\vendor\database\Sql"
[2021-03-05 18:44:23][debug] 加载 "app\extend\net_ankio_tasker\core\Db"
[2021-03-05 18:44:23][debug] 加载 "app\vendor\database\sql\sqlExec"
[2021-03-05 18:44:23][debug] 加载 "app\vendor\database\sql\sqlBase"
[2021-03-05 18:44:23][debug] 加载 "app\vendor\database\sql\Select"
[2021-03-05 18:44:23][debug] 加载 "app\extend\net_ankio_tasker\core\Async"
[2021-03-05 18:44:23][debug] 加载 "app\vendor\database\sql\Insert"
[2021-03-05 18:44:23][debug] 加载 "app\vendor\web\Route"
[2021-03-05 18:44:23][debug] 加载 "app\vendor\release\Release"
[2021-03-05 18:44:23][debug] 加载 "app\vendor\release\FileCheck"
[2021-03-05 18:44:23][debug] 加载 "app\vendor\debug\StringUtil"
[2021-03-05 18:44:26][debug] 加载 "app\vendor\release\File"
[2021-03-05 18:44:31][debug] 加载 "app\vendor\release\Zip"
[2021-03-05 18:53:37][debug] 加载 "app\vendor\debug\Error"
[2021-03-05 18:53:37][debug] 加载 "app\vendor\event\EventManager"
[2021-03-05 18:53:37][debug] 加载 "app\vendor\core\Clean"
[2021-03-05 18:53:37][debug] 加载 "app\vendor\event\EventListener"
[2021-03-05 18:53:37][debug] 加载 "app\extend\net_ankio_cc_defense\Main"
[2021-03-05 18:53:37][debug] 加载 "app\extend\net_ankio_cc_defense\core\Ddos"
[2021-03-05 18:53:37][debug] 加载 "app\vendor\web\Session"
[2021-03-05 18:53:37][debug] 加载 "app\vendor\web\Response"
[2021-03-05 18:53:37][debug] 加载 "app\vendor\web\Request"
[2021-03-05 18:53:37][debug] 加载 "app\extend\net_ankio_tasker\Main"
[2021-03-05 18:53:37][debug] 加载 "app\extend\net_ankio_tasker\core\Server"
[2021-03-05 18:53:37][debug] 加载 "app\vendor\database\Sql"
[2021-03-05 18:53:37][debug] 加载 "app\extend\net_ankio_tasker\core\Db"
[2021-03-05 18:53:37][debug] 加载 "app\vendor\database\sql\sqlExec"
[2021-03-05 18:53:37][debug] 加载 "app\vendor\database\sql\sqlBase"
[2021-03-05 18:53:37][debug] 加载 "app\vendor\database\sql\Select"
[2021-03-05 18:53:37][debug] 加载 "app\extend\net_ankio_tasker\core\Async"
[2021-03-05 18:53:37][debug] 加载 "app\vendor\database\sql\Insert"
[2021-03-05 18:53:37][debug] 加载 "app\vendor\web\Route"
[2021-03-05 18:53:37][debug] 加载 "app\vendor\release\Release"
[2021-03-05 18:53:37][debug] 加载 "app\vendor\release\FileCheck"
[2021-03-05 18:53:37][debug] 加载 "app\vendor\debug\StringUtil"
[2021-03-05 18:53:40][debug] 加载 "app\vendor\release\File"
[2021-03-05 18:53:46][debug] 加载 "app\vendor\debug\Error"
[2021-03-05 18:53:46][debug] 加载 "app\vendor\event\EventManager"
[2021-03-05 18:53:46][debug] 加载 "app\vendor\core\Clean"
[2021-03-05 18:53:46][debug] 加载 "app\vendor\event\EventListener"
[2021-03-05 18:53:46][debug] 加载 "app\extend\net_ankio_cc_defense\Main"
[2021-03-05 18:53:46][debug] 加载 "app\extend\net_ankio_cc_defense\core\Ddos"
[2021-03-05 18:53:46][debug] 加载 "app\vendor\web\Session"
[2021-03-05 18:53:46][debug] 加载 "app\vendor\web\Response"
[2021-03-05 18:53:46][debug] 加载 "app\vendor\web\Request"
[2021-03-05 18:53:46][debug] 加载 "app\extend\net_ankio_tasker\Main"
[2021-03-05 18:53:46][debug] 加载 "app\extend\net_ankio_tasker\core\Server"
[2021-03-05 18:53:46][debug] 加载 "app\vendor\database\Sql"
[2021-03-05 18:53:46][debug] 加载 "app\extend\net_ankio_tasker\core\Db"
[2021-03-05 18:53:46][debug] 加载 "app\vendor\database\sql\sqlExec"
[2021-03-05 18:53:46][debug] 加载 "app\vendor\database\sql\sqlBase"
[2021-03-05 18:53:46][debug] 加载 "app\vendor\database\sql\Select"
[2021-03-05 18:53:46][debug] 加载 "app\extend\net_ankio_tasker\core\Async"
[2021-03-05 18:53:46][debug] 加载 "app\vendor\database\sql\Insert"
[2021-03-05 18:53:46][debug] 加载 "app\vendor\web\Route"
[2021-03-05 18:53:46][debug] 加载 "app\vendor\release\Release"
[2021-03-05 18:53:46][debug] 加载 "app\vendor\release\FileCheck"
[2021-03-05 18:53:46][debug] 加载 "app\vendor\debug\StringUtil"
[2021-03-05 18:53:51][debug] 加载 "app\vendor\debug\Error"
[2021-03-05 18:53:51][debug] 加载 "app\vendor\event\EventManager"
[2021-03-05 18:53:51][debug] 加载 "app\vendor\core\Clean"
[2021-03-05 18:53:51][debug] 加载 "app\vendor\event\EventListener"
[2021-03-05 18:53:51][debug] 加载 "app\extend\net_ankio_cc_defense\Main"
[2021-03-05 18:53:51][debug] 加载 "app\extend\net_ankio_cc_defense\core\Ddos"
[2021-03-05 18:53:51][debug] 加载 "app\vendor\web\Session"
[2021-03-05 18:53:51][debug] 加载 "app\vendor\web\Response"
[2021-03-05 18:53:51][debug] 加载 "app\vendor\web\Request"
[2021-03-05 18:53:51][debug] 加载 "app\extend\net_ankio_tasker\Main"
[2021-03-05 18:53:51][debug] 加载 "app\extend\net_ankio_tasker\core\Server"
[2021-03-05 18:53:51][debug] 加载 "app\vendor\database\Sql"
[2021-03-05 18:53:51][debug] 加载 "app\extend\net_ankio_tasker\core\Db"
[2021-03-05 18:53:51][debug] 加载 "app\vendor\database\sql\sqlExec"
[2021-03-05 18:53:51][debug] 加载 "app\vendor\database\sql\sqlBase"
[2021-03-05 18:53:51][debug] 加载 "app\vendor\database\sql\Select"
[2021-03-05 18:53:51][debug] 加载 "app\extend\net_ankio_tasker\core\Async"
[2021-03-05 18:53:51][debug] 加载 "app\vendor\database\sql\Insert"
[2021-03-05 18:53:51][debug] 加载 "app\vendor\web\Route"
[2021-03-05 18:53:51][debug] 加载 "app\vendor\release\Release"
[2021-03-05 18:53:51][debug] 加载 "app\vendor\release\FileCheck"
[2021-03-05 18:53:51][debug] 加载 "app\vendor\debug\StringUtil"
[2021-03-05 18:53:54][debug] 加载 "app\vendor\release\File"
[2021-03-05 18:54:01][debug] 加载 "app\vendor\release\Zip"
[2021-03-05 19:05:11][debug] 加载 "app\vendor\debug\Error"
[2021-03-05 19:05:11][debug] 加载 "app\vendor\event\EventManager"
[2021-03-05 19:05:11][debug] 加载 "app\vendor\core\Clean"
[2021-03-05 19:05:11][debug] 加载 "app\vendor\event\EventListener"
[2021-03-05 19:05:11][debug] 加载 "app\extend\net_ankio_cc_defense\Main"
[2021-03-05 19:05:11][debug] 加载 "app\extend\net_ankio_cc_defense\core\Ddos"
[2021-03-05 19:05:11][debug] 加载 "app\vendor\web\Session"
[2021-03-05 19:05:11][debug] 加载 "app\vendor\web\Response"
[2021-03-05 19:05:11][debug] 加载 "app\vendor\web\Request"
[2021-03-05 19:05:11][debug] 加载 "app\extend\net_ankio_tasker\Main"
[2021-03-05 19:05:11][debug] 加载 "app\extend\net_ankio_tasker\core\Server"
[2021-03-05 19:05:11][debug] 加载 "app\vendor\database\Sql"
[2021-03-05 19:05:11][debug] 加载 "app\extend\net_ankio_tasker\core\Db"
[2021-03-05 19:05:11][debug] 加载 "app\vendor\database\sql\sqlExec"
[2021-03-05 19:05:11][debug] 加载 "app\vendor\database\sql\sqlBase"
[2021-03-05 19:05:11][debug] 加载 "app\vendor\database\sql\Select"
[2021-03-05 19:05:11][debug] 加载 "app\extend\net_ankio_tasker\core\Async"
[2021-03-05 19:05:11][debug] 加载 "app\vendor\database\sql\Insert"
[2021-03-05 19:05:11][debug] 加载 "app\vendor\web\Route"
[2021-03-05 19:05:11][debug] 加载 "app\vendor\release\Release"
[2021-03-05 19:05:11][debug] 加载 "app\vendor\release\FileCheck"
[2021-03-05 19:05:11][debug] 加载 "app\vendor\debug\StringUtil"
[2021-03-05 19:05:14][debug] 加载 "app\vendor\release\File"
[2021-03-05 19:05:20][debug] 加载 "app\vendor\release\Zip"
[2021-03-05 19:36:25][debug] 加载 "app\vendor\debug\Error"
[2021-03-05 19:36:25][debug] 加载 "app\vendor\event\EventManager"
[2021-03-05 19:36:25][debug] 加载 "app\vendor\core\Clean"
[2021-03-05 19:36:25][debug] 加载 "app\vendor\event\EventListener"
[2021-03-05 19:36:25][debug] 加载 "app\extend\net_ankio_cc_defense\Main"
[2021-03-05 19:36:25][debug] 加载 "app\extend\net_ankio_cc_defense\core\Ddos"
[2021-03-05 19:36:25][debug] 加载 "app\vendor\web\Session"
[2021-03-05 19:36:25][debug] 加载 "app\vendor\web\Response"
[2021-03-05 19:36:25][debug] 加载 "app\vendor\web\Request"
[2021-03-05 19:36:25][debug] 加载 "app\extend\net_ankio_tasker\Main"
[2021-03-05 19:36:25][debug] 加载 "app\extend\net_ankio_tasker\core\Server"
[2021-03-05 19:36:25][debug] 加载 "app\vendor\database\Sql"
[2021-03-05 19:36:25][debug] 加载 "app\extend\net_ankio_tasker\core\Db"
[2021-03-05 19:36:25][debug] 加载 "app\vendor\database\sql\sqlExec"
[2021-03-05 19:36:25][debug] 加载 "app\vendor\database\sql\sqlBase"
[2021-03-05 19:36:25][debug] 加载 "app\vendor\database\sql\Select"
[2021-03-05 19:36:25][debug] 加载 "app\extend\net_ankio_tasker\core\Async"
[2021-03-05 19:36:25][debug] 加载 "app\vendor\database\sql\Insert"
[2021-03-05 19:36:25][debug] 加载 "app\vendor\web\Route"
[2021-03-05 19:36:25][debug] 加载 "app\vendor\release\Release"
[2021-03-05 19:36:25][debug] 加载 "app\vendor\release\FileCheck"
[2021-03-05 19:36:25][debug] 加载 "app\vendor\debug\StringUtil"
[2021-03-05 19:36:28][debug] 加载 "app\vendor\release\File"
[2021-03-05 19:36:35][debug] 加载 "app\vendor\debug\Error"
[2021-03-05 19:36:35][debug] 加载 "app\vendor\event\EventManager"
[2021-03-05 19:36:35][debug] 加载 "app\vendor\core\Clean"
[2021-03-05 19:36:35][debug] 加载 "app\vendor\event\EventListener"
[2021-03-05 19:36:35][debug] 加载 "app\extend\net_ankio_cc_defense\Main"
[2021-03-05 19:36:35][debug] 加载 "app\extend\net_ankio_cc_defense\core\Ddos"
[2021-03-05 19:36:35][debug] 加载 "app\vendor\web\Session"
[2021-03-05 19:36:35][debug] 加载 "app\vendor\web\Response"
[2021-03-05 19:36:35][debug] 加载 "app\vendor\web\Request"
[2021-03-05 19:36:35][debug] 加载 "app\extend\net_ankio_tasker\Main"
[2021-03-05 19:36:35][debug] 加载 "app\extend\net_ankio_tasker\core\Server"
[2021-03-05 19:36:35][debug] 加载 "app\vendor\database\Sql"
[2021-03-05 19:36:35][debug] 加载 "app\extend\net_ankio_tasker\core\Db"
[2021-03-05 19:36:35][debug] 加载 "app\vendor\database\sql\sqlExec"
[2021-03-05 19:36:35][debug] 加载 "app\vendor\database\sql\sqlBase"
[2021-03-05 19:36:35][debug] 加载 "app\vendor\database\sql\Select"
[2021-03-05 19:36:35][debug] 加载 "app\extend\net_ankio_tasker\core\Async"
[2021-03-05 19:36:35][debug] 加载 "app\vendor\database\sql\Insert"
[2021-03-05 19:36:35][debug] 加载 "app\vendor\web\Route"
[2021-03-05 19:36:35][debug] 加载 "app\vendor\release\Release"
[2021-03-05 19:36:35][debug] 加载 "app\vendor\release\FileCheck"
[2021-03-05 19:36:35][debug] 加载 "app\vendor\debug\StringUtil"
[2021-03-05 19:36:38][debug] 加载 "app\vendor\release\File"
[2021-03-05 19:36:48][debug] 加载 "app\vendor\release\Zip"
[2021-03-05 20:43:40][debug] 加载 "app\vendor\debug\Error"
[2021-03-05 20:43:40][debug] 加载 "app\vendor\event\EventManager"
[2021-03-05 20:43:40][debug] 加载 "app\vendor\core\Clean"
[2021-03-05 20:43:40][debug] 加载 "app\vendor\event\EventListener"
[2021-03-05 20:43:40][debug] 加载 "app\extend\net_ankio_cc_defense\Main"
[2021-03-05 20:43:40][debug] 加载 "app\extend\net_ankio_cc_defense\core\Ddos"
[2021-03-05 20:43:40][debug] 加载 "app\vendor\web\Session"
[2021-03-05 20:43:40][debug] 加载 "app\vendor\web\Response"
[2021-03-05 20:43:40][debug] 加载 "app\vendor\web\Request"
[2021-03-05 20:43:40][debug] 加载 "app\extend\net_ankio_tasker\Main"
[2021-03-05 20:43:40][debug] 加载 "app\extend\net_ankio_tasker\core\Server"
[2021-03-05 20:43:40][debug] 加载 "app\vendor\database\Sql"
[2021-03-05 20:43:40][debug] 加载 "app\extend\net_ankio_tasker\core\Db"
[2021-03-05 20:43:40][debug] 加载 "app\vendor\database\sql\sqlExec"
[2021-03-05 20:43:40][debug] 加载 "app\vendor\database\sql\sqlBase"
[2021-03-05 20:43:40][debug] 加载 "app\vendor\database\sql\Select"
[2021-03-05 20:43:40][debug] 加载 "app\extend\net_ankio_tasker\core\Async"
[2021-03-05 20:43:40][debug] 加载 "app\vendor\database\sql\Insert"
[2021-03-05 20:43:40][debug] 加载 "app\vendor\web\Route"
[2021-03-05 20:43:40][debug] 加载 "app\vendor\release\Release"
[2021-03-05 20:43:40][debug] 加载 "app\vendor\release\FileCheck"
[2021-03-05 20:43:40][debug] 加载 "app\vendor\debug\StringUtil"
[2021-03-05 20:43:45][debug] 加载 "app\vendor\release\File"
[2021-03-05 20:43:57][debug] 加载 "app\vendor\release\Zip"
[2021-03-05 20:45:35][debug] 加载 "app\vendor\debug\Error"
[2021-03-05 20:45:35][debug] 加载 "app\vendor\event\EventManager"
[2021-03-05 20:45:35][debug] 加载 "app\vendor\core\Clean"
[2021-03-05 20:45:35][debug] 加载 "app\vendor\event\EventListener"
[2021-03-05 20:45:35][debug] 加载 "app\extend\net_ankio_cc_defense\Main"
[2021-03-05 20:45:35][debug] 加载 "app\extend\net_ankio_cc_defense\core\Ddos"
[2021-03-05 20:45:35][debug] 加载 "app\vendor\web\Session"
[2021-03-05 20:45:35][debug] 加载 "app\vendor\web\Response"
[2021-03-05 20:45:35][debug] 加载 "app\vendor\web\Request"
[2021-03-05 20:45:35][debug] 加载 "app\extend\net_ankio_tasker\Main"
[2021-03-05 20:45:35][debug] 加载 "app\extend\net_ankio_tasker\core\Server"
[2021-03-05 20:45:35][debug] 加载 "app\vendor\database\Sql"
[2021-03-05 20:45:35][debug] 加载 "app\extend\net_ankio_tasker\core\Db"
[2021-03-05 20:45:35][debug] 加载 "app\vendor\database\sql\sqlExec"
[2021-03-05 20:45:35][debug] 加载 "app\vendor\database\sql\sqlBase"
[2021-03-05 20:45:35][debug] 加载 "app\vendor\database\sql\Select"
[2021-03-05 20:45:35][debug] 加载 "app\extend\net_ankio_tasker\core\Async"
[2021-03-05 20:45:35][debug] 加载 "app\vendor\database\sql\Insert"
[2021-03-05 20:45:35][debug] 加载 "app\vendor\web\Route"
[2021-03-05 20:45:35][debug] 加载 "app\vendor\release\Release"
[2021-03-05 20:45:35][debug] 加载 "app\vendor\release\FileCheck"
[2021-03-05 20:45:35][debug] 加载 "app\vendor\debug\StringUtil"
[2021-03-05 20:45:37][debug] 加载 "app\vendor\release\File"
[2021-03-05 21:05:37][debug] 加载 "app\vendor\debug\Error"
[2021-03-05 21:05:37][debug] 加载 "app\vendor\event\EventManager"
[2021-03-05 21:05:37][debug] 加载 "app\vendor\core\Clean"
[2021-03-05 21:05:37][debug] 加载 "app\vendor\event\EventListener"
[2021-03-05 21:05:37][debug] 加载 "app\extend\net_ankio_cc_defense\Main"
[2021-03-05 21:05:37][debug] 加载 "app\extend\net_ankio_cc_defense\core\Ddos"
[2021-03-05 21:05:37][debug] 加载 "app\vendor\web\Session"
[2021-03-05 21:05:37][debug] 加载 "app\vendor\web\Response"
[2021-03-05 21:05:37][debug] 加载 "app\vendor\web\Request"
[2021-03-05 21:05:37][debug] 加载 "app\extend\net_ankio_tasker\Main"
[2021-03-05 21:05:37][debug] 加载 "app\extend\net_ankio_tasker\core\Server"
[2021-03-05 21:05:37][debug] 加载 "app\vendor\database\Sql"
[2021-03-05 21:05:37][debug] 加载 "app\extend\net_ankio_tasker\core\Db"
[2021-03-05 21:05:37][debug] 加载 "app\vendor\database\sql\sqlExec"
[2021-03-05 21:05:37][debug] 加载 "app\vendor\database\sql\sqlBase"
[2021-03-05 21:05:37][debug] 加载 "app\vendor\database\sql\Select"
[2021-03-05 21:05:37][debug] 加载 "app\extend\net_ankio_tasker\core\Async"
[2021-03-05 21:05:37][debug] 加载 "app\vendor\database\sql\Insert"
[2021-03-05 21:05:37][debug] 加载 "app\vendor\web\Route"
[2021-03-05 21:05:37][debug] 加载 "app\vendor\release\Release"
[2021-03-05 21:05:37][debug] 加载 "app\vendor\release\FileCheck"
[2021-03-05 21:05:37][debug] 加载 "app\vendor\debug\StringUtil"
[2021-03-05 21:05:44][debug] 加载 "app\vendor\release\File"
[2021-03-05 21:05:49][debug] 加载 "app\vendor\debug\Error"
[2021-03-05 21:05:49][debug] 加载 "app\vendor\event\EventManager"
[2021-03-05 21:05:49][debug] 加载 "app\vendor\core\Clean"
[2021-03-05 21:05:49][debug] 加载 "app\vendor\event\EventListener"
[2021-03-05 21:05:49][debug] 加载 "app\extend\net_ankio_cc_defense\Main"
[2021-03-05 21:05:49][debug] 加载 "app\extend\net_ankio_cc_defense\core\Ddos"
[2021-03-05 21:05:49][debug] 加载 "app\vendor\web\Session"
[2021-03-05 21:05:49][debug] 加载 "app\vendor\web\Response"
[2021-03-05 21:05:49][debug] 加载 "app\vendor\web\Request"
[2021-03-05 21:05:49][debug] 加载 "app\extend\net_ankio_tasker\Main"
[2021-03-05 21:05:49][debug] 加载 "app\extend\net_ankio_tasker\core\Server"
[2021-03-05 21:05:49][debug] 加载 "app\vendor\database\Sql"
[2021-03-05 21:05:49][debug] 加载 "app\extend\net_ankio_tasker\core\Db"
[2021-03-05 21:05:49][debug] 加载 "app\vendor\database\sql\sqlExec"
[2021-03-05 21:05:49][debug] 加载 "app\vendor\database\sql\sqlBase"
[2021-03-05 21:05:49][debug] 加载 "app\vendor\database\sql\Select"
[2021-03-05 21:05:49][debug] 加载 "app\extend\net_ankio_tasker\core\Async"
[2021-03-05 21:05:49][debug] 加载 "app\vendor\database\sql\Insert"
[2021-03-05 21:05:49][debug] 加载 "app\vendor\web\Route"
[2021-03-05 21:05:49][debug] 加载 "app\vendor\release\Release"
[2021-03-05 21:05:49][debug] 加载 "app\vendor\release\FileCheck"
[2021-03-05 21:05:49][debug] 加载 "app\vendor\debug\StringUtil"
[2021-03-05 21:05:51][debug] 加载 "app\vendor\release\File"
[2021-03-05 21:14:48][debug] 加载 "app\vendor\debug\Error"
[2021-03-05 21:14:48][debug] 加载 "app\vendor\event\EventManager"
[2021-03-05 21:14:48][debug] 加载 "app\vendor\core\Clean"
[2021-03-05 21:14:48][debug] 加载 "app\vendor\event\EventListener"
[2021-03-05 21:14:48][debug] 加载 "app\extend\net_ankio_cc_defense\Main"
[2021-03-05 21:14:48][debug] 加载 "app\extend\net_ankio_cc_defense\core\Ddos"
[2021-03-05 21:14:48][debug] 加载 "app\vendor\web\Session"
[2021-03-05 21:14:48][debug] 加载 "app\vendor\web\Response"
[2021-03-05 21:14:48][debug] 加载 "app\vendor\web\Request"
[2021-03-05 21:14:48][debug] 加载 "app\extend\net_ankio_tasker\Main"
[2021-03-05 21:14:48][debug] 加载 "app\extend\net_ankio_tasker\core\Server"
[2021-03-05 21:14:48][debug] 加载 "app\vendor\database\Sql"
[2021-03-05 21:14:48][debug] 加载 "app\extend\net_ankio_tasker\core\Db"
[2021-03-05 21:14:48][debug] 加载 "app\vendor\database\sql\sqlExec"
[2021-03-05 21:14:48][debug] 加载 "app\vendor\database\sql\sqlBase"
[2021-03-05 21:14:48][debug] 加载 "app\vendor\database\sql\Select"
[2021-03-05 21:14:48][debug] 加载 "app\extend\net_ankio_tasker\core\Async"
[2021-03-05 21:14:48][debug] 加载 "app\vendor\database\sql\Insert"
[2021-03-05 21:14:48][debug] 加载 "app\vendor\web\Route"
[2021-03-05 21:14:48][debug] 加载 "app\vendor\release\Release"
[2021-03-05 21:14:48][debug] 加载 "app\vendor\release\FileCheck"
[2021-03-05 21:14:48][debug] 加载 "app\vendor\debug\StringUtil"
[2021-03-05 21:14:50][debug] 加载 "app\vendor\release\File"
[2021-03-05 21:17:44][debug] 加载 "app\vendor\debug\Error"
[2021-03-05 21:17:44][debug] 加载 "app\vendor\event\EventManager"
[2021-03-05 21:17:44][debug] 加载 "app\vendor\core\Clean"
[2021-03-05 21:17:44][debug] 加载 "app\vendor\event\EventListener"
[2021-03-05 21:17:44][debug] 加载 "app\extend\net_ankio_cc_defense\Main"
[2021-03-05 21:17:44][debug] 加载 "app\extend\net_ankio_cc_defense\core\Ddos"
[2021-03-05 21:17:44][debug] 加载 "app\vendor\web\Session"
[2021-03-05 21:17:44][debug] 加载 "app\vendor\web\Response"
[2021-03-05 21:17:44][debug] 加载 "app\vendor\web\Request"
[2021-03-05 21:17:44][debug] 加载 "app\extend\net_ankio_tasker\Main"
[2021-03-05 21:17:44][debug] 加载 "app\extend\net_ankio_tasker\core\Server"
[2021-03-05 21:17:44][debug] 加载 "app\vendor\database\Sql"
[2021-03-05 21:17:44][debug] 加载 "app\extend\net_ankio_tasker\core\Db"
[2021-03-05 21:17:44][debug] 加载 "app\vendor\database\sql\sqlExec"
[2021-03-05 21:17:44][debug] 加载 "app\vendor\database\sql\sqlBase"
[2021-03-05 21:17:44][debug] 加载 "app\vendor\database\sql\Select"
[2021-03-05 21:17:44][debug] 加载 "app\extend\net_ankio_tasker\core\Async"
[2021-03-05 21:17:44][debug] 加载 "app\vendor\database\sql\Insert"
[2021-03-05 21:17:44][debug] 加载 "app\vendor\web\Route"
[2021-03-05 21:17:44][debug] 加载 "app\vendor\release\Release"
[2021-03-05 21:17:44][debug] 加载 "app\vendor\release\FileCheck"
[2021-03-05 21:17:44][debug] 加载 "app\vendor\debug\StringUtil"
[2021-03-05 21:17:47][debug] 加载 "app\vendor\release\File"
[2021-03-05 21:32:55][debug] 加载 "app\vendor\debug\Error"
[2021-03-05 21:32:55][debug] 加载 "app\vendor\event\EventManager"
[2021-03-05 21:32:55][debug] 加载 "app\vendor\core\Clean"
[2021-03-05 21:32:55][debug] 加载 "app\vendor\event\EventListener"
[2021-03-05 21:32:55][debug] 加载 "app\extend\net_ankio_cc_defense\Main"
[2021-03-05 21:32:55][debug] 加载 "app\extend\net_ankio_cc_defense\core\Ddos"
[2021-03-05 21:32:55][debug] 加载 "app\vendor\web\Session"
[2021-03-05 21:32:55][debug] 加载 "app\vendor\web\Response"
[2021-03-05 21:32:55][debug] 加载 "app\vendor\web\Request"
[2021-03-05 21:32:55][debug] 加载 "app\extend\net_ankio_tasker\Main"
[2021-03-05 21:32:55][debug] 加载 "app\extend\net_ankio_tasker\core\Server"
[2021-03-05 21:32:55][debug] 加载 "app\vendor\database\Sql"
[2021-03-05 21:32:55][debug] 加载 "app\extend\net_ankio_tasker\core\Db"
[2021-03-05 21:32:55][debug] 加载 "app\vendor\database\sql\sqlExec"
[2021-03-05 21:32:55][debug] 加载 "app\vendor\database\sql\sqlBase"
[2021-03-05 21:32:55][debug] 加载 "app\vendor\database\sql\Select"
[2021-03-05 21:32:55][debug] 加载 "app\extend\net_ankio_tasker\core\Async"
[2021-03-05 21:32:55][debug] 加载 "app\vendor\database\sql\Insert"
[2021-03-05 21:32:55][debug] 加载 "app\vendor\web\Route"
[2021-03-05 21:32:55][debug] 加载 "app\vendor\release\Release"
[2021-03-05 21:32:55][debug] 加载 "app\vendor\release\FileCheck"
[2021-03-05 21:32:55][debug] 加载 "app\vendor\debug\StringUtil"
[2021-03-05 21:32:57][debug] 加载 "app\vendor\release\File"
[2021-03-05 21:35:07][debug] 加载 "app\vendor\debug\Error"
[2021-03-05 21:35:07][debug] 加载 "app\vendor\event\EventManager"
[2021-03-05 21:35:07][debug] 加载 "app\vendor\core\Clean"
[2021-03-05 21:35:07][debug] 加载 "app\vendor\event\EventListener"
[2021-03-05 21:35:07][debug] 加载 "app\extend\net_ankio_cc_defense\Main"
[2021-03-05 21:35:07][debug] 加载 "app\extend\net_ankio_cc_defense\core\Ddos"
[2021-03-05 21:35:07][debug] 加载 "app\vendor\web\Session"
[2021-03-05 21:35:07][debug] 加载 "app\vendor\web\Response"
[2021-03-05 21:35:07][debug] 加载 "app\vendor\web\Request"
[2021-03-05 21:35:07][debug] 加载 "app\extend\net_ankio_tasker\Main"
[2021-03-05 21:35:07][debug] 加载 "app\extend\net_ankio_tasker\core\Server"
[2021-03-05 21:35:07][debug] 加载 "app\vendor\database\Sql"
[2021-03-05 21:35:07][debug] 加载 "app\extend\net_ankio_tasker\core\Db"
[2021-03-05 21:35:07][debug] 加载 "app\vendor\database\sql\sqlExec"
[2021-03-05 21:35:07][debug] 加载 "app\vendor\database\sql\sqlBase"
[2021-03-05 21:35:07][debug] 加载 "app\vendor\database\sql\Select"
[2021-03-05 21:35:07][debug] 加载 "app\extend\net_ankio_tasker\core\Async"
[2021-03-05 21:35:07][debug] 加载 "app\vendor\database\sql\Insert"
[2021-03-05 21:35:07][debug] 加载 "app\vendor\web\Route"
[2021-03-05 21:35:07][debug] 加载 "app\vendor\release\Release"
[2021-03-05 21:35:07][debug] 加载 "app\vendor\release\FileCheck"
[2021-03-05 21:35:07][debug] 加载 "app\vendor\debug\StringUtil"
[2021-03-05 21:35:09][debug] 加载 "app\vendor\release\File"
[2021-03-05 21:36:43][debug] 加载 "app\vendor\debug\Error"
[2021-03-05 21:36:43][debug] 加载 "app\vendor\event\EventManager"
[2021-03-05 21:36:43][debug] 加载 "app\vendor\core\Clean"
[2021-03-05 21:36:43][debug] 加载 "app\vendor\event\EventListener"
[2021-03-05 21:36:43][debug] 加载 "app\extend\net_ankio_cc_defense\Main"
[2021-03-05 21:36:43][debug] 加载 "app\extend\net_ankio_cc_defense\core\Ddos"
[2021-03-05 21:36:43][debug] 加载 "app\vendor\web\Session"
[2021-03-05 21:36:43][debug] 加载 "app\vendor\web\Response"
[2021-03-05 21:36:43][debug] 加载 "app\vendor\web\Request"
[2021-03-05 21:36:43][debug] 加载 "app\extend\net_ankio_tasker\Main"
[2021-03-05 21:36:43][debug] 加载 "app\extend\net_ankio_tasker\core\Server"
[2021-03-05 21:36:43][debug] 加载 "app\vendor\database\Sql"
[2021-03-05 21:36:43][debug] 加载 "app\extend\net_ankio_tasker\core\Db"
[2021-03-05 21:36:43][debug] 加载 "app\vendor\database\sql\sqlExec"
[2021-03-05 21:36:43][debug] 加载 "app\vendor\database\sql\sqlBase"
[2021-03-05 21:36:43][debug] 加载 "app\vendor\database\sql\Select"
[2021-03-05 21:36:43][debug] 加载 "app\extend\net_ankio_tasker\core\Async"
[2021-03-05 21:36:43][debug] 加载 "app\vendor\database\sql\Insert"
[2021-03-05 21:36:43][debug] 加载 "app\vendor\web\Route"
[2021-03-05 21:36:43][debug] 加载 "app\vendor\release\Release"
[2021-03-05 21:36:43][debug] 加载 "app\vendor\release\FileCheck"
[2021-03-05 21:36:43][debug] 加载 "app\vendor\debug\StringUtil"
[2021-03-05 21:36:45][debug] 加载 "app\vendor\release\File"
[2021-03-05 21:44:22][debug] 加载 "app\vendor\debug\Error"
[2021-03-05 21:44:22][debug] 加载 "app\vendor\event\EventManager"
[2021-03-05 21:44:22][debug] 加载 "app\vendor\core\Clean"
[2021-03-05 21:44:22][debug] 加载 "app\vendor\event\EventListener"
[2021-03-05 21:44:22][debug] 加载 "app\extend\net_ankio_cc_defense\Main"
[2021-03-05 21:44:22][debug] 加载 "app\extend\net_ankio_cc_defense\core\Ddos"
[2021-03-05 21:44:22][debug] 加载 "app\vendor\web\Session"
[2021-03-05 21:44:22][debug] 加载 "app\vendor\web\Response"
[2021-03-05 21:44:22][debug] 加载 "app\vendor\web\Request"
[2021-03-05 21:44:22][debug] 加载 "app\extend\net_ankio_tasker\Main"
[2021-03-05 21:44:22][debug] 加载 "app\extend\net_ankio_tasker\core\Server"
[2021-03-05 21:44:22][debug] 加载 "app\vendor\database\Sql"
[2021-03-05 21:44:22][debug] 加载 "app\extend\net_ankio_tasker\core\Db"
[2021-03-05 21:44:22][debug] 加载 "app\vendor\database\sql\sqlExec"
[2021-03-05 21:44:22][debug] 加载 "app\vendor\database\sql\sqlBase"
[2021-03-05 21:44:22][debug] 加载 "app\vendor\database\sql\Select"
[2021-03-05 21:44:22][debug] 加载 "app\extend\net_ankio_tasker\core\Async"
[2021-03-05 21:44:22][debug] 加载 "app\vendor\database\sql\Insert"
[2021-03-05 21:44:22][debug] 加载 "app\vendor\web\Route"
[2021-03-05 21:44:22][debug] 加载 "app\vendor\release\Release"
[2021-03-05 21:44:22][debug] 加载 "app\vendor\release\FileCheck"
[2021-03-05 21:44:22][debug] 加载 "app\vendor\debug\StringUtil"
[2021-03-05 21:44:25][debug] 加载 "app\vendor\release\File"
[2021-03-05 21:45:04][debug] 加载 "app\vendor\debug\Error"
[2021-03-05 21:45:04][debug] 加载 "app\vendor\event\EventManager"
[2021-03-05 21:45:04][debug] 加载 "app\vendor\core\Clean"
[2021-03-05 21:45:04][debug] 加载 "app\vendor\event\EventListener"
[2021-03-05 21:45:04][debug] 加载 "app\extend\net_ankio_cc_defense\Main"
[2021-03-05 21:45:04][debug] 加载 "app\extend\net_ankio_cc_defense\core\Ddos"
[2021-03-05 21:45:04][debug] 加载 "app\vendor\web\Session"
[2021-03-05 21:45:04][debug] 加载 "app\vendor\web\Response"
[2021-03-05 21:45:04][debug] 加载 "app\vendor\web\Request"
[2021-03-05 21:45:04][debug] 加载 "app\extend\net_ankio_tasker\Main"
[2021-03-05 21:45:04][debug] 加载 "app\extend\net_ankio_tasker\core\Server"
[2021-03-05 21:45:04][debug] 加载 "app\vendor\database\Sql"
[2021-03-05 21:45:04][debug] 加载 "app\extend\net_ankio_tasker\core\Db"
[2021-03-05 21:45:04][debug] 加载 "app\vendor\database\sql\sqlExec"
[2021-03-05 21:45:04][debug] 加载 "app\vendor\database\sql\sqlBase"
[2021-03-05 21:45:04][debug] 加载 "app\vendor\database\sql\Select"
[2021-03-05 21:45:04][debug] 加载 "app\extend\net_ankio_tasker\core\Async"
[2021-03-05 21:45:04][debug] 加载 "app\vendor\database\sql\Insert"
[2021-03-05 21:45:04][debug] 加载 "app\vendor\web\Route"
[2021-03-05 21:45:04][debug] 加载 "app\vendor\release\Release"
[2021-03-05 21:45:04][debug] 加载 "app\vendor\release\FileCheck"
[2021-03-05 21:45:04][debug] 加载 "app\vendor\debug\StringUtil"
[2021-03-05 21:45:06][debug] 加载 "app\vendor\release\File"
[2021-03-05 21:47:03][debug] 加载 "app\vendor\debug\Error"
[2021-03-05 21:47:03][debug] 加载 "app\vendor\event\EventManager"
[2021-03-05 21:47:03][debug] 加载 "app\vendor\core\Clean"
[2021-03-05 21:47:03][debug] 加载 "app\vendor\event\EventListener"
[2021-03-05 21:47:03][debug] 加载 "app\extend\net_ankio_cc_defense\Main"
[2021-03-05 21:47:03][debug] 加载 "app\extend\net_ankio_cc_defense\core\Ddos"
[2021-03-05 21:47:03][debug] 加载 "app\vendor\web\Session"
[2021-03-05 21:47:03][debug] 加载 "app\vendor\web\Response"
[2021-03-05 21:47:03][debug] 加载 "app\vendor\web\Request"
[2021-03-05 21:47:03][debug] 加载 "app\extend\net_ankio_tasker\Main"
[2021-03-05 21:47:03][debug] 加载 "app\extend\net_ankio_tasker\core\Server"
[2021-03-05 21:47:03][debug] 加载 "app\vendor\database\Sql"
[2021-03-05 21:47:03][debug] 加载 "app\extend\net_ankio_tasker\core\Db"
[2021-03-05 21:47:03][debug] 加载 "app\vendor\database\sql\sqlExec"
[2021-03-05 21:47:03][debug] 加载 "app\vendor\database\sql\sqlBase"
[2021-03-05 21:47:03][debug] 加载 "app\vendor\database\sql\Select"
[2021-03-05 21:47:03][debug] 加载 "app\extend\net_ankio_tasker\core\Async"
[2021-03-05 21:47:03][debug] 加载 "app\vendor\database\sql\Insert"
[2021-03-05 21:47:03][debug] 加载 "app\vendor\web\Route"
[2021-03-05 21:47:03][debug] 加载 "app\vendor\release\Release"
[2021-03-05 21:47:03][debug] 加载 "app\vendor\release\FileCheck"
[2021-03-05 21:47:03][debug] 加载 "app\vendor\debug\StringUtil"
[2021-03-05 21:47:05][debug] 加载 "app\vendor\release\File"
[2021-03-05 21:47:17][debug] 加载 "app\vendor\debug\Error"
[2021-03-05 21:47:17][debug] 加载 "app\vendor\event\EventManager"
[2021-03-05 21:47:17][debug] 加载 "app\vendor\core\Clean"
[2021-03-05 21:47:17][debug] 加载 "app\vendor\event\EventListener"
[2021-03-05 21:47:17][debug] 加载 "app\extend\net_ankio_cc_defense\Main"
[2021-03-05 21:47:17][debug] 加载 "app\extend\net_ankio_cc_defense\core\Ddos"
[2021-03-05 21:47:17][debug] 加载 "app\vendor\web\Session"
[2021-03-05 21:47:17][debug] 加载 "app\vendor\web\Response"
[2021-03-05 21:47:17][debug] 加载 "app\vendor\web\Request"
[2021-03-05 21:47:17][debug] 加载 "app\extend\net_ankio_tasker\Main"
[2021-03-05 21:47:17][debug] 加载 "app\extend\net_ankio_tasker\core\Server"
[2021-03-05 21:47:17][debug] 加载 "app\vendor\database\Sql"
[2021-03-05 21:47:17][debug] 加载 "app\extend\net_ankio_tasker\core\Db"
[2021-03-05 21:47:17][debug] 加载 "app\vendor\database\sql\sqlExec"
[2021-03-05 21:47:17][debug] 加载 "app\vendor\database\sql\sqlBase"
[2021-03-05 21:47:17][debug] 加载 "app\vendor\database\sql\Select"
[2021-03-05 21:47:17][debug] 加载 "app\extend\net_ankio_tasker\core\Async"
[2021-03-05 21:47:17][debug] 加载 "app\vendor\database\sql\Insert"
[2021-03-05 21:47:17][debug] 加载 "app\vendor\web\Route"
[2021-03-05 21:47:17][debug] 加载 "app\vendor\release\Release"
[2021-03-05 21:47:17][debug] 加载 "app\vendor\release\FileCheck"
[2021-03-05 21:47:17][debug] 加载 "app\vendor\debug\StringUtil"
[2021-03-05 21:47:20][debug] 加载 "app\vendor\release\File"
[2021-03-05 21:49:06][debug] 加载 "app\vendor\debug\Error"
[2021-03-05 21:49:06][debug] 加载 "app\vendor\event\EventManager"
[2021-03-05 21:49:06][debug] 加载 "app\vendor\core\Clean"
[2021-03-05 21:49:06][debug] 加载 "app\vendor\event\EventListener"
[2021-03-05 21:49:06][debug] 加载 "app\extend\net_ankio_cc_defense\Main"
[2021-03-05 21:49:06][debug] 加载 "app\extend\net_ankio_cc_defense\core\Ddos"
[2021-03-05 21:49:06][debug] 加载 "app\vendor\web\Session"
[2021-03-05 21:49:06][debug] 加载 "app\vendor\web\Response"
[2021-03-05 21:49:06][debug] 加载 "app\vendor\web\Request"
[2021-03-05 21:49:06][debug] 加载 "app\extend\net_ankio_tasker\Main"
[2021-03-05 21:49:06][debug] 加载 "app\extend\net_ankio_tasker\core\Server"
[2021-03-05 21:49:06][debug] 加载 "app\vendor\database\Sql"
[2021-03-05 21:49:06][debug] 加载 "app\extend\net_ankio_tasker\core\Db"
[2021-03-05 21:49:06][debug] 加载 "app\vendor\database\sql\sqlExec"
[2021-03-05 21:49:06][debug] 加载 "app\vendor\database\sql\sqlBase"
[2021-03-05 21:49:06][debug] 加载 "app\vendor\database\sql\Select"
[2021-03-05 21:49:06][debug] 加载 "app\extend\net_ankio_tasker\core\Async"
[2021-03-05 21:49:06][debug] 加载 "app\vendor\database\sql\Insert"
[2021-03-05 21:49:06][debug] 加载 "app\vendor\web\Route"
[2021-03-05 21:49:06][debug] 加载 "app\vendor\release\Release"
[2021-03-05 21:49:06][debug] 加载 "app\vendor\release\FileCheck"
[2021-03-05 21:49:06][debug] 加载 "app\vendor\debug\StringUtil"
[2021-03-05 21:49:09][debug] 加载 "app\vendor\release\File"
[2021-03-05 21:50:05][debug] 加载 "app\vendor\debug\Error"
[2021-03-05 21:50:05][debug] 加载 "app\vendor\event\EventManager"
[2021-03-05 21:50:05][debug] 加载 "app\vendor\core\Clean"
[2021-03-05 21:50:05][debug] 加载 "app\vendor\event\EventListener"
[2021-03-05 21:50:05][debug] 加载 "app\extend\net_ankio_cc_defense\Main"
[2021-03-05 21:50:05][debug] 加载 "app\extend\net_ankio_cc_defense\core\Ddos"
[2021-03-05 21:50:05][debug] 加载 "app\vendor\web\Session"
[2021-03-05 21:50:05][debug] 加载 "app\vendor\web\Response"
[2021-03-05 21:50:05][debug] 加载 "app\vendor\web\Request"
[2021-03-05 21:50:05][debug] 加载 "app\extend\net_ankio_tasker\Main"
[2021-03-05 21:50:05][debug] 加载 "app\extend\net_ankio_tasker\core\Server"
[2021-03-05 21:50:05][debug] 加载 "app\vendor\database\Sql"
[2021-03-05 21:50:05][debug] 加载 "app\extend\net_ankio_tasker\core\Db"
[2021-03-05 21:50:05][debug] 加载 "app\vendor\database\sql\sqlExec"
[2021-03-05 21:50:05][debug] 加载 "app\vendor\database\sql\sqlBase"
[2021-03-05 21:50:05][debug] 加载 "app\vendor\database\sql\Select"
[2021-03-05 21:50:05][debug] 加载 "app\extend\net_ankio_tasker\core\Async"
[2021-03-05 21:50:05][debug] 加载 "app\vendor\database\sql\Insert"
[2021-03-05 21:50:05][debug] 加载 "app\vendor\web\Route"
[2021-03-05 21:50:05][debug] 加载 "app\vendor\release\Release"
[2021-03-05 21:50:05][debug] 加载 "app\vendor\release\FileCheck"
[2021-03-05 21:50:05][debug] 加载 "app\vendor\debug\StringUtil"
[2021-03-05 21:50:07][debug] 加载 "app\vendor\release\File"
[2021-03-05 21:51:50][debug] 加载 "app\vendor\debug\Error"
[2021-03-05 21:51:50][debug] 加载 "app\vendor\event\EventManager"
[2021-03-05 21:51:50][debug] 加载 "app\vendor\core\Clean"
[2021-03-05 21:51:50][debug] 加载 "app\vendor\event\EventListener"
[2021-03-05 21:51:50][debug] 加载 "app\extend\net_ankio_cc_defense\Main"
[2021-03-05 21:51:50][debug] 加载 "app\extend\net_ankio_cc_defense\core\Ddos"
[2021-03-05 21:51:50][debug] 加载 "app\vendor\web\Session"
[2021-03-05 21:51:50][debug] 加载 "app\vendor\web\Response"
[2021-03-05 21:51:50][debug] 加载 "app\vendor\web\Request"
[2021-03-05 21:51:50][debug] 加载 "app\extend\net_ankio_tasker\Main"
[2021-03-05 21:51:50][debug] 加载 "app\extend\net_ankio_tasker\core\Server"
[2021-03-05 21:51:50][debug] 加载 "app\vendor\database\Sql"
[2021-03-05 21:51:50][debug] 加载 "app\extend\net_ankio_tasker\core\Db"
[2021-03-05 21:51:50][debug] 加载 "app\vendor\database\sql\sqlExec"
[2021-03-05 21:51:50][debug] 加载 "app\vendor\database\sql\sqlBase"
[2021-03-05 21:51:50][debug] 加载 "app\vendor\database\sql\Select"
[2021-03-05 21:51:50][debug] 加载 "app\extend\net_ankio_tasker\core\Async"
[2021-03-05 21:51:50][debug] 加载 "app\vendor\database\sql\Insert"
[2021-03-05 21:51:50][debug] 加载 "app\vendor\web\Route"
[2021-03-05 21:51:50][debug] 加载 "app\vendor\release\Release"
[2021-03-05 21:51:50][debug] 加载 "app\vendor\release\FileCheck"
[2021-03-05 21:51:50][debug] 加载 "app\vendor\debug\StringUtil"
[2021-03-05 21:51:52][debug] 加载 "app\vendor\release\File"
[2021-03-05 21:52:03][debug] 加载 "app\vendor\release\Zip"
[2021-03-05 21:56:44][debug] 加载 "app\vendor\debug\Error"
[2021-03-05 21:56:44][debug] 加载 "app\vendor\event\EventManager"
[2021-03-05 21:56:44][debug] 加载 "app\vendor\core\Clean"
[2021-03-05 21:56:44][debug] 加载 "app\vendor\event\EventListener"
[2021-03-05 21:56:44][debug] 加载 "app\extend\net_ankio_cc_defense\Main"
[2021-03-05 21:56:44][debug] 加载 "app\extend\net_ankio_cc_defense\core\Ddos"
[2021-03-05 21:56:44][debug] 加载 "app\vendor\web\Session"
[2021-03-05 21:56:44][debug] 加载 "app\vendor\web\Response"
[2021-03-05 21:56:44][debug] 加载 "app\vendor\web\Request"
[2021-03-05 21:56:44][debug] 加载 "app\extend\net_ankio_tasker\Main"
[2021-03-05 21:56:44][debug] 加载 "app\extend\net_ankio_tasker\core\Server"
[2021-03-05 21:56:44][debug] 加载 "app\vendor\database\Sql"
[2021-03-05 21:56:44][debug] 加载 "app\extend\net_ankio_tasker\core\Db"
[2021-03-05 21:56:44][debug] 加载 "app\vendor\database\sql\sqlExec"
[2021-03-05 21:56:44][debug] 加载 "app\vendor\database\sql\sqlBase"
[2021-03-05 21:56:44][debug] 加载 "app\vendor\database\sql\Select"
[2021-03-05 21:56:44][debug] 加载 "app\extend\net_ankio_tasker\core\Async"
[2021-03-05 21:56:44][debug] 加载 "app\vendor\database\sql\Insert"
[2021-03-05 21:56:44][debug] 加载 "app\vendor\web\Route"
[2021-03-05 21:56:44][debug] 加载 "app\vendor\release\Release"
[2021-03-05 21:56:44][debug] 加载 "app\vendor\release\FileCheck"
[2021-03-05 21:56:44][debug] 加载 "app\vendor\debug\StringUtil"
[2021-03-05 21:56:51][debug] 加载 "app\vendor\release\File"
[2021-03-05 21:57:03][debug] 加载 "app\vendor\release\Zip"
[2021-03-05 21:57:17][debug] 加载 "app\vendor\debug\Error"
[2021-03-05 21:57:17][debug] 加载 "app\vendor\event\EventManager"
[2021-03-05 21:57:17][debug] 加载 "app\vendor\core\Clean"
[2021-03-05 21:57:17][debug] 加载 "app\vendor\event\EventListener"
[2021-03-05 21:57:17][debug] 加载 "app\extend\net_ankio_cc_defense\Main"
[2021-03-05 21:57:17][debug] 加载 "app\extend\net_ankio_cc_defense\core\Ddos"
[2021-03-05 21:57:17][debug] 加载 "app\vendor\web\Session"
[2021-03-05 21:57:17][debug] 加载 "app\vendor\web\Response"
[2021-03-05 21:57:17][debug] 加载 "app\vendor\web\Request"
[2021-03-05 21:57:17][debug] 加载 "app\extend\net_ankio_tasker\Main"
[2021-03-05 21:57:17][debug] 加载 "app\extend\net_ankio_tasker\core\Server"
[2021-03-05 21:57:17][debug] 加载 "app\vendor\database\Sql"
[2021-03-05 21:57:17][debug] 加载 "app\extend\net_ankio_tasker\core\Db"
[2021-03-05 21:57:17][debug] 加载 "app\vendor\database\sql\sqlExec"
[2021-03-05 21:57:17][debug] 加载 "app\vendor\database\sql\sqlBase"
[2021-03-05 21:57:17][debug] 加载 "app\vendor\database\sql\Select"
[2021-03-05 21:57:17][debug] 加载 "app\extend\net_ankio_tasker\core\Async"
[2021-03-05 21:57:17][debug] 加载 "app\vendor\database\sql\Insert"
[2021-03-05 21:57:17][debug] 加载 "app\vendor\web\Route"
[2021-03-05 21:57:17][debug] 加载 "app\vendor\release\Release"
[2021-03-05 21:57:17][debug] 加载 "app\vendor\release\FileCheck"
[2021-03-05 21:57:17][debug] 加载 "app\vendor\debug\StringUtil"
[2021-03-05 21:57:19][debug] 加载 "app\vendor\release\File"
[2021-03-05 21:57:27][debug] 加载 "app\vendor\release\Zip"
[2021-03-05 21:58:46][debug] 加载 "app\vendor\debug\Error"
[2021-03-05 21:58:46][debug] 加载 "app\vendor\event\EventManager"
[2021-03-05 21:58:46][debug] 加载 "app\vendor\core\Clean"
[2021-03-05 21:58:46][debug] 加载 "app\vendor\event\EventListener"
[2021-03-05 21:58:46][debug] 加载 "app\extend\net_ankio_cc_defense\Main"
[2021-03-05 21:58:46][debug] 加载 "app\extend\net_ankio_cc_defense\core\Ddos"
[2021-03-05 21:58:46][debug] 加载 "app\vendor\web\Session"
[2021-03-05 21:58:46][debug] 加载 "app\vendor\web\Response"
[2021-03-05 21:58:46][debug] 加载 "app\vendor\web\Request"
[2021-03-05 21:58:46][debug] 加载 "app\extend\net_ankio_tasker\Main"
[2021-03-05 21:58:46][debug] 加载 "app\extend\net_ankio_tasker\core\Server"
[2021-03-05 21:58:46][debug] 加载 "app\vendor\database\Sql"
[2021-03-05 21:58:46][debug] 加载 "app\extend\net_ankio_tasker\core\Db"
[2021-03-05 21:58:46][debug] 加载 "app\vendor\database\sql\sqlExec"
[2021-03-05 21:58:46][debug] 加载 "app\vendor\database\sql\sqlBase"
[2021-03-05 21:58:46][debug] 加载 "app\vendor\database\sql\Select"
[2021-03-05 21:58:46][debug] 加载 "app\extend\net_ankio_tasker\core\Async"
[2021-03-05 21:58:46][debug] 加载 "app\vendor\database\sql\Insert"
[2021-03-05 21:58:46][debug] 加载 "app\vendor\web\Route"
[2021-03-05 21:58:46][debug] 加载 "app\vendor\release\Release"
[2021-03-05 21:58:46][debug] 加载 "app\vendor\release\FileCheck"
[2021-03-05 21:58:46][debug] 加载 "app\vendor\debug\StringUtil"
[2021-03-05 21:58:49][debug] 加载 "app\vendor\release\File"
[2021-03-05 21:58:54][debug] 加载 "app\vendor\release\Zip"
[2021-03-05 22:09:53][debug] 加载 "app\vendor\debug\Error"
[2021-03-05 22:09:53][debug] 加载 "app\vendor\event\EventManager"
[2021-03-05 22:09:53][debug] 加载 "app\vendor\core\Clean"
[2021-03-05 22:09:53][debug] 加载 "app\vendor\event\EventListener"
[2021-03-05 22:09:53][debug] 加载 "app\extend\net_ankio_cc_defense\Main"
[2021-03-05 22:09:53][debug] 加载 "app\extend\net_ankio_cc_defense\core\Ddos"
[2021-03-05 22:09:53][debug] 加载 "app\vendor\web\Session"
[2021-03-05 22:09:53][debug] 加载 "app\vendor\web\Response"
[2021-03-05 22:09:53][debug] 加载 "app\vendor\web\Request"
[2021-03-05 22:09:53][debug] 加载 "app\extend\net_ankio_tasker\Main"
[2021-03-05 22:09:53][debug] 加载 "app\extend\net_ankio_tasker\core\Server"
[2021-03-05 22:09:53][debug] 加载 "app\vendor\database\Sql"
[2021-03-05 22:09:53][debug] 加载 "app\extend\net_ankio_tasker\core\Db"
[2021-03-05 22:09:53][debug] 加载 "app\vendor\database\sql\sqlExec"
[2021-03-05 22:09:53][debug] 加载 "app\vendor\database\sql\sqlBase"
[2021-03-05 22:09:53][debug] 加载 "app\vendor\database\sql\Select"
[2021-03-05 22:09:53][debug] 加载 "app\extend\net_ankio_tasker\core\Async"
[2021-03-05 22:09:53][debug] 加载 "app\vendor\database\sql\Insert"
[2021-03-05 22:09:53][debug] 加载 "app\vendor\web\Route"
[2021-03-05 22:09:53][debug] 加载 "app\vendor\release\Release"
[2021-03-05 22:09:53][debug] 加载 "app\vendor\release\FileCheck"
[2021-03-05 22:09:53][debug] 加载 "app\vendor\debug\StringUtil"
[2021-03-05 22:09:57][debug] 加载 "app\vendor\release\File"
[2021-03-05 22:10:06][debug] 加载 "app\vendor\release\Zip"
[2021-03-05 22:14:22][debug] 加载 "app\vendor\debug\Error"
[2021-03-05 22:14:22][debug] 加载 "app\vendor\event\EventManager"
[2021-03-05 22:14:22][debug] 加载 "app\vendor\core\Clean"
[2021-03-05 22:14:22][debug] 加载 "app\vendor\event\EventListener"
[2021-03-05 22:14:22][debug] 加载 "app\extend\net_ankio_cc_defense\Main"
[2021-03-05 22:14:22][debug] 加载 "app\extend\net_ankio_cc_defense\core\Ddos"
[2021-03-05 22:14:22][debug] 加载 "app\vendor\web\Session"
[2021-03-05 22:14:22][debug] 加载 "app\vendor\web\Response"
[2021-03-05 22:14:22][debug] 加载 "app\vendor\web\Request"
[2021-03-05 22:14:22][debug] 加载 "app\extend\net_ankio_tasker\Main"
[2021-03-05 22:14:22][debug] 加载 "app\extend\net_ankio_tasker\core\Server"
[2021-03-05 22:14:22][debug] 加载 "app\vendor\database\Sql"
[2021-03-05 22:14:22][debug] 加载 "app\extend\net_ankio_tasker\core\Db"
[2021-03-05 22:14:22][debug] 加载 "app\vendor\database\sql\sqlExec"
[2021-03-05 22:14:22][debug] 加载 "app\vendor\database\sql\sqlBase"
[2021-03-05 22:14:22][debug] 加载 "app\vendor\database\sql\Select"
[2021-03-05 22:14:22][debug] 加载 "app\extend\net_ankio_tasker\core\Async"
[2021-03-05 22:14:22][debug] 加载 "app\vendor\database\sql\Insert"
[2021-03-05 22:14:22][debug] 加载 "app\vendor\web\Route"
[2021-03-05 22:14:22][debug] 加载 "app\vendor\release\Release"
[2021-03-05 22:14:22][debug] 加载 "app\vendor\release\FileCheck"
[2021-03-05 22:14:22][debug] 加载 "app\vendor\debug\StringUtil"
[2021-03-05 22:14:24][debug] 加载 "app\vendor\release\File"
[2021-03-05 22:14:33][debug] 加载 "app\vendor\release\Zip"
[2021-03-05 22:16:16][debug] 加载 "app\vendor\debug\Error"
[2021-03-05 22:16:16][debug] 加载 "app\vendor\event\EventManager"
[2021-03-05 22:16:16][debug] 加载 "app\vendor\core\Clean"
[2021-03-05 22:16:16][debug] 加载 "app\vendor\event\EventListener"
[2021-03-05 22:16:16][debug] 加载 "app\extend\net_ankio_cc_defense\Main"
[2021-03-05 22:16:16][debug] 加载 "app\extend\net_ankio_cc_defense\core\Ddos"
[2021-03-05 22:16:16][debug] 加载 "app\vendor\web\Session"
[2021-03-05 22:16:16][debug] 加载 "app\vendor\web\Response"
[2021-03-05 22:16:16][debug] 加载 "app\vendor\web\Request"
[2021-03-05 22:16:16][debug] 加载 "app\extend\net_ankio_tasker\Main"
[2021-03-05 22:16:16][debug] 加载 "app\extend\net_ankio_tasker\core\Server"
[2021-03-05 22:16:16][debug] 加载 "app\vendor\database\Sql"
[2021-03-05 22:16:16][debug] 加载 "app\extend\net_ankio_tasker\core\Db"
[2021-03-05 22:16:16][debug] 加载 "app\vendor\database\sql\sqlExec"
[2021-03-05 22:16:16][debug] 加载 "app\vendor\database\sql\sqlBase"
[2021-03-05 22:16:16][debug] 加载 "app\vendor\database\sql\Select"
[2021-03-05 22:16:16][debug] 加载 "app\extend\net_ankio_tasker\core\Async"
[2021-03-05 22:16:16][debug] 加载 "app\vendor\database\sql\Insert"
[2021-03-05 22:16:16][debug] 加载 "app\vendor\web\Route"
[2021-03-05 22:16:16][debug] 加载 "app\vendor\release\Release"
[2021-03-05 22:16:16][debug] 加载 "app\vendor\release\FileCheck"
[2021-03-05 22:16:16][debug] 加载 "app\vendor\debug\StringUtil"
[2021-03-05 22:16:19][debug] 加载 "app\vendor\release\File"
[2021-03-05 22:16:26][debug] 加载 "app\vendor\release\Zip"
[2021-03-05 22:17:03][debug] 加载 "app\vendor\debug\Error"
[2021-03-05 22:17:03][debug] 加载 "app\vendor\event\EventManager"
[2021-03-05 22:17:03][debug] 加载 "app\vendor\core\Clean"
[2021-03-05 22:17:03][debug] 加载 "app\vendor\event\EventListener"
[2021-03-05 22:17:03][debug] 加载 "app\extend\net_ankio_cc_defense\Main"
[2021-03-05 22:17:03][debug] 加载 "app\extend\net_ankio_cc_defense\core\Ddos"
[2021-03-05 22:17:03][debug] 加载 "app\vendor\web\Session"
[2021-03-05 22:17:03][debug] 加载 "app\vendor\web\Response"
[2021-03-05 22:17:03][debug] 加载 "app\vendor\web\Request"
[2021-03-05 22:17:03][debug] 加载 "app\extend\net_ankio_tasker\Main"
[2021-03-05 22:17:03][debug] 加载 "app\extend\net_ankio_tasker\core\Server"
[2021-03-05 22:17:03][debug] 加载 "app\vendor\database\Sql"
[2021-03-05 22:17:03][debug] 加载 "app\extend\net_ankio_tasker\core\Db"
[2021-03-05 22:17:03][debug] 加载 "app\vendor\database\sql\sqlExec"
[2021-03-05 22:17:03][debug] 加载 "app\vendor\database\sql\sqlBase"
[2021-03-05 22:17:03][debug] 加载 "app\vendor\database\sql\Select"
[2021-03-05 22:17:03][debug] 加载 "app\extend\net_ankio_tasker\core\Async"
[2021-03-05 22:17:03][debug] 加载 "app\vendor\database\sql\Insert"
[2021-03-05 22:17:03][debug] 加载 "app\vendor\web\Route"
[2021-03-05 22:17:03][debug] 加载 "app\vendor\release\Release"
[2021-03-05 22:17:03][debug] 加载 "app\vendor\release\FileCheck"
[2021-03-05 22:17:03][debug] 加载 "app\vendor\debug\StringUtil"
[2021-03-05 22:17:05][debug] 加载 "app\vendor\release\File"
[2021-03-05 22:17:11][debug] 加载 "app\vendor\release\Zip"
[2021-03-05 22:21:04][debug] 加载 "app\vendor\debug\Error"
[2021-03-05 22:21:04][debug] 加载 "app\vendor\event\EventManager"
[2021-03-05 22:21:04][debug] 加载 "app\vendor\core\Clean"
[2021-03-05 22:21:04][debug] 加载 "app\vendor\event\EventListener"
[2021-03-05 22:21:04][debug] 加载 "app\extend\net_ankio_cc_defense\Main"
[2021-03-05 22:21:04][debug] 加载 "app\extend\net_ankio_cc_defense\core\Ddos"
[2021-03-05 22:21:04][debug] 加载 "app\vendor\web\Session"
[2021-03-05 22:21:04][debug] 加载 "app\vendor\web\Response"
[2021-03-05 22:21:04][debug] 加载 "app\vendor\web\Request"
[2021-03-05 22:21:04][debug] 加载 "app\extend\net_ankio_tasker\Main"
[2021-03-05 22:21:04][debug] 加载 "app\extend\net_ankio_tasker\core\Server"
[2021-03-05 22:21:04][debug] 加载 "app\vendor\database\Sql"
[2021-03-05 22:21:04][debug] 加载 "app\extend\net_ankio_tasker\core\Db"
[2021-03-05 22:21:04][debug] 加载 "app\vendor\database\sql\sqlExec"
[2021-03-05 22:21:04][debug] 加载 "app\vendor\database\sql\sqlBase"
[2021-03-05 22:21:04][debug] 加载 "app\vendor\database\sql\Select"
[2021-03-05 22:21:04][debug] 加载 "app\extend\net_ankio_tasker\core\Async"
[2021-03-05 22:21:04][debug] 加载 "app\vendor\database\sql\Insert"
[2021-03-05 22:21:04][debug] 加载 "app\vendor\web\Route"
[2021-03-05 22:21:04][debug] 加载 "app\vendor\release\Release"
[2021-03-05 22:21:04][debug] 加载 "app\vendor\release\FileCheck"
[2021-03-05 22:21:04][debug] 加载 "app\vendor\debug\StringUtil"
[2021-03-05 22:21:06][debug] 加载 "app\vendor\release\File"
[2021-03-05 22:21:14][debug] 加载 "app\vendor\release\Zip"
[2021-03-05 22:22:56][debug] 加载 "app\vendor\debug\Error"
[2021-03-05 22:22:56][debug] 加载 "app\vendor\event\EventManager"
[2021-03-05 22:22:56][debug] 加载 "app\vendor\core\Clean"
[2021-03-05 22:22:56][debug] 加载 "app\vendor\event\EventListener"
[2021-03-05 22:22:56][debug] 加载 "app\extend\net_ankio_cc_defense\Main"
[2021-03-05 22:22:56][debug] 加载 "app\extend\net_ankio_cc_defense\core\Ddos"
[2021-03-05 22:22:56][debug] 加载 "app\vendor\web\Session"
[2021-03-05 22:22:56][debug] 加载 "app\vendor\web\Response"
[2021-03-05 22:22:56][debug] 加载 "app\vendor\web\Request"
[2021-03-05 22:22:56][debug] 加载 "app\extend\net_ankio_tasker\Main"
[2021-03-05 22:22:56][debug] 加载 "app\extend\net_ankio_tasker\core\Server"
[2021-03-05 22:22:56][debug] 加载 "app\vendor\database\Sql"
[2021-03-05 22:22:56][debug] 加载 "app\extend\net_ankio_tasker\core\Db"
[2021-03-05 22:22:56][debug] 加载 "app\vendor\database\sql\sqlExec"
[2021-03-05 22:22:56][debug] 加载 "app\vendor\database\sql\sqlBase"
[2021-03-05 22:22:56][debug] 加载 "app\vendor\database\sql\Select"
[2021-03-05 22:22:56][debug] 加载 "app\extend\net_ankio_tasker\core\Async"
[2021-03-05 22:22:56][debug] 加载 "app\vendor\database\sql\Insert"
[2021-03-05 22:22:56][debug] 加载 "app\vendor\web\Route"
[2021-03-05 22:22:56][debug] 加载 "app\vendor\release\Release"
[2021-03-05 22:22:56][debug] 加载 "app\vendor\release\FileCheck"
[2021-03-05 22:22:56][debug] 加载 "app\vendor\debug\StringUtil"
[2021-03-05 22:22:57][debug] 加载 "app\vendor\release\File"
[2021-03-05 22:23:07][debug] 加载 "app\vendor\release\Zip"
[2021-03-05 22:32:00][debug] 加载 "app\vendor\debug\Error"
[2021-03-05 22:32:00][debug] 加载 "app\vendor\event\EventManager"
[2021-03-05 22:32:00][debug] 加载 "app\vendor\core\Clean"
[2021-03-05 22:32:00][debug] 加载 "app\vendor\event\EventListener"
[2021-03-05 22:32:00][debug] 加载 "app\extend\net_ankio_cc_defense\Main"
[2021-03-05 22:32:00][debug] 加载 "app\extend\net_ankio_cc_defense\core\Ddos"
[2021-03-05 22:32:00][debug] 加载 "app\vendor\web\Session"
[2021-03-05 22:32:00][debug] 加载 "app\vendor\web\Response"
[2021-03-05 22:32:00][debug] 加载 "app\vendor\web\Request"
[2021-03-05 22:32:00][debug] 加载 "app\extend\net_ankio_tasker\Main"
[2021-03-05 22:32:00][debug] 加载 "app\extend\net_ankio_tasker\core\Server"
[2021-03-05 22:32:00][debug] 加载 "app\vendor\database\Sql"
[2021-03-05 22:32:00][debug] 加载 "app\extend\net_ankio_tasker\core\Db"
[2021-03-05 22:32:00][debug] 加载 "app\vendor\database\sql\sqlExec"
[2021-03-05 22:32:00][debug] 加载 "app\vendor\database\sql\sqlBase"
[2021-03-05 22:32:00][debug] 加载 "app\vendor\database\sql\Select"
[2021-03-05 22:32:00][debug] 加载 "app\extend\net_ankio_tasker\core\Async"
[2021-03-05 22:32:00][debug] 加载 "app\vendor\database\sql\Insert"
[2021-03-05 22:32:00][debug] 加载 "app\vendor\web\Route"
[2021-03-05 22:32:00][debug] 加载 "app\vendor\release\Release"
[2021-03-05 22:32:00][debug] 加载 "app\vendor\release\FileCheck"
[2021-03-05 22:32:00][debug] 加载 "app\vendor\debug\StringUtil"
[2021-03-05 22:32:03][debug] 加载 "app\vendor\release\File"
[2021-03-05 22:32:11][debug] 加载 "app\vendor\release\Zip"
