[2021-03-05 16:51:55][debug] CREATE TABLE  IF NOT EXISTS extend_lock(
                    lock_time varchar(200)
                    )
[2021-03-05 16:51:55][debug]  SELECT *  FROM extend_lock    LIMIT 1 ;
[2021-03-05 16:51:55][debug] CREATE TABLE  IF NOT EXISTS extend_async(
                    id integer PRIMARY KEY autoincrement,
                    identify varchar(200),
                    timeout varchar(200),
                    token varchar(200)
                    )
[2021-03-05 16:51:55][debug]  INSERT INTO extend_async   (`identify`,`token`,`timeout`)  VALUES (:_INSERT_0,:_INSERT_1,:_INSERT_2) ;
[2021-03-05 16:53:03][debug] CREATE TABLE  IF NOT EXISTS extend_lock(
                    lock_time varchar(200)
                    )
[2021-03-05 16:53:03][debug]  SELECT *  FROM extend_lock    LIMIT 1 ;
[2021-03-05 16:53:03][debug] CREATE TABLE  IF NOT EXISTS extend_async(
                    id integer PRIMARY KEY autoincrement,
                    identify varchar(200),
                    timeout varchar(200),
                    token varchar(200)
                    )
[2021-03-05 16:53:03][debug]  INSERT INTO extend_async   (`identify`,`token`,`timeout`)  VALUES (:_INSERT_0,:_INSERT_1,:_INSERT_2) ;
[2021-03-05 16:57:32][debug] CREATE TABLE  IF NOT EXISTS extend_lock(
                    lock_time varchar(200)
                    )
[2021-03-05 16:57:32][debug]  SELECT *  FROM extend_lock    LIMIT 1 ;
[2021-03-05 16:57:32][debug] CREATE TABLE  IF NOT EXISTS extend_async(
                    id integer PRIMARY KEY autoincrement,
                    identify varchar(200),
                    timeout varchar(200),
                    token varchar(200)
                    )
[2021-03-05 16:57:32][debug]  INSERT INTO extend_async   (`identify`,`token`,`timeout`)  VALUES (:_INSERT_0,:_INSERT_1,:_INSERT_2) ;
[2021-03-05 16:57:42][debug] CREATE TABLE  IF NOT EXISTS extend_lock(
                    lock_time varchar(200)
                    )
[2021-03-05 16:57:42][debug]  SELECT *  FROM extend_lock    LIMIT 1 ;
[2021-03-05 16:57:42][debug] CREATE TABLE  IF NOT EXISTS extend_async(
                    id integer PRIMARY KEY autoincrement,
                    identify varchar(200),
                    timeout varchar(200),
                    token varchar(200)
                    )
[2021-03-05 16:57:42][debug]  INSERT INTO extend_async   (`identify`,`token`,`timeout`)  VALUES (:_INSERT_0,:_INSERT_1,:_INSERT_2) ;
[2021-03-05 17:00:25][debug] CREATE TABLE  IF NOT EXISTS extend_lock(
                    lock_time varchar(200)
                    )
[2021-03-05 17:00:25][debug]  SELECT *  FROM extend_lock    LIMIT 1 ;
[2021-03-05 17:00:25][debug] CREATE TABLE  IF NOT EXISTS extend_async(
                    id integer PRIMARY KEY autoincrement,
                    identify varchar(200),
                    timeout varchar(200),
                    token varchar(200)
                    )
[2021-03-05 17:00:25][debug]  INSERT INTO extend_async   (`identify`,`token`,`timeout`)  VALUES (:_INSERT_0,:_INSERT_1,:_INSERT_2) ;
[2021-03-05 17:00:43][debug] CREATE TABLE  IF NOT EXISTS extend_lock(
                    lock_time varchar(200)
                    )
[2021-03-05 17:00:43][debug]  SELECT *  FROM extend_lock    LIMIT 1 ;
[2021-03-05 17:00:43][debug] CREATE TABLE  IF NOT EXISTS extend_async(
                    id integer PRIMARY KEY autoincrement,
                    identify varchar(200),
                    timeout varchar(200),
                    token varchar(200)
                    )
[2021-03-05 17:00:43][debug]  INSERT INTO extend_async   (`identify`,`token`,`timeout`)  VALUES (:_INSERT_0,:_INSERT_1,:_INSERT_2) ;
[2021-03-05 17:01:10][debug] CREATE TABLE  IF NOT EXISTS extend_lock(
                    lock_time varchar(200)
                    )
[2021-03-05 17:01:10][debug]  SELECT *  FROM extend_lock    LIMIT 1 ;
[2021-03-05 17:01:10][debug] CREATE TABLE  IF NOT EXISTS extend_async(
                    id integer PRIMARY KEY autoincrement,
                    identify varchar(200),
                    timeout varchar(200),
                    token varchar(200)
                    )
[2021-03-05 17:01:10][debug]  INSERT INTO extend_async   (`identify`,`token`,`timeout`)  VALUES (:_INSERT_0,:_INSERT_1,:_INSERT_2) ;
[2021-03-05 17:03:32][debug] CREATE TABLE  IF NOT EXISTS extend_lock(
                    lock_time varchar(200)
                    )
[2021-03-05 17:03:32][debug]  SELECT *  FROM extend_lock    LIMIT 1 ;
[2021-03-05 17:03:32][debug] CREATE TABLE  IF NOT EXISTS extend_async(
                    id integer PRIMARY KEY autoincrement,
                    identify varchar(200),
                    timeout varchar(200),
                    token varchar(200)
                    )
[2021-03-05 17:03:32][debug]  INSERT INTO extend_async   (`identify`,`token`,`timeout`)  VALUES (:_INSERT_0,:_INSERT_1,:_INSERT_2) ;
[2021-03-05 17:03:42][debug] CREATE TABLE  IF NOT EXISTS extend_lock(
                    lock_time varchar(200)
                    )
[2021-03-05 17:03:42][debug]  SELECT *  FROM extend_lock    LIMIT 1 ;
[2021-03-05 17:03:42][debug] CREATE TABLE  IF NOT EXISTS extend_async(
                    id integer PRIMARY KEY autoincrement,
                    identify varchar(200),
                    timeout varchar(200),
                    token varchar(200)
                    )
[2021-03-05 17:03:42][debug]  INSERT INTO extend_async   (`identify`,`token`,`timeout`)  VALUES (:_INSERT_0,:_INSERT_1,:_INSERT_2) ;
[2021-03-05 17:08:58][debug] CREATE TABLE  IF NOT EXISTS extend_lock(
                    lock_time varchar(200)
                    )
[2021-03-05 17:08:58][debug]  SELECT *  FROM extend_lock    LIMIT 1 ;
[2021-03-05 17:08:58][debug] CREATE TABLE  IF NOT EXISTS extend_async(
                    id integer PRIMARY KEY autoincrement,
                    identify varchar(200),
                    timeout varchar(200),
                    token varchar(200)
                    )
[2021-03-05 17:08:58][debug]  INSERT INTO extend_async   (`identify`,`token`,`timeout`)  VALUES (:_INSERT_0,:_INSERT_1,:_INSERT_2) ;
[2021-03-05 17:10:13][debug] CREATE TABLE  IF NOT EXISTS extend_lock(
                    lock_time varchar(200)
                    )
[2021-03-05 17:10:13][debug]  SELECT *  FROM extend_lock    LIMIT 1 ;
[2021-03-05 17:10:13][debug] CREATE TABLE  IF NOT EXISTS extend_async(
                    id integer PRIMARY KEY autoincrement,
                    identify varchar(200),
                    timeout varchar(200),
                    token varchar(200)
                    )
[2021-03-05 17:10:13][debug]  INSERT INTO extend_async   (`identify`,`token`,`timeout`)  VALUES (:_INSERT_0,:_INSERT_1,:_INSERT_2) ;
[2021-03-05 17:12:41][debug] CREATE TABLE  IF NOT EXISTS extend_lock(
                    lock_time varchar(200)
                    )
[2021-03-05 17:12:41][debug]  SELECT *  FROM extend_lock    LIMIT 1 ;
[2021-03-05 17:12:41][debug] CREATE TABLE  IF NOT EXISTS extend_async(
                    id integer PRIMARY KEY autoincrement,
                    identify varchar(200),
                    timeout varchar(200),
                    token varchar(200)
                    )
[2021-03-05 17:12:41][debug]  INSERT INTO extend_async   (`identify`,`token`,`timeout`)  VALUES (:_INSERT_0,:_INSERT_1,:_INSERT_2) ;
[2021-03-05 17:13:53][debug] CREATE TABLE  IF NOT EXISTS extend_lock(
                    lock_time varchar(200)
                    )
[2021-03-05 17:13:53][debug]  SELECT *  FROM extend_lock    LIMIT 1 ;
[2021-03-05 17:13:53][debug] CREATE TABLE  IF NOT EXISTS extend_async(
                    id integer PRIMARY KEY autoincrement,
                    identify varchar(200),
                    timeout varchar(200),
                    token varchar(200)
                    )
[2021-03-05 17:13:53][debug]  INSERT INTO extend_async   (`identify`,`token`,`timeout`)  VALUES (:_INSERT_0,:_INSERT_1,:_INSERT_2) ;
[2021-03-05 17:14:33][debug] CREATE TABLE  IF NOT EXISTS extend_lock(
                    lock_time varchar(200)
                    )
[2021-03-05 17:14:33][debug]  SELECT *  FROM extend_lock    LIMIT 1 ;
[2021-03-05 17:14:33][debug] CREATE TABLE  IF NOT EXISTS extend_async(
                    id integer PRIMARY KEY autoincrement,
                    identify varchar(200),
                    timeout varchar(200),
                    token varchar(200)
                    )
[2021-03-05 17:14:33][debug]  INSERT INTO extend_async   (`identify`,`token`,`timeout`)  VALUES (:_INSERT_0,:_INSERT_1,:_INSERT_2) ;
[2021-03-05 17:16:50][debug] CREATE TABLE  IF NOT EXISTS extend_lock(
                    lock_time varchar(200)
                    )
[2021-03-05 17:16:50][debug]  SELECT *  FROM extend_lock    LIMIT 1 ;
[2021-03-05 17:16:50][debug] CREATE TABLE  IF NOT EXISTS extend_async(
                    id integer PRIMARY KEY autoincrement,
                    identify varchar(200),
                    timeout varchar(200),
                    token varchar(200)
                    )
[2021-03-05 17:16:50][debug]  INSERT INTO extend_async   (`identify`,`token`,`timeout`)  VALUES (:_INSERT_0,:_INSERT_1,:_INSERT_2) ;
[2021-03-05 17:18:07][debug] CREATE TABLE  IF NOT EXISTS extend_lock(
                    lock_time varchar(200)
                    )
[2021-03-05 17:18:07][debug]  SELECT *  FROM extend_lock    LIMIT 1 ;
[2021-03-05 17:18:07][debug] CREATE TABLE  IF NOT EXISTS extend_async(
                    id integer PRIMARY KEY autoincrement,
                    identify varchar(200),
                    timeout varchar(200),
                    token varchar(200)
                    )
[2021-03-05 17:18:07][debug]  INSERT INTO extend_async   (`identify`,`token`,`timeout`)  VALUES (:_INSERT_0,:_INSERT_1,:_INSERT_2) ;
[2021-03-05 17:18:40][debug] CREATE TABLE  IF NOT EXISTS extend_lock(
                    lock_time varchar(200)
                    )
[2021-03-05 17:18:40][debug]  SELECT *  FROM extend_lock    LIMIT 1 ;
[2021-03-05 17:18:40][debug] CREATE TABLE  IF NOT EXISTS extend_async(
                    id integer PRIMARY KEY autoincrement,
                    identify varchar(200),
                    timeout varchar(200),
                    token varchar(200)
                    )
[2021-03-05 17:18:40][debug]  INSERT INTO extend_async   (`identify`,`token`,`timeout`)  VALUES (:_INSERT_0,:_INSERT_1,:_INSERT_2) ;
[2021-03-05 17:19:12][debug] CREATE TABLE  IF NOT EXISTS extend_lock(
                    lock_time varchar(200)
                    )
[2021-03-05 17:19:12][debug]  SELECT *  FROM extend_lock    LIMIT 1 ;
[2021-03-05 17:19:12][debug] CREATE TABLE  IF NOT EXISTS extend_async(
                    id integer PRIMARY KEY autoincrement,
                    identify varchar(200),
                    timeout varchar(200),
                    token varchar(200)
                    )
[2021-03-05 17:19:12][debug]  INSERT INTO extend_async   (`identify`,`token`,`timeout`)  VALUES (:_INSERT_0,:_INSERT_1,:_INSERT_2) ;
[2021-03-05 18:42:04][debug] CREATE TABLE  IF NOT EXISTS extend_lock(
                    lock_time varchar(200)
                    )
[2021-03-05 18:42:04][debug]  SELECT *  FROM extend_lock    LIMIT 1 ;
[2021-03-05 18:42:04][debug] CREATE TABLE  IF NOT EXISTS extend_async(
                    id integer PRIMARY KEY autoincrement,
                    identify varchar(200),
                    timeout varchar(200),
                    token varchar(200)
                    )
[2021-03-05 18:42:04][debug]  INSERT INTO extend_async   (`identify`,`token`,`timeout`)  VALUES (:_INSERT_0,:_INSERT_1,:_INSERT_2) ;
[2021-03-05 18:44:23][debug] CREATE TABLE  IF NOT EXISTS extend_lock(
                    lock_time varchar(200)
                    )
[2021-03-05 18:44:23][debug]  SELECT *  FROM extend_lock    LIMIT 1 ;
[2021-03-05 18:44:23][debug] CREATE TABLE  IF NOT EXISTS extend_async(
                    id integer PRIMARY KEY autoincrement,
                    identify varchar(200),
                    timeout varchar(200),
                    token varchar(200)
                    )
[2021-03-05 18:44:23][debug]  INSERT INTO extend_async   (`identify`,`token`,`timeout`)  VALUES (:_INSERT_0,:_INSERT_1,:_INSERT_2) ;
[2021-03-05 18:53:37][debug] CREATE TABLE  IF NOT EXISTS extend_lock(
                    lock_time varchar(200)
                    )
[2021-03-05 18:53:37][debug]  SELECT *  FROM extend_lock    LIMIT 1 ;
[2021-03-05 18:53:37][debug] CREATE TABLE  IF NOT EXISTS extend_async(
                    id integer PRIMARY KEY autoincrement,
                    identify varchar(200),
                    timeout varchar(200),
                    token varchar(200)
                    )
[2021-03-05 18:53:37][debug]  INSERT INTO extend_async   (`identify`,`token`,`timeout`)  VALUES (:_INSERT_0,:_INSERT_1,:_INSERT_2) ;
[2021-03-05 18:53:46][debug] CREATE TABLE  IF NOT EXISTS extend_lock(
                    lock_time varchar(200)
                    )
[2021-03-05 18:53:46][debug]  SELECT *  FROM extend_lock    LIMIT 1 ;
[2021-03-05 18:53:46][debug] CREATE TABLE  IF NOT EXISTS extend_async(
                    id integer PRIMARY KEY autoincrement,
                    identify varchar(200),
                    timeout varchar(200),
                    token varchar(200)
                    )
[2021-03-05 18:53:46][debug]  INSERT INTO extend_async   (`identify`,`token`,`timeout`)  VALUES (:_INSERT_0,:_INSERT_1,:_INSERT_2) ;
[2021-03-05 18:53:51][debug] CREATE TABLE  IF NOT EXISTS extend_lock(
                    lock_time varchar(200)
                    )
[2021-03-05 18:53:51][debug]  SELECT *  FROM extend_lock    LIMIT 1 ;
[2021-03-05 18:53:51][debug] CREATE TABLE  IF NOT EXISTS extend_async(
                    id integer PRIMARY KEY autoincrement,
                    identify varchar(200),
                    timeout varchar(200),
                    token varchar(200)
                    )
[2021-03-05 18:53:51][debug]  INSERT INTO extend_async   (`identify`,`token`,`timeout`)  VALUES (:_INSERT_0,:_INSERT_1,:_INSERT_2) ;
[2021-03-05 19:05:11][debug] CREATE TABLE  IF NOT EXISTS extend_lock(
                    lock_time varchar(200)
                    )
[2021-03-05 19:05:11][debug]  SELECT *  FROM extend_lock    LIMIT 1 ;
[2021-03-05 19:05:11][debug] CREATE TABLE  IF NOT EXISTS extend_async(
                    id integer PRIMARY KEY autoincrement,
                    identify varchar(200),
                    timeout varchar(200),
                    token varchar(200)
                    )
[2021-03-05 19:05:11][debug]  INSERT INTO extend_async   (`identify`,`token`,`timeout`)  VALUES (:_INSERT_0,:_INSERT_1,:_INSERT_2) ;
[2021-03-05 19:36:25][debug] CREATE TABLE  IF NOT EXISTS extend_lock(
                    lock_time varchar(200)
                    )
[2021-03-05 19:36:25][debug]  SELECT *  FROM extend_lock    LIMIT 1 ;
[2021-03-05 19:36:25][debug] CREATE TABLE  IF NOT EXISTS extend_async(
                    id integer PRIMARY KEY autoincrement,
                    identify varchar(200),
                    timeout varchar(200),
                    token varchar(200)
                    )
[2021-03-05 19:36:25][debug]  INSERT INTO extend_async   (`identify`,`token`,`timeout`)  VALUES (:_INSERT_0,:_INSERT_1,:_INSERT_2) ;
[2021-03-05 19:36:35][debug] CREATE TABLE  IF NOT EXISTS extend_lock(
                    lock_time varchar(200)
                    )
[2021-03-05 19:36:35][debug]  SELECT *  FROM extend_lock    LIMIT 1 ;
[2021-03-05 19:36:35][debug] CREATE TABLE  IF NOT EXISTS extend_async(
                    id integer PRIMARY KEY autoincrement,
                    identify varchar(200),
                    timeout varchar(200),
                    token varchar(200)
                    )
[2021-03-05 19:36:35][debug]  INSERT INTO extend_async   (`identify`,`token`,`timeout`)  VALUES (:_INSERT_0,:_INSERT_1,:_INSERT_2) ;
[2021-03-05 20:43:40][debug] CREATE TABLE  IF NOT EXISTS extend_lock(
                    lock_time varchar(200)
                    )
[2021-03-05 20:43:40][debug]  SELECT *  FROM extend_lock    LIMIT 1 ;
[2021-03-05 20:43:40][debug] CREATE TABLE  IF NOT EXISTS extend_async(
                    id integer PRIMARY KEY autoincrement,
                    identify varchar(200),
                    timeout varchar(200),
                    token varchar(200)
                    )
[2021-03-05 20:43:40][debug]  INSERT INTO extend_async   (`identify`,`token`,`timeout`)  VALUES (:_INSERT_0,:_INSERT_1,:_INSERT_2) ;
[2021-03-05 20:45:35][debug] CREATE TABLE  IF NOT EXISTS extend_lock(
                    lock_time varchar(200)
                    )
[2021-03-05 20:45:35][debug]  SELECT *  FROM extend_lock    LIMIT 1 ;
[2021-03-05 20:45:35][debug] CREATE TABLE  IF NOT EXISTS extend_async(
                    id integer PRIMARY KEY autoincrement,
                    identify varchar(200),
                    timeout varchar(200),
                    token varchar(200)
                    )
[2021-03-05 20:45:35][debug]  INSERT INTO extend_async   (`identify`,`token`,`timeout`)  VALUES (:_INSERT_0,:_INSERT_1,:_INSERT_2) ;
[2021-03-05 21:05:37][debug] CREATE TABLE  IF NOT EXISTS extend_lock(
                    lock_time varchar(200)
                    )
[2021-03-05 21:05:37][debug]  SELECT *  FROM extend_lock    LIMIT 1 ;
[2021-03-05 21:05:37][debug] CREATE TABLE  IF NOT EXISTS extend_async(
                    id integer PRIMARY KEY autoincrement,
                    identify varchar(200),
                    timeout varchar(200),
                    token varchar(200)
                    )
[2021-03-05 21:05:37][debug]  INSERT INTO extend_async   (`identify`,`token`,`timeout`)  VALUES (:_INSERT_0,:_INSERT_1,:_INSERT_2) ;
[2021-03-05 21:05:49][debug] CREATE TABLE  IF NOT EXISTS extend_lock(
                    lock_time varchar(200)
                    )
[2021-03-05 21:05:49][debug]  SELECT *  FROM extend_lock    LIMIT 1 ;
[2021-03-05 21:05:49][debug] CREATE TABLE  IF NOT EXISTS extend_async(
                    id integer PRIMARY KEY autoincrement,
                    identify varchar(200),
                    timeout varchar(200),
                    token varchar(200)
                    )
[2021-03-05 21:05:49][debug]  INSERT INTO extend_async   (`identify`,`token`,`timeout`)  VALUES (:_INSERT_0,:_INSERT_1,:_INSERT_2) ;
[2021-03-05 21:14:48][debug] CREATE TABLE  IF NOT EXISTS extend_lock(
                    lock_time varchar(200)
                    )
[2021-03-05 21:14:48][debug]  SELECT *  FROM extend_lock    LIMIT 1 ;
[2021-03-05 21:14:48][debug] CREATE TABLE  IF NOT EXISTS extend_async(
                    id integer PRIMARY KEY autoincrement,
                    identify varchar(200),
                    timeout varchar(200),
                    token varchar(200)
                    )
[2021-03-05 21:14:48][debug]  INSERT INTO extend_async   (`identify`,`token`,`timeout`)  VALUES (:_INSERT_0,:_INSERT_1,:_INSERT_2) ;
[2021-03-05 21:17:44][debug] CREATE TABLE  IF NOT EXISTS extend_lock(
                    lock_time varchar(200)
                    )
[2021-03-05 21:17:44][debug]  SELECT *  FROM extend_lock    LIMIT 1 ;
[2021-03-05 21:17:44][debug] CREATE TABLE  IF NOT EXISTS extend_async(
                    id integer PRIMARY KEY autoincrement,
                    identify varchar(200),
                    timeout varchar(200),
                    token varchar(200)
                    )
[2021-03-05 21:17:44][debug]  INSERT INTO extend_async   (`identify`,`token`,`timeout`)  VALUES (:_INSERT_0,:_INSERT_1,:_INSERT_2) ;
[2021-03-05 21:32:55][debug] CREATE TABLE  IF NOT EXISTS extend_lock(
                    lock_time varchar(200)
                    )
[2021-03-05 21:32:55][debug]  SELECT *  FROM extend_lock    LIMIT 1 ;
[2021-03-05 21:32:55][debug] CREATE TABLE  IF NOT EXISTS extend_async(
                    id integer PRIMARY KEY autoincrement,
                    identify varchar(200),
                    timeout varchar(200),
                    token varchar(200)
                    )
[2021-03-05 21:32:55][debug]  INSERT INTO extend_async   (`identify`,`token`,`timeout`)  VALUES (:_INSERT_0,:_INSERT_1,:_INSERT_2) ;
[2021-03-05 21:35:07][debug] CREATE TABLE  IF NOT EXISTS extend_lock(
                    lock_time varchar(200)
                    )
[2021-03-05 21:35:07][debug]  SELECT *  FROM extend_lock    LIMIT 1 ;
[2021-03-05 21:35:07][debug] CREATE TABLE  IF NOT EXISTS extend_async(
                    id integer PRIMARY KEY autoincrement,
                    identify varchar(200),
                    timeout varchar(200),
                    token varchar(200)
                    )
[2021-03-05 21:35:07][debug]  INSERT INTO extend_async   (`identify`,`token`,`timeout`)  VALUES (:_INSERT_0,:_INSERT_1,:_INSERT_2) ;
[2021-03-05 21:36:43][debug] CREATE TABLE  IF NOT EXISTS extend_lock(
                    lock_time varchar(200)
                    )
[2021-03-05 21:36:43][debug]  SELECT *  FROM extend_lock    LIMIT 1 ;
[2021-03-05 21:36:43][debug] CREATE TABLE  IF NOT EXISTS extend_async(
                    id integer PRIMARY KEY autoincrement,
                    identify varchar(200),
                    timeout varchar(200),
                    token varchar(200)
                    )
[2021-03-05 21:36:43][debug]  INSERT INTO extend_async   (`identify`,`token`,`timeout`)  VALUES (:_INSERT_0,:_INSERT_1,:_INSERT_2) ;
[2021-03-05 21:44:22][debug] CREATE TABLE  IF NOT EXISTS extend_lock(
                    lock_time varchar(200)
                    )
[2021-03-05 21:44:22][debug]  SELECT *  FROM extend_lock    LIMIT 1 ;
[2021-03-05 21:44:22][debug] CREATE TABLE  IF NOT EXISTS extend_async(
                    id integer PRIMARY KEY autoincrement,
                    identify varchar(200),
                    timeout varchar(200),
                    token varchar(200)
                    )
[2021-03-05 21:44:22][debug]  INSERT INTO extend_async   (`identify`,`token`,`timeout`)  VALUES (:_INSERT_0,:_INSERT_1,:_INSERT_2) ;
[2021-03-05 21:45:04][debug] CREATE TABLE  IF NOT EXISTS extend_lock(
                    lock_time varchar(200)
                    )
[2021-03-05 21:45:04][debug]  SELECT *  FROM extend_lock    LIMIT 1 ;
[2021-03-05 21:45:04][debug] CREATE TABLE  IF NOT EXISTS extend_async(
                    id integer PRIMARY KEY autoincrement,
                    identify varchar(200),
                    timeout varchar(200),
                    token varchar(200)
                    )
[2021-03-05 21:45:04][debug]  INSERT INTO extend_async   (`identify`,`token`,`timeout`)  VALUES (:_INSERT_0,:_INSERT_1,:_INSERT_2) ;
[2021-03-05 21:47:03][debug] CREATE TABLE  IF NOT EXISTS extend_lock(
                    lock_time varchar(200)
                    )
[2021-03-05 21:47:03][debug]  SELECT *  FROM extend_lock    LIMIT 1 ;
[2021-03-05 21:47:03][debug] CREATE TABLE  IF NOT EXISTS extend_async(
                    id integer PRIMARY KEY autoincrement,
                    identify varchar(200),
                    timeout varchar(200),
                    token varchar(200)
                    )
[2021-03-05 21:47:03][debug]  INSERT INTO extend_async   (`identify`,`token`,`timeout`)  VALUES (:_INSERT_0,:_INSERT_1,:_INSERT_2) ;
[2021-03-05 21:47:17][debug] CREATE TABLE  IF NOT EXISTS extend_lock(
                    lock_time varchar(200)
                    )
[2021-03-05 21:47:17][debug]  SELECT *  FROM extend_lock    LIMIT 1 ;
[2021-03-05 21:47:17][debug] CREATE TABLE  IF NOT EXISTS extend_async(
                    id integer PRIMARY KEY autoincrement,
                    identify varchar(200),
                    timeout varchar(200),
                    token varchar(200)
                    )
[2021-03-05 21:47:17][debug]  INSERT INTO extend_async   (`identify`,`token`,`timeout`)  VALUES (:_INSERT_0,:_INSERT_1,:_INSERT_2) ;
[2021-03-05 21:49:06][debug] CREATE TABLE  IF NOT EXISTS extend_lock(
                    lock_time varchar(200)
                    )
[2021-03-05 21:49:06][debug]  SELECT *  FROM extend_lock    LIMIT 1 ;
[2021-03-05 21:49:06][debug] CREATE TABLE  IF NOT EXISTS extend_async(
                    id integer PRIMARY KEY autoincrement,
                    identify varchar(200),
                    timeout varchar(200),
                    token varchar(200)
                    )
[2021-03-05 21:49:06][debug]  INSERT INTO extend_async   (`identify`,`token`,`timeout`)  VALUES (:_INSERT_0,:_INSERT_1,:_INSERT_2) ;
[2021-03-05 21:50:05][debug] CREATE TABLE  IF NOT EXISTS extend_lock(
                    lock_time varchar(200)
                    )
[2021-03-05 21:50:05][debug]  SELECT *  FROM extend_lock    LIMIT 1 ;
[2021-03-05 21:50:05][debug] CREATE TABLE  IF NOT EXISTS extend_async(
                    id integer PRIMARY KEY autoincrement,
                    identify varchar(200),
                    timeout varchar(200),
                    token varchar(200)
                    )
[2021-03-05 21:50:05][debug]  INSERT INTO extend_async   (`identify`,`token`,`timeout`)  VALUES (:_INSERT_0,:_INSERT_1,:_INSERT_2) ;
[2021-03-05 21:51:50][debug] CREATE TABLE  IF NOT EXISTS extend_lock(
                    lock_time varchar(200)
                    )
[2021-03-05 21:51:50][debug]  SELECT *  FROM extend_lock    LIMIT 1 ;
[2021-03-05 21:51:50][debug] CREATE TABLE  IF NOT EXISTS extend_async(
                    id integer PRIMARY KEY autoincrement,
                    identify varchar(200),
                    timeout varchar(200),
                    token varchar(200)
                    )
[2021-03-05 21:51:50][debug]  INSERT INTO extend_async   (`identify`,`token`,`timeout`)  VALUES (:_INSERT_0,:_INSERT_1,:_INSERT_2) ;
[2021-03-05 21:56:44][debug] CREATE TABLE  IF NOT EXISTS extend_lock(
                    lock_time varchar(200)
                    )
[2021-03-05 21:56:44][debug]  SELECT *  FROM extend_lock    LIMIT 1 ;
[2021-03-05 21:56:44][debug] CREATE TABLE  IF NOT EXISTS extend_async(
                    id integer PRIMARY KEY autoincrement,
                    identify varchar(200),
                    timeout varchar(200),
                    token varchar(200)
                    )
[2021-03-05 21:56:44][debug]  INSERT INTO extend_async   (`identify`,`token`,`timeout`)  VALUES (:_INSERT_0,:_INSERT_1,:_INSERT_2) ;
[2021-03-05 21:57:17][debug] CREATE TABLE  IF NOT EXISTS extend_lock(
                    lock_time varchar(200)
                    )
[2021-03-05 21:57:17][debug]  SELECT *  FROM extend_lock    LIMIT 1 ;
[2021-03-05 21:57:17][debug] CREATE TABLE  IF NOT EXISTS extend_async(
                    id integer PRIMARY KEY autoincrement,
                    identify varchar(200),
                    timeout varchar(200),
                    token varchar(200)
                    )
[2021-03-05 21:57:17][debug]  INSERT INTO extend_async   (`identify`,`token`,`timeout`)  VALUES (:_INSERT_0,:_INSERT_1,:_INSERT_2) ;
[2021-03-05 21:58:46][debug] CREATE TABLE  IF NOT EXISTS extend_lock(
                    lock_time varchar(200)
                    )
[2021-03-05 21:58:46][debug]  SELECT *  FROM extend_lock    LIMIT 1 ;
[2021-03-05 21:58:46][debug] CREATE TABLE  IF NOT EXISTS extend_async(
                    id integer PRIMARY KEY autoincrement,
                    identify varchar(200),
                    timeout varchar(200),
                    token varchar(200)
                    )
[2021-03-05 21:58:46][debug]  INSERT INTO extend_async   (`identify`,`token`,`timeout`)  VALUES (:_INSERT_0,:_INSERT_1,:_INSERT_2) ;
[2021-03-05 22:09:53][debug] CREATE TABLE  IF NOT EXISTS extend_lock(
                    lock_time varchar(200)
                    )
[2021-03-05 22:09:53][debug]  SELECT *  FROM extend_lock    LIMIT 1 ;
[2021-03-05 22:09:53][debug] CREATE TABLE  IF NOT EXISTS extend_async(
                    id integer PRIMARY KEY autoincrement,
                    identify varchar(200),
                    timeout varchar(200),
                    token varchar(200)
                    )
[2021-03-05 22:09:53][debug]  INSERT INTO extend_async   (`identify`,`token`,`timeout`)  VALUES (:_INSERT_0,:_INSERT_1,:_INSERT_2) ;
[2021-03-05 22:14:22][debug] CREATE TABLE  IF NOT EXISTS extend_lock(
                    lock_time varchar(200)
                    )
[2021-03-05 22:14:22][debug]  SELECT *  FROM extend_lock    LIMIT 1 ;
[2021-03-05 22:14:22][debug] CREATE TABLE  IF NOT EXISTS extend_async(
                    id integer PRIMARY KEY autoincrement,
                    identify varchar(200),
                    timeout varchar(200),
                    token varchar(200)
                    )
[2021-03-05 22:14:22][debug]  INSERT INTO extend_async   (`identify`,`token`,`timeout`)  VALUES (:_INSERT_0,:_INSERT_1,:_INSERT_2) ;
[2021-03-05 22:16:16][debug] CREATE TABLE  IF NOT EXISTS extend_lock(
                    lock_time varchar(200)
                    )
[2021-03-05 22:16:16][debug]  SELECT *  FROM extend_lock    LIMIT 1 ;
[2021-03-05 22:16:16][debug] CREATE TABLE  IF NOT EXISTS extend_async(
                    id integer PRIMARY KEY autoincrement,
                    identify varchar(200),
                    timeout varchar(200),
                    token varchar(200)
                    )
[2021-03-05 22:16:16][debug]  INSERT INTO extend_async   (`identify`,`token`,`timeout`)  VALUES (:_INSERT_0,:_INSERT_1,:_INSERT_2) ;
[2021-03-05 22:17:03][debug] CREATE TABLE  IF NOT EXISTS extend_lock(
                    lock_time varchar(200)
                    )
[2021-03-05 22:17:03][debug]  SELECT *  FROM extend_lock    LIMIT 1 ;
[2021-03-05 22:17:03][debug] CREATE TABLE  IF NOT EXISTS extend_async(
                    id integer PRIMARY KEY autoincrement,
                    identify varchar(200),
                    timeout varchar(200),
                    token varchar(200)
                    )
[2021-03-05 22:17:03][debug]  INSERT INTO extend_async   (`identify`,`token`,`timeout`)  VALUES (:_INSERT_0,:_INSERT_1,:_INSERT_2) ;
[2021-03-05 22:21:04][debug] CREATE TABLE  IF NOT EXISTS extend_lock(
                    lock_time varchar(200)
                    )
[2021-03-05 22:21:04][debug]  SELECT *  FROM extend_lock    LIMIT 1 ;
[2021-03-05 22:21:04][debug] CREATE TABLE  IF NOT EXISTS extend_async(
                    id integer PRIMARY KEY autoincrement,
                    identify varchar(200),
                    timeout varchar(200),
                    token varchar(200)
                    )
[2021-03-05 22:21:04][debug]  INSERT INTO extend_async   (`identify`,`token`,`timeout`)  VALUES (:_INSERT_0,:_INSERT_1,:_INSERT_2) ;
[2021-03-05 22:22:56][debug] CREATE TABLE  IF NOT EXISTS extend_lock(
                    lock_time varchar(200)
                    )
[2021-03-05 22:22:56][debug]  SELECT *  FROM extend_lock    LIMIT 1 ;
[2021-03-05 22:22:56][debug] CREATE TABLE  IF NOT EXISTS extend_async(
                    id integer PRIMARY KEY autoincrement,
                    identify varchar(200),
                    timeout varchar(200),
                    token varchar(200)
                    )
[2021-03-05 22:22:56][debug]  INSERT INTO extend_async   (`identify`,`token`,`timeout`)  VALUES (:_INSERT_0,:_INSERT_1,:_INSERT_2) ;
[2021-03-05 22:32:00][debug] CREATE TABLE  IF NOT EXISTS extend_lock(
                    lock_time varchar(200)
                    )
[2021-03-05 22:32:00][debug]  SELECT *  FROM extend_lock    LIMIT 1 ;
[2021-03-05 22:32:00][debug] CREATE TABLE  IF NOT EXISTS extend_async(
                    id integer PRIMARY KEY autoincrement,
                    identify varchar(200),
                    timeout varchar(200),
                    token varchar(200)
                    )
[2021-03-05 22:32:00][debug]  INSERT INTO extend_async   (`identify`,`token`,`timeout`)  VALUES (:_INSERT_0,:_INSERT_1,:_INSERT_2) ;
