[2021-03-05 16:51:55][debug] CREATE TABLE  IF NOT EXISTS extend_lock(
                    lock_time varchar(200)
                    )
[2021-03-05 16:51:55][debug] 3.5779476165771ms
[2021-03-05 16:51:55][debug]  SELECT *  FROM extend_lock    LIMIT 1 ;
[2021-03-05 16:51:55][debug] 0.30612945556641ms
[2021-03-05 16:51:55][debug] CREATE TABLE  IF NOT EXISTS extend_async(
                    id integer PRIMARY KEY autoincrement,
                    identify varchar(200),
                    timeout varchar(200),
                    token varchar(200)
                    )
[2021-03-05 16:51:55][debug] 0.089168548583984ms
[2021-03-05 16:51:55][debug]  INSERT INTO extend_async   (`identify`,`token`,`timeout`)  VALUES ("6306f12906d361d44f20d823705e64b4","13m0cH5YyMNUjCBe57bOnHp273Hgmspsei3j51kW5qFwneh3NLdhp6xvoetBge4SwyoIt2L8GfNrseuo8NZ5r8dAapvIDqbPO6nw3PDJgZOYg7M3grxYpSzTuKUFAJ1a","1614934375") ;
[2021-03-05 16:51:55][debug] 1.5711784362793ms
[2021-03-05 16:53:03][debug] CREATE TABLE  IF NOT EXISTS extend_lock(
                    lock_time varchar(200)
                    )
[2021-03-05 16:53:03][debug] 2.0201206207275ms
[2021-03-05 16:53:03][debug]  SELECT *  FROM extend_lock    LIMIT 1 ;
[2021-03-05 16:53:03][debug] 0.18000602722168ms
[2021-03-05 16:53:03][debug] CREATE TABLE  IF NOT EXISTS extend_async(
                    id integer PRIMARY KEY autoincrement,
                    identify varchar(200),
                    timeout varchar(200),
                    token varchar(200)
                    )
[2021-03-05 16:53:03][debug] 0.14019012451172ms
[2021-03-05 16:53:03][debug]  INSERT INTO extend_async   (`identify`,`token`,`timeout`)  VALUES ("5d8094a57e16bf61067ba555359cba2a","Lx1ALC4fKoqqilFPyhRINyexMaZtYbqxbm9xmMSb9cB98CVzcAU20OzODmxcPRCetmoLyUpjGwmysiexzU4nQ9JCfZtlFRCgtJEDnl5efEEBe3jvsRhu1b4Yt88KYGwG","1614934443") ;
[2021-03-05 16:53:03][debug] 1.1498928070068ms
[2021-03-05 16:57:32][debug] CREATE TABLE  IF NOT EXISTS extend_lock(
                    lock_time varchar(200)
                    )
[2021-03-05 16:57:32][debug] 1.4259815216064ms
[2021-03-05 16:57:32][debug]  SELECT *  FROM extend_lock    LIMIT 1 ;
[2021-03-05 16:57:32][debug] 0.25105476379395ms
[2021-03-05 16:57:32][debug] CREATE TABLE  IF NOT EXISTS extend_async(
                    id integer PRIMARY KEY autoincrement,
                    identify varchar(200),
                    timeout varchar(200),
                    token varchar(200)
                    )
[2021-03-05 16:57:32][debug] 0.082969665527344ms
[2021-03-05 16:57:32][debug]  INSERT INTO extend_async   (`identify`,`token`,`timeout`)  VALUES ("a65e51d04eace93984e11dfb66681273","zVoJXzipCk9wpMOoDXGrjwUFXJlvHQScizp3tSJNIojwg9TbtqNlcwPLzb9By4dv0JrKCKhHSdNWp9w7iZNEDAoz8qD4nuyoQbH0968tW6FFEw3RnD6KOK4GfR5t0ENG","1614934712") ;
[2021-03-05 16:57:32][debug] 2.4058818817139ms
[2021-03-05 16:57:42][debug] CREATE TABLE  IF NOT EXISTS extend_lock(
                    lock_time varchar(200)
                    )
[2021-03-05 16:57:42][debug] 0.83398818969727ms
[2021-03-05 16:57:42][debug]  SELECT *  FROM extend_lock    LIMIT 1 ;
[2021-03-05 16:57:42][debug] 0.085115432739258ms
[2021-03-05 16:57:42][debug] CREATE TABLE  IF NOT EXISTS extend_async(
                    id integer PRIMARY KEY autoincrement,
                    identify varchar(200),
                    timeout varchar(200),
                    token varchar(200)
                    )
[2021-03-05 16:57:42][debug] 0.072002410888672ms
[2021-03-05 16:57:42][debug]  INSERT INTO extend_async   (`identify`,`token`,`timeout`)  VALUES ("e33ac6436ce9bad6626c2143c18687c4","uEHNnvXVffXoElYrQcjuWWAdmLvG1BFbys4e5Mu7oiKYKV3FjfKe4SYDYgcjUB6gMLqXDQ97xu4KhuvzPORW9EuJAZm7gDZvuy8SdwU5U7Ao7dvLrffhH9ck6gAKHvPb","1614934722") ;
[2021-03-05 16:57:42][debug] 0.80299377441406ms
[2021-03-05 17:00:25][debug] CREATE TABLE  IF NOT EXISTS extend_lock(
                    lock_time varchar(200)
                    )
[2021-03-05 17:00:25][debug] 2.0599365234375ms
[2021-03-05 17:00:25][debug]  SELECT *  FROM extend_lock    LIMIT 1 ;
[2021-03-05 17:00:25][debug] 0.37693977355957ms
[2021-03-05 17:00:25][debug] CREATE TABLE  IF NOT EXISTS extend_async(
                    id integer PRIMARY KEY autoincrement,
                    identify varchar(200),
                    timeout varchar(200),
                    token varchar(200)
                    )
[2021-03-05 17:00:25][debug] 0.086069107055664ms
[2021-03-05 17:00:25][debug]  INSERT INTO extend_async   (`identify`,`token`,`timeout`)  VALUES ("2c2f39e09f0f747665f44fb45ad6ce70","22avbuF0KgmoRR4T90GI4gSC5MVq1Rf9da0as5JmSANtu9jq8wlWU7oeK4StOO0kZcF76xQ9WyBmAAbsMf3qcvuGRZfZ3l2KOMrNczcbvum7dRggvussQWDboJHbGE7c","1614934885") ;
[2021-03-05 17:00:25][debug] 1.5079975128174ms
[2021-03-05 17:00:43][debug] CREATE TABLE  IF NOT EXISTS extend_lock(
                    lock_time varchar(200)
                    )
[2021-03-05 17:00:43][debug] 0.7789134979248ms
[2021-03-05 17:00:43][debug]  SELECT *  FROM extend_lock    LIMIT 1 ;
[2021-03-05 17:00:43][debug] 0.056028366088867ms
[2021-03-05 17:00:43][debug] CREATE TABLE  IF NOT EXISTS extend_async(
                    id integer PRIMARY KEY autoincrement,
                    identify varchar(200),
                    timeout varchar(200),
                    token varchar(200)
                    )
[2021-03-05 17:00:43][debug] 0.28014183044434ms
[2021-03-05 17:00:43][debug]  INSERT INTO extend_async   (`identify`,`token`,`timeout`)  VALUES ("803c9aa07596404ed9f980e35c50d5b6","dWw3PiWAID4XpOd4eIE4lCPBjupFuUeI4xOZ3LOEVOPran06e4T82NXHYeavA4RIfghFtsgBGO8eXYCr73d9IvXdU6ioRZFwC4vv7ZzJivEAc5cBCQiEeaZRfctRcllD","1614934903") ;
[2021-03-05 17:00:43][debug] 2.8591156005859ms
[2021-03-05 17:01:10][debug] CREATE TABLE  IF NOT EXISTS extend_lock(
                    lock_time varchar(200)
                    )
[2021-03-05 17:01:10][debug] 2.4712085723877ms
[2021-03-05 17:01:10][debug]  SELECT *  FROM extend_lock    LIMIT 1 ;
[2021-03-05 17:01:10][debug] 0.26297569274902ms
[2021-03-05 17:01:10][debug] CREATE TABLE  IF NOT EXISTS extend_async(
                    id integer PRIMARY KEY autoincrement,
                    identify varchar(200),
                    timeout varchar(200),
                    token varchar(200)
                    )
[2021-03-05 17:01:10][debug] 0.08392333984375ms
[2021-03-05 17:01:10][debug]  INSERT INTO extend_async   (`identify`,`token`,`timeout`)  VALUES ("86a222c01886daa923476937d748739e","bzBI9PaPh4uJvpL4U5czcoBUbsh9PWbgppMra4FlZQxsG9CLSOemjBBlzMeyYmnORma7g3CpaW4HQEmc9CvT8E6urMQcOU7ZbZQAAxlRQQDaAUt3RoreZgrdsU4w0bVV","1614934930") ;
[2021-03-05 17:01:10][debug] 1.3439655303955ms
[2021-03-05 17:03:32][debug] CREATE TABLE  IF NOT EXISTS extend_lock(
                    lock_time varchar(200)
                    )
[2021-03-05 17:03:32][debug] 0.94008445739746ms
[2021-03-05 17:03:32][debug]  SELECT *  FROM extend_lock    LIMIT 1 ;
[2021-03-05 17:03:32][debug] 0.088930130004883ms
[2021-03-05 17:03:32][debug] CREATE TABLE  IF NOT EXISTS extend_async(
                    id integer PRIMARY KEY autoincrement,
                    identify varchar(200),
                    timeout varchar(200),
                    token varchar(200)
                    )
[2021-03-05 17:03:32][debug] 0.14996528625488ms
[2021-03-05 17:03:32][debug]  INSERT INTO extend_async   (`identify`,`token`,`timeout`)  VALUES ("d23d0ca61bcd67c309147f922270c4ba","ZNQgPbktYkiPGuxjnB1YiNRTmeqqEqIxbwoL78fOQ6fXPUQUEBBfQS3ttjkrDZyiuXvuszP9iOM8imbbXuAeAdyT4TcOGtejLySKzthOmTL7cg4oJL0QvZBxdEZA77XK","1614935072") ;
[2021-03-05 17:03:32][debug] 2.371072769165ms
[2021-03-05 17:03:42][debug] CREATE TABLE  IF NOT EXISTS extend_lock(
                    lock_time varchar(200)
                    )
[2021-03-05 17:03:42][debug] 0.9920597076416ms
[2021-03-05 17:03:42][debug]  SELECT *  FROM extend_lock    LIMIT 1 ;
[2021-03-05 17:03:42][debug] 0.16999244689941ms
[2021-03-05 17:03:42][debug] CREATE TABLE  IF NOT EXISTS extend_async(
                    id integer PRIMARY KEY autoincrement,
                    identify varchar(200),
                    timeout varchar(200),
                    token varchar(200)
                    )
[2021-03-05 17:03:42][debug] 0.082015991210938ms
[2021-03-05 17:03:42][debug]  INSERT INTO extend_async   (`identify`,`token`,`timeout`)  VALUES ("4eca1430fb0ea6a6fc5c6687faa6ad05","QK9AJoxEAiZ3jntOtflfEaIESL2ltnLz7a3XYxNBEq2Ju1Fvh8tHT1LKaadXAkDMH7rhYUirCUL7Bm6gOK72XSyio6U1W6ve6P8EY4s2eeLjCAWC6wcTaOg8CbfS1mao","1614935082") ;
[2021-03-05 17:03:42][debug] 1.0499954223633ms
[2021-03-05 17:08:58][debug] CREATE TABLE  IF NOT EXISTS extend_lock(
                    lock_time varchar(200)
                    )
[2021-03-05 17:08:58][debug] 1.3210773468018ms
[2021-03-05 17:08:58][debug]  SELECT *  FROM extend_lock    LIMIT 1 ;
[2021-03-05 17:08:58][debug] 0.25796890258789ms
[2021-03-05 17:08:58][debug] CREATE TABLE  IF NOT EXISTS extend_async(
                    id integer PRIMARY KEY autoincrement,
                    identify varchar(200),
                    timeout varchar(200),
                    token varchar(200)
                    )
[2021-03-05 17:08:58][debug] 0.094890594482422ms
[2021-03-05 17:08:58][debug]  INSERT INTO extend_async   (`identify`,`token`,`timeout`)  VALUES ("73d16c83479fb8c3087074114154bb6b","qIbMkjKDkVKBLu2NFJCCc1wEJWeVTCMzH4XjptBJHWeCaZsU1LfHRcwDGq6ERARPpzGdhG896YnH62ZOrZcHpBmjzY4oLdo62pMM8EQ9FRG5iGSmATr9zch66e7Z6nZB","1614935398") ;
[2021-03-05 17:08:58][debug] 1.4069080352783ms
[2021-03-05 17:10:13][debug] CREATE TABLE  IF NOT EXISTS extend_lock(
                    lock_time varchar(200)
                    )
[2021-03-05 17:10:13][debug] 0.98896026611328ms
[2021-03-05 17:10:13][debug]  SELECT *  FROM extend_lock    LIMIT 1 ;
[2021-03-05 17:10:13][debug] 0.065088272094727ms
[2021-03-05 17:10:13][debug] CREATE TABLE  IF NOT EXISTS extend_async(
                    id integer PRIMARY KEY autoincrement,
                    identify varchar(200),
                    timeout varchar(200),
                    token varchar(200)
                    )
[2021-03-05 17:10:13][debug] 0.060081481933594ms
[2021-03-05 17:10:13][debug]  INSERT INTO extend_async   (`identify`,`token`,`timeout`)  VALUES ("a023f4551070075eb59e26ef532e1918","3vMpJW1SCbpa8jZgxXsX4RgAsNOn4OI7xYf7qIuZJ9giAsU6yPjW4rnmrnnKYxZt6eo2lzEtguZvbu4tzeFRMvCHI8sUzAMSC1PwOgo7Ff30WsxgEDuUTWEcB6dY4R1X","1614935473") ;
[2021-03-05 17:10:13][debug] 0.89287757873535ms
[2021-03-05 17:12:41][debug] CREATE TABLE  IF NOT EXISTS extend_lock(
                    lock_time varchar(200)
                    )
[2021-03-05 17:12:41][debug] 1.0271072387695ms
[2021-03-05 17:12:41][debug]  SELECT *  FROM extend_lock    LIMIT 1 ;
[2021-03-05 17:12:41][debug] 0.17309188842773ms
[2021-03-05 17:12:41][debug] CREATE TABLE  IF NOT EXISTS extend_async(
                    id integer PRIMARY KEY autoincrement,
                    identify varchar(200),
                    timeout varchar(200),
                    token varchar(200)
                    )
[2021-03-05 17:12:41][debug] 0.13399124145508ms
[2021-03-05 17:12:41][debug]  INSERT INTO extend_async   (`identify`,`token`,`timeout`)  VALUES ("cc5a17e09205087f0c69fab5243ddb59","n7i4kP3945TDHJ9IItM0ANcBC2Nz9QNAMJfuNsgKgfeg3zYpPUMiTXngjMeshfEPCaBpwgySi5gFf36VJROQH2EhqR4OZfkLMe19K0cqdvwKXakjgGPERze00QniQ3lx","1614935621") ;
[2021-03-05 17:12:41][debug] 2.5279521942139ms
[2021-03-05 17:13:53][debug] CREATE TABLE  IF NOT EXISTS extend_lock(
                    lock_time varchar(200)
                    )
[2021-03-05 17:13:53][debug] 1.5158653259277ms
[2021-03-05 17:13:53][debug]  SELECT *  FROM extend_lock    LIMIT 1 ;
[2021-03-05 17:13:53][debug] 0.11897087097168ms
[2021-03-05 17:13:53][debug] CREATE TABLE  IF NOT EXISTS extend_async(
                    id integer PRIMARY KEY autoincrement,
                    identify varchar(200),
                    timeout varchar(200),
                    token varchar(200)
                    )
[2021-03-05 17:13:53][debug] 0.18787384033203ms
[2021-03-05 17:13:53][debug]  INSERT INTO extend_async   (`identify`,`token`,`timeout`)  VALUES ("f9eba57ba8b284bb9731fa9213e6293b","Hfw3wLYtD7CdAlPG8EgOUlIlPNJaeo2yj8OISuCFP0KCDLpPEammV6ET53lRHfXJwonSdHsCIdGKIpHyvdvKgjqAcuHrlqPFMrLsGiCTIIUbXl7EkoQhjLzhDO0HI1jK","1614935693") ;
[2021-03-05 17:13:53][debug] 2.0668506622314ms
[2021-03-05 17:14:33][debug] CREATE TABLE  IF NOT EXISTS extend_lock(
                    lock_time varchar(200)
                    )
[2021-03-05 17:14:33][debug] 0.82993507385254ms
[2021-03-05 17:14:33][debug]  SELECT *  FROM extend_lock    LIMIT 1 ;
[2021-03-05 17:14:33][debug] 0.11706352233887ms
[2021-03-05 17:14:33][debug] CREATE TABLE  IF NOT EXISTS extend_async(
                    id integer PRIMARY KEY autoincrement,
                    identify varchar(200),
                    timeout varchar(200),
                    token varchar(200)
                    )
[2021-03-05 17:14:33][debug] 0.10991096496582ms
[2021-03-05 17:14:33][debug]  INSERT INTO extend_async   (`identify`,`token`,`timeout`)  VALUES ("dccd39be851e43a4a893d1e2c0d78da2","I8VRJkMFz4d1wBYQdAThDWOpuHukYTpkVzfHHyfx2vO99uzdLq7TMssIjWGhHrjADHaf4womUPytmZg7cKL4CPa3Yq7JdgSnrS1hvj5VTEDeV3NAaWQBPCjIvEN30foQ","1614935733") ;
[2021-03-05 17:14:33][debug] 0.96392631530762ms
[2021-03-05 17:16:50][debug] CREATE TABLE  IF NOT EXISTS extend_lock(
                    lock_time varchar(200)
                    )
[2021-03-05 17:16:50][debug] 0.85902214050293ms
[2021-03-05 17:16:50][debug]  SELECT *  FROM extend_lock    LIMIT 1 ;
[2021-03-05 17:16:50][debug] 0.10013580322266ms
[2021-03-05 17:16:50][debug] CREATE TABLE  IF NOT EXISTS extend_async(
                    id integer PRIMARY KEY autoincrement,
                    identify varchar(200),
                    timeout varchar(200),
                    token varchar(200)
                    )
[2021-03-05 17:16:50][debug] 0.89192390441895ms
[2021-03-05 17:16:50][debug]  INSERT INTO extend_async   (`identify`,`token`,`timeout`)  VALUES ("962aa55ca524d17745956b109ac52623","UEjLJcJGz6bxP9Wo83wpHX6JJP2i6umNESU7jCMq0wyHCSn8ajppaFbfsv0efhuI4KHzx4AyF3mlI7zGVz9diLUopHak3LXi3B4zELnBlpmxs1AyVJ9jIzCSzs1aY3W5","1614935870") ;
[2021-03-05 17:16:50][debug] 1.8599033355713ms
[2021-03-05 17:18:07][debug] CREATE TABLE  IF NOT EXISTS extend_lock(
                    lock_time varchar(200)
                    )
[2021-03-05 17:18:07][debug] 0.81300735473633ms
[2021-03-05 17:18:07][debug]  SELECT *  FROM extend_lock    LIMIT 1 ;
[2021-03-05 17:18:07][debug] 0.047922134399414ms
[2021-03-05 17:18:07][debug] CREATE TABLE  IF NOT EXISTS extend_async(
                    id integer PRIMARY KEY autoincrement,
                    identify varchar(200),
                    timeout varchar(200),
                    token varchar(200)
                    )
[2021-03-05 17:18:07][debug] 0.082015991210938ms
[2021-03-05 17:18:07][debug]  INSERT INTO extend_async   (`identify`,`token`,`timeout`)  VALUES ("c8a8618a00b6a8ef93bfd0720998086e","W48rNH5lrc0DKQcUTQMEzvdfmrGnHhBlPSpucC1dpJquoc8UeEIqJRcpJP1RqOwkB38fCLyisXmlKMAs733eSWFZ0XdTvZzdiqDNaRnKHiQJW7InmSQchkIwyunWt8fa","1614935947") ;
[2021-03-05 17:18:07][debug] 6.087064743042ms
[2021-03-05 17:18:40][debug] CREATE TABLE  IF NOT EXISTS extend_lock(
                    lock_time varchar(200)
                    )
[2021-03-05 17:18:40][debug] 1.0240077972412ms
[2021-03-05 17:18:40][debug]  SELECT *  FROM extend_lock    LIMIT 1 ;
[2021-03-05 17:18:40][debug] 0.08702278137207ms
[2021-03-05 17:18:40][debug] CREATE TABLE  IF NOT EXISTS extend_async(
                    id integer PRIMARY KEY autoincrement,
                    identify varchar(200),
                    timeout varchar(200),
                    token varchar(200)
                    )
[2021-03-05 17:18:40][debug] 0.060081481933594ms
[2021-03-05 17:18:40][debug]  INSERT INTO extend_async   (`identify`,`token`,`timeout`)  VALUES ("90a802541116146d51e076802bf76a36","WvbxMCDJfSljgIT9VeXynIShF3bNi1ZiTMkkCAZ4IxtFm9GPH97tOpvhJC8E3thPSoJ0pLfB87NQ3K2EegY1l0lQVFyfc8UJp3u20OdyvMADdj9n7ZkcNyOVNSIRiqbG","1614935980") ;
[2021-03-05 17:18:40][debug] 2.1560192108154ms
[2021-03-05 17:19:12][debug] CREATE TABLE  IF NOT EXISTS extend_lock(
                    lock_time varchar(200)
                    )
[2021-03-05 17:19:12][debug] 1.8379688262939ms
[2021-03-05 17:19:12][debug]  SELECT *  FROM extend_lock    LIMIT 1 ;
[2021-03-05 17:19:12][debug] 0.26202201843262ms
[2021-03-05 17:19:12][debug] CREATE TABLE  IF NOT EXISTS extend_async(
                    id integer PRIMARY KEY autoincrement,
                    identify varchar(200),
                    timeout varchar(200),
                    token varchar(200)
                    )
[2021-03-05 17:19:12][debug] 0.088930130004883ms
[2021-03-05 17:19:12][debug]  INSERT INTO extend_async   (`identify`,`token`,`timeout`)  VALUES ("d99d813fcb5793ca14d7d7aa30033a41","cfELvkwYFRpQ8tN2gB9yYXsMy3eAEVnnXv92sBJvstiOAMHpxl9Non74RMqmvjp5CP8fIGYVrQv2C4YpFelSrilwAOBguNe86gghtyQbUDo59Oj5GtlJvkO7y8GzCMT0","1614936012") ;
[2021-03-05 17:19:12][debug] 1.107931137085ms
[2021-03-05 18:42:04][debug] CREATE TABLE  IF NOT EXISTS extend_lock(
                    lock_time varchar(200)
                    )
[2021-03-05 18:42:04][debug] 0.7779598236084ms
[2021-03-05 18:42:04][debug]  SELECT *  FROM extend_lock    LIMIT 1 ;
[2021-03-05 18:42:04][debug] 0.079870223999023ms
[2021-03-05 18:42:04][debug] CREATE TABLE  IF NOT EXISTS extend_async(
                    id integer PRIMARY KEY autoincrement,
                    identify varchar(200),
                    timeout varchar(200),
                    token varchar(200)
                    )
[2021-03-05 18:42:04][debug] 0.076055526733398ms
[2021-03-05 18:42:04][debug]  INSERT INTO extend_async   (`identify`,`token`,`timeout`)  VALUES ("65803a0f3d55d21c712d40f0be1fef4e","VBYV54RbGJ9FQ6qhWuYGpyO3hLNb9RptufEipIF6Z6eewi5180SGA1fMNp4uU6dUqAoeluF6J4R9mBkoweZ5wjuZe4IMAuIaxsTxcaitKXH6gw0LQxrvggJhEj3Lf19G","1614940984") ;
[2021-03-05 18:42:04][debug] 0.9918212890625ms
[2021-03-05 18:44:23][debug] CREATE TABLE  IF NOT EXISTS extend_lock(
                    lock_time varchar(200)
                    )
[2021-03-05 18:44:23][debug] 0.94509124755859ms
[2021-03-05 18:44:23][debug]  SELECT *  FROM extend_lock    LIMIT 1 ;
[2021-03-05 18:44:23][debug] 0.13995170593262ms
[2021-03-05 18:44:23][debug] CREATE TABLE  IF NOT EXISTS extend_async(
                    id integer PRIMARY KEY autoincrement,
                    identify varchar(200),
                    timeout varchar(200),
                    token varchar(200)
                    )
[2021-03-05 18:44:23][debug] 0.20694732666016ms
[2021-03-05 18:44:23][debug]  INSERT INTO extend_async   (`identify`,`token`,`timeout`)  VALUES ("52c2e0a0bc01f1a2a1ee72fb41156cff","3VcdEFEWHKebrmz5RiZCHPrHO971bqARDwJm13GnNaf7imG2XAHxdZx24XXzCXjT0MJewbNu2ik0OApWspnMo7vcANW6tlVAYCAzFJJtEp4zQ0fCIxwCiQ0xrusSTSWk","1614941123") ;
[2021-03-05 18:44:23][debug] 1.5161037445068ms
[2021-03-05 18:53:37][debug] CREATE TABLE  IF NOT EXISTS extend_lock(
                    lock_time varchar(200)
                    )
[2021-03-05 18:53:37][debug] 2.5529861450195ms
[2021-03-05 18:53:37][debug]  SELECT *  FROM extend_lock    LIMIT 1 ;
[2021-03-05 18:53:37][debug] 0.33402442932129ms
[2021-03-05 18:53:37][debug] CREATE TABLE  IF NOT EXISTS extend_async(
                    id integer PRIMARY KEY autoincrement,
                    identify varchar(200),
                    timeout varchar(200),
                    token varchar(200)
                    )
[2021-03-05 18:53:37][debug] 0.4279613494873ms
[2021-03-05 18:53:37][debug]  INSERT INTO extend_async   (`identify`,`token`,`timeout`)  VALUES ("4f4d4109767da2c06cc4ca04f47da4ff","I0did2FWoQlHI2NiQ5QDXGDjr72OIuB7cgkPqTLXAlE4mUhbubFND2xGtHObZPxDOP5LWqWlHXaKWilkms3P2pjH3YoV9cjmVjszAKdX1UapNXqt3VDY2YNGiDx1pP2q","1614941677") ;
[2021-03-05 18:53:37][debug] 5.2049160003662ms
[2021-03-05 18:53:46][debug] CREATE TABLE  IF NOT EXISTS extend_lock(
                    lock_time varchar(200)
                    )
[2021-03-05 18:53:46][debug] 0.82612037658691ms
[2021-03-05 18:53:46][debug]  SELECT *  FROM extend_lock    LIMIT 1 ;
[2021-03-05 18:53:46][debug] 0.10490417480469ms
[2021-03-05 18:53:46][debug] CREATE TABLE  IF NOT EXISTS extend_async(
                    id integer PRIMARY KEY autoincrement,
                    identify varchar(200),
                    timeout varchar(200),
                    token varchar(200)
                    )
[2021-03-05 18:53:46][debug] 0.23007392883301ms
[2021-03-05 18:53:46][debug]  INSERT INTO extend_async   (`identify`,`token`,`timeout`)  VALUES ("0f8d7d2f8ecd9b5ed0e2af8a612027d9","oE3BIv6uKgaGuThufTru2P8d1jvi0EqvP6yDLWHshi4VULBadH0RE8cqt1CrhbmZ0A9GRfActOI5JrmeesHMIF77k7JBWfEJ6eNTziHurq6fhvbPfCFalDMM88bSgHGs","1614941686") ;
[2021-03-05 18:53:46][debug] 4.0311813354492ms
[2021-03-05 18:53:51][debug] CREATE TABLE  IF NOT EXISTS extend_lock(
                    lock_time varchar(200)
                    )
[2021-03-05 18:53:51][debug] 1.8250942230225ms
[2021-03-05 18:53:51][debug]  SELECT *  FROM extend_lock    LIMIT 1 ;
[2021-03-05 18:53:51][debug] 0.3349781036377ms
[2021-03-05 18:53:51][debug] CREATE TABLE  IF NOT EXISTS extend_async(
                    id integer PRIMARY KEY autoincrement,
                    identify varchar(200),
                    timeout varchar(200),
                    token varchar(200)
                    )
[2021-03-05 18:53:51][debug] 0.16498565673828ms
[2021-03-05 18:53:51][debug]  INSERT INTO extend_async   (`identify`,`token`,`timeout`)  VALUES ("2c4295fcdc2be65eb8c1a1ae48dcf433","wSykV1aHGA9N7U2FxqofAlX6GCYwTC59pTie3A492ywMlzZi0BwqxSDC7UN1IDLHT5qpnlYXJLE5FxbaU7ikLZVghoWhTKNWTpAVESeq2daukNP9rXromlBgheUuycsd","1614941691") ;
[2021-03-05 18:53:51][debug] 6.5329074859619ms
[2021-03-05 19:05:11][debug] CREATE TABLE  IF NOT EXISTS extend_lock(
                    lock_time varchar(200)
                    )
[2021-03-05 19:05:11][debug] 0.9458065032959ms
[2021-03-05 19:05:11][debug]  SELECT *  FROM extend_lock    LIMIT 1 ;
[2021-03-05 19:05:11][debug] 0.15521049499512ms
[2021-03-05 19:05:11][debug] CREATE TABLE  IF NOT EXISTS extend_async(
                    id integer PRIMARY KEY autoincrement,
                    identify varchar(200),
                    timeout varchar(200),
                    token varchar(200)
                    )
[2021-03-05 19:05:11][debug] 0.27799606323242ms
[2021-03-05 19:05:11][debug]  INSERT INTO extend_async   (`identify`,`token`,`timeout`)  VALUES ("c6368addeaacfea87c6dc0a1e9a080c9","D4kfM0IYHh0VdDIXcUugJ0VDdrKx4dvDmAvWw7YEwBgEkIyV3eQAiu6EXlKUznsOhwRLb72KQfxFUC6T7CiJgRW10uFDucIS3XGCG9HLfb8w76YCnthdxoqwQfLeynrs","1614942371") ;
[2021-03-05 19:05:11][debug] 1.4839172363281ms
[2021-03-05 19:36:25][debug] CREATE TABLE  IF NOT EXISTS extend_lock(
                    lock_time varchar(200)
                    )
[2021-03-05 19:36:25][debug] 1.3408660888672ms
[2021-03-05 19:36:25][debug]  SELECT *  FROM extend_lock    LIMIT 1 ;
[2021-03-05 19:36:25][debug] 0.85997581481934ms
[2021-03-05 19:36:25][debug] CREATE TABLE  IF NOT EXISTS extend_async(
                    id integer PRIMARY KEY autoincrement,
                    identify varchar(200),
                    timeout varchar(200),
                    token varchar(200)
                    )
[2021-03-05 19:36:25][debug] 0.5950927734375ms
[2021-03-05 19:36:25][debug]  INSERT INTO extend_async   (`identify`,`token`,`timeout`)  VALUES ("2ffd6e8dae2926fb8f46cd079e8efe9e","rIFn3VQl7PDhLDwkMwxAlyGu5POsAaepLevLIG6sEjTRzQUYh1UiUQxtNGgFosAEddVE6xD4fdhtbJpawwZ7qucA01KXa5c7X9werdk0LTJaCdDbhkF2xlKGXlQ1Vi7f","1614944245") ;
[2021-03-05 19:36:25][debug] 1.5859603881836ms
[2021-03-05 19:36:35][debug] CREATE TABLE  IF NOT EXISTS extend_lock(
                    lock_time varchar(200)
                    )
[2021-03-05 19:36:35][debug] 1.1060237884521ms
[2021-03-05 19:36:35][debug]  SELECT *  FROM extend_lock    LIMIT 1 ;
[2021-03-05 19:36:35][debug] 0.35810470581055ms
[2021-03-05 19:36:35][debug] CREATE TABLE  IF NOT EXISTS extend_async(
                    id integer PRIMARY KEY autoincrement,
                    identify varchar(200),
                    timeout varchar(200),
                    token varchar(200)
                    )
[2021-03-05 19:36:35][debug] 0.28705596923828ms
[2021-03-05 19:36:35][debug]  INSERT INTO extend_async   (`identify`,`token`,`timeout`)  VALUES ("d2f2631bb2b4c02c1980efa76fd0bcc3","c7xbqgiPUJOkItbQc9cYJQ2cwO8EX5yemaf6DPKk61gEsDwPNOuS0H5MAnPNxjp6gKo7IVi3fHBOFFbroDZCU0ebKBOGsEkIKEKDErfN44VYY1f0Z6k1KowzEphrxxZK","1614944255") ;
[2021-03-05 19:36:35][debug] 3.4210681915283ms
[2021-03-05 20:43:40][debug] CREATE TABLE  IF NOT EXISTS extend_lock(
                    lock_time varchar(200)
                    )
[2021-03-05 20:43:40][debug] 1.378059387207ms
[2021-03-05 20:43:40][debug]  SELECT *  FROM extend_lock    LIMIT 1 ;
[2021-03-05 20:43:40][debug] 0.33783912658691ms
[2021-03-05 20:43:40][debug] CREATE TABLE  IF NOT EXISTS extend_async(
                    id integer PRIMARY KEY autoincrement,
                    identify varchar(200),
                    timeout varchar(200),
                    token varchar(200)
                    )
[2021-03-05 20:43:40][debug] 0.27799606323242ms
[2021-03-05 20:43:40][debug]  INSERT INTO extend_async   (`identify`,`token`,`timeout`)  VALUES ("74b6a448898731c0ff04363a33a67811","MKoEkQGPUCRJuxUBvnVRzcibJK3bazBGim64Hf35JQ84Glp6wMGlQ1H10knceV4dXQbCf9WxKhxE07VhAFzw6OZ4sms20P89U11DwlVsxW9HF1suMcyJXaDhbZpkXg79","1614948280") ;
[2021-03-05 20:43:40][debug] 1.3811588287354ms
[2021-03-05 20:45:35][debug] CREATE TABLE  IF NOT EXISTS extend_lock(
                    lock_time varchar(200)
                    )
[2021-03-05 20:45:35][debug] 0.8091926574707ms
[2021-03-05 20:45:35][debug]  SELECT *  FROM extend_lock    LIMIT 1 ;
[2021-03-05 20:45:35][debug] 0.1368522644043ms
[2021-03-05 20:45:35][debug] CREATE TABLE  IF NOT EXISTS extend_async(
                    id integer PRIMARY KEY autoincrement,
                    identify varchar(200),
                    timeout varchar(200),
                    token varchar(200)
                    )
[2021-03-05 20:45:35][debug] 0.25796890258789ms
[2021-03-05 20:45:35][debug]  INSERT INTO extend_async   (`identify`,`token`,`timeout`)  VALUES ("c7085322b117479c9ddf861dc89ec2ef","YPIK1O5snNCsxv7XXcTfQ7iZy6kgZojNIXuOenMFWAdbDvgljlyntH9mMPUyvJhb8O8KQLK8XmCzWIJeuLxNK3HH3LvcAvnAbvHQjcTRzc9R9K64XtCWRGFMqtP3Y759","1614948395") ;
[2021-03-05 20:45:35][debug] 1.7390251159668ms
[2021-03-05 21:05:37][debug] CREATE TABLE  IF NOT EXISTS extend_lock(
                    lock_time varchar(200)
                    )
[2021-03-05 21:05:37][debug] 1.0049343109131ms
[2021-03-05 21:05:37][debug]  SELECT *  FROM extend_lock    LIMIT 1 ;
[2021-03-05 21:05:37][debug] 0.20408630371094ms
[2021-03-05 21:05:37][debug] CREATE TABLE  IF NOT EXISTS extend_async(
                    id integer PRIMARY KEY autoincrement,
                    identify varchar(200),
                    timeout varchar(200),
                    token varchar(200)
                    )
[2021-03-05 21:05:37][debug] 0.26512145996094ms
[2021-03-05 21:05:37][debug]  INSERT INTO extend_async   (`identify`,`token`,`timeout`)  VALUES ("8fb37a2e1a877e32fa3f238cdca5f715","Gw2nJNnGd5h5pwUYJi9SCGUukitqrpi31fz1Wr4jQdeMuFfroOVfGIOcnufwht1OkHmiXKvIZhEGz4QPNfs18do6tK4FWxBEY07Ld7SjmsazEr3jksPcHTatyeupPyTN","1614949597") ;
[2021-03-05 21:05:37][debug] 1.3089179992676ms
[2021-03-05 21:05:49][debug] CREATE TABLE  IF NOT EXISTS extend_lock(
                    lock_time varchar(200)
                    )
[2021-03-05 21:05:49][debug] 2.1388530731201ms
[2021-03-05 21:05:49][debug]  SELECT *  FROM extend_lock    LIMIT 1 ;
[2021-03-05 21:05:49][debug] 0.19407272338867ms
[2021-03-05 21:05:49][debug] CREATE TABLE  IF NOT EXISTS extend_async(
                    id integer PRIMARY KEY autoincrement,
                    identify varchar(200),
                    timeout varchar(200),
                    token varchar(200)
                    )
[2021-03-05 21:05:49][debug] 0.34785270690918ms
[2021-03-05 21:05:49][debug]  INSERT INTO extend_async   (`identify`,`token`,`timeout`)  VALUES ("9068979bdc6f60d99782bb1b92693b89","hzKabx9bXKB2EolqcLDxnn1QIqE5qdKvUOEqc0j4vy5G8U4al7wek4ARrkDFgzycmAEpSCgJhNmc9jGFxGOqLe00fjiuD6stSmksgwWGIWabBFpDFYWMdH07zbjyA9Px","1614949609") ;
[2021-03-05 21:05:49][debug] 0.98896026611328ms
[2021-03-05 21:14:48][debug] CREATE TABLE  IF NOT EXISTS extend_lock(
                    lock_time varchar(200)
                    )
[2021-03-05 21:14:48][debug] 2.8278827667236ms
[2021-03-05 21:14:48][debug]  SELECT *  FROM extend_lock    LIMIT 1 ;
[2021-03-05 21:14:48][debug] 0.54001808166504ms
[2021-03-05 21:14:48][debug] CREATE TABLE  IF NOT EXISTS extend_async(
                    id integer PRIMARY KEY autoincrement,
                    identify varchar(200),
                    timeout varchar(200),
                    token varchar(200)
                    )
[2021-03-05 21:14:48][debug] 0.76198577880859ms
[2021-03-05 21:14:48][debug]  INSERT INTO extend_async   (`identify`,`token`,`timeout`)  VALUES ("cf0e75d9b448f75c83c8592fed3c9329","rw7dnv0la12nIP1nB9wmK9t04UIzoThG73veDtUI26RYmgZndN8zxS14wy7vO6SaAoFAQRIAYaXDaO94cEZn18U4XvLz6US9eScZTYHtCjw3MpU5znxh34OjAs8AiUIa","1614950148") ;
[2021-03-05 21:14:48][debug] 6.0679912567139ms
[2021-03-05 21:17:44][debug] CREATE TABLE  IF NOT EXISTS extend_lock(
                    lock_time varchar(200)
                    )
[2021-03-05 21:17:44][debug] 1.1701583862305ms
[2021-03-05 21:17:44][debug]  SELECT *  FROM extend_lock    LIMIT 1 ;
[2021-03-05 21:17:44][debug] 0.32615661621094ms
[2021-03-05 21:17:44][debug] CREATE TABLE  IF NOT EXISTS extend_async(
                    id integer PRIMARY KEY autoincrement,
                    identify varchar(200),
                    timeout varchar(200),
                    token varchar(200)
                    )
[2021-03-05 21:17:44][debug] 0.52595138549805ms
[2021-03-05 21:17:44][debug]  INSERT INTO extend_async   (`identify`,`token`,`timeout`)  VALUES ("e6297469bd8bf9e64ad5f912a5a599ae","rHyP4OWBcWDKsT5XATOJxz2YwlviL7AMjvIGi8PIgKW0maaL3iWSPeXPfV1ZuxuwdqwtKDpB1b21aicpuHnhyiscL2RJHbYK2NEAxAZMH05wjTUqkEpTBMGsTtVK6P2A","1614950324") ;
[2021-03-05 21:17:44][debug] 1.6610622406006ms
[2021-03-05 21:32:55][debug] CREATE TABLE  IF NOT EXISTS extend_lock(
                    lock_time varchar(200)
                    )
[2021-03-05 21:32:55][debug] 1.6100406646729ms
[2021-03-05 21:32:55][debug]  SELECT *  FROM extend_lock    LIMIT 1 ;
[2021-03-05 21:32:55][debug] 0.35691261291504ms
[2021-03-05 21:32:55][debug] CREATE TABLE  IF NOT EXISTS extend_async(
                    id integer PRIMARY KEY autoincrement,
                    identify varchar(200),
                    timeout varchar(200),
                    token varchar(200)
                    )
[2021-03-05 21:32:55][debug] 0.30016899108887ms
[2021-03-05 21:32:55][debug]  INSERT INTO extend_async   (`identify`,`token`,`timeout`)  VALUES ("f320854def1f957a120cab7a772f5450","BQEhjJurfU70egMcOqLN31ZBtEWmolH6g3baElb26875x9FU09V7BjiCPQYeyEhjEklS3808A2DWrOM3mN0nAJzOp45N8CboVIAozetFAArSSw00at3AcdGxNj0OgiVs","1614951235") ;
[2021-03-05 21:32:55][debug] 1.3320446014404ms
[2021-03-05 21:35:07][debug] CREATE TABLE  IF NOT EXISTS extend_lock(
                    lock_time varchar(200)
                    )
[2021-03-05 21:35:07][debug] 1.1138916015625ms
[2021-03-05 21:35:07][debug]  SELECT *  FROM extend_lock    LIMIT 1 ;
[2021-03-05 21:35:07][debug] 0.21791458129883ms
[2021-03-05 21:35:07][debug] CREATE TABLE  IF NOT EXISTS extend_async(
                    id integer PRIMARY KEY autoincrement,
                    identify varchar(200),
                    timeout varchar(200),
                    token varchar(200)
                    )
[2021-03-05 21:35:07][debug] 0.26082992553711ms
[2021-03-05 21:35:07][debug]  INSERT INTO extend_async   (`identify`,`token`,`timeout`)  VALUES ("8ab55b91c893a1f4320371216ba09359","KqkhScSOPae5OOnJtvCxq03spqoZ4K9V6lPlgoDfEDMgwIA0tlqLE5svtXhiG8OcHWA2XToG7QxnqeiFjrE8llWpH7mIrfaAvKVObkYrlftMG014asBM2Wfz8VGiRpn8","1614951367") ;
[2021-03-05 21:35:07][debug] 0.9770393371582ms
[2021-03-05 21:36:43][debug] CREATE TABLE  IF NOT EXISTS extend_lock(
                    lock_time varchar(200)
                    )
[2021-03-05 21:36:43][debug] 2.1669864654541ms
[2021-03-05 21:36:43][debug]  SELECT *  FROM extend_lock    LIMIT 1 ;
[2021-03-05 21:36:43][debug] 0.44703483581543ms
[2021-03-05 21:36:43][debug] CREATE TABLE  IF NOT EXISTS extend_async(
                    id integer PRIMARY KEY autoincrement,
                    identify varchar(200),
                    timeout varchar(200),
                    token varchar(200)
                    )
[2021-03-05 21:36:43][debug] 0.29206275939941ms
[2021-03-05 21:36:43][debug]  INSERT INTO extend_async   (`identify`,`token`,`timeout`)  VALUES ("652700622e6a33de5a2917a7b6141c60","9B4JC1JCYvHPWhzfoegLYp5EdVuPkMPX2kDpHp70SOtyecY6c3cVTUBjtlxLCiKcExkUjgsIvbakqiGcS7LVUZctiOcJtFneV8UylO9Zrk7ykjn8x5VMb1IxLHty8bVA","1614951463") ;
[2021-03-05 21:36:43][debug] 1.4519691467285ms
[2021-03-05 21:44:22][debug] CREATE TABLE  IF NOT EXISTS extend_lock(
                    lock_time varchar(200)
                    )
[2021-03-05 21:44:22][debug] 1.3818740844727ms
[2021-03-05 21:44:22][debug]  SELECT *  FROM extend_lock    LIMIT 1 ;
[2021-03-05 21:44:22][debug] 0.3509521484375ms
[2021-03-05 21:44:22][debug] CREATE TABLE  IF NOT EXISTS extend_async(
                    id integer PRIMARY KEY autoincrement,
                    identify varchar(200),
                    timeout varchar(200),
                    token varchar(200)
                    )
[2021-03-05 21:44:22][debug] 2.3419857025146ms
[2021-03-05 21:44:22][debug]  INSERT INTO extend_async   (`identify`,`token`,`timeout`)  VALUES ("d8ff724c0dd9ad4162524b6e61cdb4ac","uPmtfuzX46BDHRAI5JE1VIoT1wnKwBvZCD6llKvihUPLVjiUvBXb49j9BQsZYYxJzz1c82M6wWsv6OhMZgwV7Pyzh7ICdEGHUIwe6YcxnhVvYarjQJfVItc23PZA9y5D","1614951922") ;
[2021-03-05 21:44:22][debug] 1.5199184417725ms
[2021-03-05 21:45:04][debug] CREATE TABLE  IF NOT EXISTS extend_lock(
                    lock_time varchar(200)
                    )
[2021-03-05 21:45:04][debug] 0.73599815368652ms
[2021-03-05 21:45:04][debug]  SELECT *  FROM extend_lock    LIMIT 1 ;
[2021-03-05 21:45:04][debug] 0.12302398681641ms
[2021-03-05 21:45:04][debug] CREATE TABLE  IF NOT EXISTS extend_async(
                    id integer PRIMARY KEY autoincrement,
                    identify varchar(200),
                    timeout varchar(200),
                    token varchar(200)
                    )
[2021-03-05 21:45:04][debug] 0.21791458129883ms
[2021-03-05 21:45:04][debug]  INSERT INTO extend_async   (`identify`,`token`,`timeout`)  VALUES ("a10580ef8dc49c7a860368186763a1fd","H7UPkvumsFrczTqZJInLkIAbCfPuVwpOWbsqbN0PuR51Fmroco3HDFpOdOl15PIJwpHXQTFYrxoMw0f9mt6xVxL4ozCFdDdeXRONvAgrajh7bSqdJbnAyLHytIEKwXn1","1614951964") ;
[2021-03-05 21:45:04][debug] 1.244068145752ms
[2021-03-05 21:47:03][debug] CREATE TABLE  IF NOT EXISTS extend_lock(
                    lock_time varchar(200)
                    )
[2021-03-05 21:47:03][debug] 0.87118148803711ms
[2021-03-05 21:47:03][debug]  SELECT *  FROM extend_lock    LIMIT 1 ;
[2021-03-05 21:47:03][debug] 0.22196769714355ms
[2021-03-05 21:47:03][debug] CREATE TABLE  IF NOT EXISTS extend_async(
                    id integer PRIMARY KEY autoincrement,
                    identify varchar(200),
                    timeout varchar(200),
                    token varchar(200)
                    )
[2021-03-05 21:47:03][debug] 0.24104118347168ms
[2021-03-05 21:47:03][debug]  INSERT INTO extend_async   (`identify`,`token`,`timeout`)  VALUES ("b728f6d88f40a6b92136bbe58a053c10","FwH7v3XjxEKHQl2xWHHK6QHyr0JJuDXeH9Fa6PwKHhiw81HpFOTAQbdkkzdj5v9b3nkC15tUZE8iYMGZPJ5XKxLh4u6xDs7zmgsGWIHHprm8frgfUSb9mKL7TyR8VFtx","1614952083") ;
[2021-03-05 21:47:03][debug] 0.96487998962402ms
[2021-03-05 21:47:17][debug] CREATE TABLE  IF NOT EXISTS extend_lock(
                    lock_time varchar(200)
                    )
[2021-03-05 21:47:17][debug] 2.094030380249ms
[2021-03-05 21:47:17][debug]  SELECT *  FROM extend_lock    LIMIT 1 ;
[2021-03-05 21:47:17][debug] 0.29206275939941ms
[2021-03-05 21:47:17][debug] CREATE TABLE  IF NOT EXISTS extend_async(
                    id integer PRIMARY KEY autoincrement,
                    identify varchar(200),
                    timeout varchar(200),
                    token varchar(200)
                    )
[2021-03-05 21:47:17][debug] 0.34093856811523ms
[2021-03-05 21:47:17][debug]  INSERT INTO extend_async   (`identify`,`token`,`timeout`)  VALUES ("2cbbfaba0f43b64967b5f930a0581411","Fl6a1lUSewdpBzdL5pz9ku6jIRloyt7gbz3Rhh9942LoHZSnaGrXdbGVQ7kaRT97M34CG1goLQJ0N5z0QGUh401NSObj9RhJdTGiFbUTJbIIcC26bJzSAi4v8AsT3Edp","1614952097") ;
[2021-03-05 21:47:17][debug] 1.2431144714355ms
[2021-03-05 21:49:06][debug] CREATE TABLE  IF NOT EXISTS extend_lock(
                    lock_time varchar(200)
                    )
[2021-03-05 21:49:06][debug] 1.5652179718018ms
[2021-03-05 21:49:06][debug]  SELECT *  FROM extend_lock    LIMIT 1 ;
[2021-03-05 21:49:06][debug] 0.19383430480957ms
[2021-03-05 21:49:06][debug] CREATE TABLE  IF NOT EXISTS extend_async(
                    id integer PRIMARY KEY autoincrement,
                    identify varchar(200),
                    timeout varchar(200),
                    token varchar(200)
                    )
[2021-03-05 21:49:06][debug] 0.79083442687988ms
[2021-03-05 21:49:06][debug]  INSERT INTO extend_async   (`identify`,`token`,`timeout`)  VALUES ("39a9b02766eaec6f15d5a71911df903f","2czXrv5iC28EGAe0uBPdm53xpvKXyIscNgpYoKn660BO5LN2zbVArZSGnCjMxEqKqLymFaE8h9DkJkFRGEQmNba2741U1pmi18BceHoFtmgg5c1BKGmUK0YESJwQLU4W","1614952206") ;
[2021-03-05 21:49:06][debug] 1.0640621185303ms
[2021-03-05 21:50:05][debug] CREATE TABLE  IF NOT EXISTS extend_lock(
                    lock_time varchar(200)
                    )
[2021-03-05 21:50:05][debug] 1.1310577392578ms
[2021-03-05 21:50:05][debug]  SELECT *  FROM extend_lock    LIMIT 1 ;
[2021-03-05 21:50:05][debug] 0.38504600524902ms
[2021-03-05 21:50:05][debug] CREATE TABLE  IF NOT EXISTS extend_async(
                    id integer PRIMARY KEY autoincrement,
                    identify varchar(200),
                    timeout varchar(200),
                    token varchar(200)
                    )
[2021-03-05 21:50:05][debug] 0.3201961517334ms
[2021-03-05 21:50:05][debug]  INSERT INTO extend_async   (`identify`,`token`,`timeout`)  VALUES ("4f65d35c3c08a245de05a5761b44afa9","Gmdhp7c0pPrFRA7Jp1ROgtufymb0GGGJqLFjqmaY5fcxWQX34yt76pY0M3gHrzzBX8yQkMsf4Z1C8JzvQ0BWbNz3u8RgRjHUCl3KSotriMVVvtjSvmh0diGMM2X5diIi","1614952265") ;
[2021-03-05 21:50:05][debug] 1.2578964233398ms
[2021-03-05 21:51:50][debug] CREATE TABLE  IF NOT EXISTS extend_lock(
                    lock_time varchar(200)
                    )
[2021-03-05 21:51:50][debug] 1.162052154541ms
[2021-03-05 21:51:50][debug]  SELECT *  FROM extend_lock    LIMIT 1 ;
[2021-03-05 21:51:50][debug] 0.22602081298828ms
[2021-03-05 21:51:50][debug] CREATE TABLE  IF NOT EXISTS extend_async(
                    id integer PRIMARY KEY autoincrement,
                    identify varchar(200),
                    timeout varchar(200),
                    token varchar(200)
                    )
[2021-03-05 21:51:50][debug] 0.30708312988281ms
[2021-03-05 21:51:50][debug]  INSERT INTO extend_async   (`identify`,`token`,`timeout`)  VALUES ("1153aa07cd806752b095cdb437390c1d","A3IwgNkziG6hf9zk2a7U8kquaqN8vRLWxHAPy3Ct1ItluiHcPl8P9x2kNiK16BqYjdBCDqaZIElvtJmNpeUQdXK1orMkq3LITgddQEwhOBR6sgpVXOriAnaiUGyH3Hk5","1614952370") ;
[2021-03-05 21:51:50][debug] 1.1768341064453ms
[2021-03-05 21:56:44][debug] CREATE TABLE  IF NOT EXISTS extend_lock(
                    lock_time varchar(200)
                    )
[2021-03-05 21:56:44][debug] 4.4147968292236ms
[2021-03-05 21:56:44][debug]  SELECT *  FROM extend_lock    LIMIT 1 ;
[2021-03-05 21:56:44][debug] 1.4989376068115ms
[2021-03-05 21:56:44][debug] CREATE TABLE  IF NOT EXISTS extend_async(
                    id integer PRIMARY KEY autoincrement,
                    identify varchar(200),
                    timeout varchar(200),
                    token varchar(200)
                    )
[2021-03-05 21:56:44][debug] 0.56219100952148ms
[2021-03-05 21:56:44][debug]  INSERT INTO extend_async   (`identify`,`token`,`timeout`)  VALUES ("8c98463c93a50b370fbebe589805c7f7","xqAYDmr6PdhgsG9D7gS8C1oWPxhLhgosap6G9ppWADxYSHv6vcWeHIP9LbVRncCJIVXKAV1X2Mi3OL92yDVIcv2yNijzSqHzOPAApVHfoqA9lZOKhupcPPGbroQMO8ii","1614952664") ;
[2021-03-05 21:56:44][debug] 5.5780410766602ms
[2021-03-05 21:57:17][debug] CREATE TABLE  IF NOT EXISTS extend_lock(
                    lock_time varchar(200)
                    )
[2021-03-05 21:57:17][debug] 0.75697898864746ms
[2021-03-05 21:57:17][debug]  SELECT *  FROM extend_lock    LIMIT 1 ;
[2021-03-05 21:57:17][debug] 0.14495849609375ms
[2021-03-05 21:57:17][debug] CREATE TABLE  IF NOT EXISTS extend_async(
                    id integer PRIMARY KEY autoincrement,
                    identify varchar(200),
                    timeout varchar(200),
                    token varchar(200)
                    )
[2021-03-05 21:57:17][debug] 0.22196769714355ms
[2021-03-05 21:57:17][debug]  INSERT INTO extend_async   (`identify`,`token`,`timeout`)  VALUES ("e28c863d31550b4a387a714e0915542a","MNinwSbvGgR4EijklpKZbXWSy6qmsEYbLfCC3OtpVBpKwADRTSTXDXvIJfu1LttzOwj9FvNFHnAtzPm3Ui42MO4AK9POh9ZTPjJfGt4N0OD6cqSPg74I4lxsVaJMIq4y","1614952697") ;
[2021-03-05 21:57:17][debug] 0.81920623779297ms
[2021-03-05 21:58:46][debug] CREATE TABLE  IF NOT EXISTS extend_lock(
                    lock_time varchar(200)
                    )
[2021-03-05 21:58:46][debug] 1.8661022186279ms
[2021-03-05 21:58:46][debug]  SELECT *  FROM extend_lock    LIMIT 1 ;
[2021-03-05 21:58:46][debug] 0.74982643127441ms
[2021-03-05 21:58:46][debug] CREATE TABLE  IF NOT EXISTS extend_async(
                    id integer PRIMARY KEY autoincrement,
                    identify varchar(200),
                    timeout varchar(200),
                    token varchar(200)
                    )
[2021-03-05 21:58:46][debug] 0.45895576477051ms
[2021-03-05 21:58:46][debug]  INSERT INTO extend_async   (`identify`,`token`,`timeout`)  VALUES ("8823594b89502ec39618124b75d728eb","TVaSTj7Wfiyd6sOIvkMb5BFCIx22Hl3rlHLXgheG5512H90w2MtRxcbKnfBxtEMMW8PHnHMKASOFuOLqSAWvUvn1HFVmJcuGzVLbwGMqDlfMKlbzD20xhwYsrBc17JaW","1614952786") ;
[2021-03-05 21:58:46][debug] 1.9960403442383ms
[2021-03-05 22:09:53][debug] CREATE TABLE  IF NOT EXISTS extend_lock(
                    lock_time varchar(200)
                    )
[2021-03-05 22:09:53][debug] 1.4898777008057ms
[2021-03-05 22:09:53][debug]  SELECT *  FROM extend_lock    LIMIT 1 ;
[2021-03-05 22:09:53][debug] 1.4259815216064ms
[2021-03-05 22:09:53][debug] CREATE TABLE  IF NOT EXISTS extend_async(
                    id integer PRIMARY KEY autoincrement,
                    identify varchar(200),
                    timeout varchar(200),
                    token varchar(200)
                    )
[2021-03-05 22:09:53][debug] 0.27585029602051ms
[2021-03-05 22:09:53][debug]  INSERT INTO extend_async   (`identify`,`token`,`timeout`)  VALUES ("bf45229deed3a0e9ba6cca3548d26c58","QPXfEOs3XhRTqkqoliULkumYoL3PUvFhwOECqasCNBzmmCxo7ULlzUAffIhm1GnTp24ukTqAWAy2NJx8b9epwU0NPC9IJkOXFxO2GjSWgyGrQw3HFnsiQ0nLMX8cVY08","1614953453") ;
[2021-03-05 22:09:53][debug] 3.0078887939453ms
[2021-03-05 22:14:22][debug] CREATE TABLE  IF NOT EXISTS extend_lock(
                    lock_time varchar(200)
                    )
[2021-03-05 22:14:22][debug] 1.237154006958ms
[2021-03-05 22:14:22][debug]  SELECT *  FROM extend_lock    LIMIT 1 ;
[2021-03-05 22:14:22][debug] 0.24008750915527ms
[2021-03-05 22:14:22][debug] CREATE TABLE  IF NOT EXISTS extend_async(
                    id integer PRIMARY KEY autoincrement,
                    identify varchar(200),
                    timeout varchar(200),
                    token varchar(200)
                    )
[2021-03-05 22:14:22][debug] 0.23603439331055ms
[2021-03-05 22:14:22][debug]  INSERT INTO extend_async   (`identify`,`token`,`timeout`)  VALUES ("7977cc71d2f5f7eb06d4e3996142d5ef","zfM01tlKgyrnzG9gWdgknEdSz1RHqmW2cdhLsjHVv8VZPNlvUZcazSsqA3BzfDIECrc0R6v2S8hA8cLe98QDP9jwJLBSmMp7ia5smZscXXA0nFb8G9Yid0gBmRDZSgCY","1614953722") ;
[2021-03-05 22:14:22][debug] 0.91195106506348ms
[2021-03-05 22:16:16][debug] CREATE TABLE  IF NOT EXISTS extend_lock(
                    lock_time varchar(200)
                    )
[2021-03-05 22:16:16][debug] 0.8699893951416ms
[2021-03-05 22:16:16][debug]  SELECT *  FROM extend_lock    LIMIT 1 ;
[2021-03-05 22:16:16][debug] 0.19001960754395ms
[2021-03-05 22:16:16][debug] CREATE TABLE  IF NOT EXISTS extend_async(
                    id integer PRIMARY KEY autoincrement,
                    identify varchar(200),
                    timeout varchar(200),
                    token varchar(200)
                    )
[2021-03-05 22:16:16][debug] 0.24890899658203ms
[2021-03-05 22:16:16][debug]  INSERT INTO extend_async   (`identify`,`token`,`timeout`)  VALUES ("f43dc6094ce6e9dbbeba4dd9dbd1c251","CcP3pNiDkk8wG3xxYulUfNOFmqd4tfLqID6iKxnnkDIBEu1tKwLTyPJnnFBP9pz263npzKLy8SejXXTdvaCsZQ6zzaTQ2cgOc5hsSqLtUGZouiC1EnP6RZjROEFRTrKJ","1614953836") ;
[2021-03-05 22:16:16][debug] 1.6918182373047ms
[2021-03-05 22:17:03][debug] CREATE TABLE  IF NOT EXISTS extend_lock(
                    lock_time varchar(200)
                    )
[2021-03-05 22:17:03][debug] 1.0449886322021ms
[2021-03-05 22:17:03][debug]  SELECT *  FROM extend_lock    LIMIT 1 ;
[2021-03-05 22:17:03][debug] 0.3659725189209ms
[2021-03-05 22:17:03][debug] CREATE TABLE  IF NOT EXISTS extend_async(
                    id integer PRIMARY KEY autoincrement,
                    identify varchar(200),
                    timeout varchar(200),
                    token varchar(200)
                    )
[2021-03-05 22:17:03][debug] 0.3809928894043ms
[2021-03-05 22:17:03][debug]  INSERT INTO extend_async   (`identify`,`token`,`timeout`)  VALUES ("56f9ed7c2768f00c4b2ceddcf3e59fb7","YcFFcZJ7ou0hF1NyNoqWXk7brGtJq37yxQEo6Qt2jUB8NXShFgXZy0OHuSmgBc5St3qa1cxH65MAAj5aQ5yicSCyr5GyPyIKUy2kr2jhXKJ2VwwnFTtZ5472XOd8JmKh","1614953883") ;
[2021-03-05 22:17:03][debug] 1.6870498657227ms
[2021-03-05 22:21:04][debug] CREATE TABLE  IF NOT EXISTS extend_lock(
                    lock_time varchar(200)
                    )
[2021-03-05 22:21:04][debug] 1.5380382537842ms
[2021-03-05 22:21:04][debug]  SELECT *  FROM extend_lock    LIMIT 1 ;
[2021-03-05 22:21:04][debug] 2.1591186523438ms
[2021-03-05 22:21:04][debug] CREATE TABLE  IF NOT EXISTS extend_async(
                    id integer PRIMARY KEY autoincrement,
                    identify varchar(200),
                    timeout varchar(200),
                    token varchar(200)
                    )
[2021-03-05 22:21:04][debug] 1.8460750579834ms
[2021-03-05 22:21:04][debug]  INSERT INTO extend_async   (`identify`,`token`,`timeout`)  VALUES ("7933abc145abe582b391cb66f8a1885d","ufEaYWoIoDk6DdUKiNy50HQQjXrNDBW5sNiYpP7nP5SziKgiFfJp5cFPQls3XGqTeEfDGjdl1ihz65nDwGGsK1c4qgcVK1yDFZnMWwy8JyDANDhLWDO7YNThINabo2tt","1614954124") ;
[2021-03-05 22:21:04][debug] 2.2408962249756ms
[2021-03-05 22:22:56][debug] CREATE TABLE  IF NOT EXISTS extend_lock(
                    lock_time varchar(200)
                    )
[2021-03-05 22:22:56][debug] 0.94795227050781ms
[2021-03-05 22:22:56][debug]  SELECT *  FROM extend_lock    LIMIT 1 ;
[2021-03-05 22:22:56][debug] 0.87213516235352ms
[2021-03-05 22:22:56][debug] CREATE TABLE  IF NOT EXISTS extend_async(
                    id integer PRIMARY KEY autoincrement,
                    identify varchar(200),
                    timeout varchar(200),
                    token varchar(200)
                    )
[2021-03-05 22:22:56][debug] 0.25391578674316ms
[2021-03-05 22:22:56][debug]  INSERT INTO extend_async   (`identify`,`token`,`timeout`)  VALUES ("486bc88923e31baf5682d91dafab4168","cPgDP5ttgM2ApnjV596tKPfgi6gGIMJoGIPJ8PjeQxAHzLZ1XB7UQmfklPcRTAngFFjjdSyWLJ0LunBEHPsWzFoffpSHqFIHpsxwHB3dpT7ybqpxBN643tCEbGvLZPGx","1614954236") ;
[2021-03-05 22:22:56][debug] 1.0278224945068ms
[2021-03-05 22:32:00][debug] CREATE TABLE  IF NOT EXISTS extend_lock(
                    lock_time varchar(200)
                    )
[2021-03-05 22:32:00][debug] 1.0178089141846ms
[2021-03-05 22:32:00][debug]  SELECT *  FROM extend_lock    LIMIT 1 ;
[2021-03-05 22:32:00][debug] 0.32901763916016ms
[2021-03-05 22:32:00][debug] CREATE TABLE  IF NOT EXISTS extend_async(
                    id integer PRIMARY KEY autoincrement,
                    identify varchar(200),
                    timeout varchar(200),
                    token varchar(200)
                    )
[2021-03-05 22:32:00][debug] 0.25200843811035ms
[2021-03-05 22:32:00][debug]  INSERT INTO extend_async   (`identify`,`token`,`timeout`)  VALUES ("d75592eabe6ac83dc1fa2b5196333338","RhOQ3Xr7w8tTuNzKQnZCJK9L3h8wvVxvCK9txtAfarXos47cxFW38vlYtQzBoVGAqgfEnKekfyeoyRpF1yC3WJVYKrv0KGFR3ULNFuYxNFMpaBocln6smp5kfBghU6Xe","1614954780") ;
[2021-03-05 22:32:00][debug] 1.0638236999512ms
