[2021-03-10 10:44:41][debug] ----------------------------------------------------------------------------------------------
[2021-03-10 10:44:41][debug] 框架启动.
[2021-03-10 10:44:41][debug] . 当前数据库信息：  sqlite:/Users/ankio/Documents/Sync/SourceCode/PHP/ClearPHP2.0/src/extend/net_ankio_tasker/data/data.db
[2021-03-10 10:44:41][debug] . 当前数据库信息：  sqlite:/Users/ankio/Documents/Sync/SourceCode/PHP/ClearPHP2.0/src/extend/net_ankio_tasker/data/data.db
[2021-03-10 10:44:41][debug] 出现异常: WARNING: fsockopen(): unable to connect to localhost:80 (Connection refused) in /Users/ankio/Documents/Sync/SourceCode/PHP/ClearPHP2.0/src/extend/net_ankio_tasker/core/Async.php on line 58
[2021-03-10 10:44:41][debug] 退出框架，总耗时: 20.431995391846ms
[2021-03-10 10:45:11][debug] ----------------------------------------------------------------------------------------------
[2021-03-10 10:45:11][debug] 框架启动.
[2021-03-10 10:45:11][debug] . 当前数据库信息：  sqlite:/Users/ankio/Documents/Sync/SourceCode/PHP/ClearPHP2.0/src/extend/net_ankio_tasker/data/data.db
[2021-03-10 10:45:11][debug] . 当前数据库信息：  sqlite:/Users/ankio/Documents/Sync/SourceCode/PHP/ClearPHP2.0/src/extend/net_ankio_tasker/data/data.db
[2021-03-10 10:45:11][debug] 出现异常: WARNING: fsockopen(): unable to connect to localhost:80 (Connection refused) in /Users/ankio/Documents/Sync/SourceCode/PHP/ClearPHP2.0/src/extend/net_ankio_tasker/core/Async.php on line 58
[2021-03-10 10:45:11][debug] 退出框架，总耗时: 10.036945343018ms
[2021-03-10 10:46:03][debug] ----------------------------------------------------------------------------------------------
[2021-03-10 10:46:03][debug] 框架启动.
[2021-03-10 10:46:03][debug] . 当前数据库信息：  sqlite:/Users/ankio/Documents/Sync/SourceCode/PHP/ClearPHP2.0/src/extend/net_ankio_tasker/data/data.db
[2021-03-10 10:46:04][debug] . 当前数据库信息：  sqlite:/Users/ankio/Documents/Sync/SourceCode/PHP/ClearPHP2.0/src/extend/net_ankio_tasker/data/data.db
[2021-03-10 10:46:04][debug] 出现异常: WARNING: fsockopen(): unable to connect to localhost:80 (Connection refused) in /Users/ankio/Documents/Sync/SourceCode/PHP/ClearPHP2.0/src/extend/net_ankio_tasker/core/Async.php on line 59
[2021-03-10 10:46:04][debug] 退出框架，总耗时: 10.56981086731ms
[2021-03-10 10:50:20][debug] ----------------------------------------------------------------------------------------------
[2021-03-10 10:50:20][debug] 框架启动.
[2021-03-10 10:50:34][debug] ----------------------------------------------------------------------------------------------
[2021-03-10 10:50:34][debug] 框架启动.
[2021-03-10 10:51:27][debug] ----------------------------------------------------------------------------------------------
[2021-03-10 10:51:27][debug] 框架启动.
[2021-03-10 10:52:08][info] 程序调用退出: 命令行执行完毕
[2021-03-10 10:52:08][debug] 程序调用退出: 命令行执行完毕
[2021-03-10 10:52:08][debug] 退出框架，总耗时: 41395.800113678ms
[2021-03-10 12:29:24][debug] ----------------------------------------------------------------------------------------------
[2021-03-10 12:29:24][debug] 框架启动.
[2021-03-10 12:30:12][info] 程序调用退出: 命令行执行完毕
[2021-03-10 12:30:12][debug] 程序调用退出: 命令行执行完毕
[2021-03-10 12:30:12][debug] 退出框架，总耗时: 47114.177942276ms
[2021-03-10 12:36:23][debug] ----------------------------------------------------------------------------------------------
[2021-03-10 12:36:23][debug] 框架启动.
[2021-03-10 12:36:34][info] 程序调用退出: 命令行执行完毕
[2021-03-10 12:36:34][debug] 程序调用退出: 命令行执行完毕
[2021-03-10 12:36:34][debug] 退出框架，总耗时: 10773.163795471ms
[2021-03-10 12:41:00][debug] ----------------------------------------------------------------------------------------------
[2021-03-10 12:41:00][debug] 框架启动.
[2021-03-10 12:41:13][info] 程序调用退出: 命令行执行完毕
[2021-03-10 12:41:13][debug] 程序调用退出: 命令行执行完毕
[2021-03-10 12:41:13][debug] 退出框架，总耗时: 13233.994960785ms
[2021-03-10 12:44:15][debug] ----------------------------------------------------------------------------------------------
[2021-03-10 12:44:15][debug] 框架启动.
[2021-03-10 12:44:24][info] 程序调用退出: 命令行执行完毕
[2021-03-10 12:44:24][debug] 程序调用退出: 命令行执行完毕
[2021-03-10 12:44:24][debug] 退出框架，总耗时: 8830.9879302979ms
[2021-03-10 12:45:34][debug] ----------------------------------------------------------------------------------------------
[2021-03-10 12:45:34][debug] 框架启动.
[2021-03-10 12:45:46][info] 程序调用退出: 命令行执行完毕
[2021-03-10 12:45:46][debug] 程序调用退出: 命令行执行完毕
[2021-03-10 12:45:46][debug] 退出框架，总耗时: 12026.31020546ms
