[2021-03-10 10:44:41][debug] 加载 "app\vendor\debug\Error"
[2021-03-10 10:44:41][debug] 加载 "app\vendor\event\EventManager"
[2021-03-10 10:44:41][debug] 加载 "app\vendor\core\Clean"
[2021-03-10 10:44:41][debug] 加载 "app\vendor\event\EventListener"
[2021-03-10 10:44:41][debug] 加载 "app\extend\net_ankio_cc_defense\Main"
[2021-03-10 10:44:41][debug] 加载 "app\extend\net_ankio_cc_defense\core\Ddos"
[2021-03-10 10:44:41][debug] 加载 "app\vendor\web\Session"
[2021-03-10 10:44:41][debug] 加载 "app\vendor\web\Response"
[2021-03-10 10:44:41][debug] 加载 "app\vendor\web\Request"
[2021-03-10 10:44:41][debug] 加载 "app\extend\net_ankio_tasker\Main"
[2021-03-10 10:44:41][debug] 加载 "app\extend\net_ankio_tasker\core\Server"
[2021-03-10 10:44:41][debug] 加载 "app\vendor\database\Sql"
[2021-03-10 10:44:41][debug] 加载 "app\extend\net_ankio_tasker\core\Db"
[2021-03-10 10:44:41][debug] 加载 "app\vendor\database\sql\sqlExec"
[2021-03-10 10:44:41][debug] 加载 "app\vendor\database\sql\sqlBase"
[2021-03-10 10:44:41][debug] 加载 "app\vendor\database\sql\Select"
[2021-03-10 10:44:41][debug] 加载 "app\extend\net_ankio_tasker\core\Async"
[2021-03-10 10:45:11][debug] 加载 "app\vendor\debug\Error"
[2021-03-10 10:45:11][debug] 加载 "app\vendor\event\EventManager"
[2021-03-10 10:45:11][debug] 加载 "app\vendor\core\Clean"
[2021-03-10 10:45:11][debug] 加载 "app\vendor\event\EventListener"
[2021-03-10 10:45:11][debug] 加载 "app\extend\net_ankio_cc_defense\Main"
[2021-03-10 10:45:11][debug] 加载 "app\extend\net_ankio_cc_defense\core\Ddos"
[2021-03-10 10:45:11][debug] 加载 "app\vendor\web\Session"
[2021-03-10 10:45:11][debug] 加载 "app\vendor\web\Response"
[2021-03-10 10:45:11][debug] 加载 "app\vendor\web\Request"
[2021-03-10 10:45:11][debug] 加载 "app\extend\net_ankio_tasker\Main"
[2021-03-10 10:45:11][debug] 加载 "app\extend\net_ankio_tasker\core\Server"
[2021-03-10 10:45:11][debug] 加载 "app\vendor\database\Sql"
[2021-03-10 10:45:11][debug] 加载 "app\extend\net_ankio_tasker\core\Db"
[2021-03-10 10:45:11][debug] 加载 "app\vendor\database\sql\sqlExec"
[2021-03-10 10:45:11][debug] 加载 "app\vendor\database\sql\sqlBase"
[2021-03-10 10:45:11][debug] 加载 "app\vendor\database\sql\Select"
[2021-03-10 10:45:11][debug] 加载 "app\extend\net_ankio_tasker\core\Async"
[2021-03-10 10:46:03][debug] 加载 "app\vendor\debug\Error"
[2021-03-10 10:46:03][debug] 加载 "app\vendor\event\EventManager"
[2021-03-10 10:46:03][debug] 加载 "app\vendor\core\Clean"
[2021-03-10 10:46:03][debug] 加载 "app\vendor\event\EventListener"
[2021-03-10 10:46:03][debug] 加载 "app\extend\net_ankio_cc_defense\Main"
[2021-03-10 10:46:03][debug] 加载 "app\extend\net_ankio_cc_defense\core\Ddos"
[2021-03-10 10:46:03][debug] 加载 "app\vendor\web\Session"
[2021-03-10 10:46:03][debug] 加载 "app\vendor\web\Response"
[2021-03-10 10:46:03][debug] 加载 "app\vendor\web\Request"
[2021-03-10 10:46:03][debug] 加载 "app\extend\net_ankio_tasker\Main"
[2021-03-10 10:46:03][debug] 加载 "app\extend\net_ankio_tasker\core\Server"
[2021-03-10 10:46:03][debug] 加载 "app\vendor\database\Sql"
[2021-03-10 10:46:03][debug] 加载 "app\extend\net_ankio_tasker\core\Db"
[2021-03-10 10:46:03][debug] 加载 "app\vendor\database\sql\sqlExec"
[2021-03-10 10:46:04][debug] 加载 "app\vendor\database\sql\sqlBase"
[2021-03-10 10:46:04][debug] 加载 "app\vendor\database\sql\Select"
[2021-03-10 10:46:04][debug] 加载 "app\extend\net_ankio_tasker\core\Async"
[2021-03-10 10:50:20][debug] 加载 "app\vendor\debug\Error"
[2021-03-10 10:50:20][debug] 加载 "app\vendor\event\EventManager"
[2021-03-10 10:50:20][debug] 加载 "app\vendor\core\Clean"
[2021-03-10 10:50:20][debug] 加载 "app\vendor\release\Release"
[2021-03-10 10:50:20][debug] 加载 "app\vendor\release\FileCheck"
[2021-03-10 10:50:20][debug] 加载 "app\vendor\debug\StringUtil"
[2021-03-10 10:50:24][debug] 加载 "app\vendor\release\File"
[2021-03-10 10:50:34][debug] 加载 "app\vendor\debug\Error"
[2021-03-10 10:50:34][debug] 加载 "app\vendor\event\EventManager"
[2021-03-10 10:50:34][debug] 加载 "app\vendor\core\Clean"
[2021-03-10 10:50:34][debug] 加载 "app\vendor\release\Release"
[2021-03-10 10:50:34][debug] 加载 "app\vendor\release\FileCheck"
[2021-03-10 10:50:34][debug] 加载 "app\vendor\debug\StringUtil"
[2021-03-10 10:50:37][debug] 加载 "app\vendor\release\File"
[2021-03-10 10:51:27][debug] 加载 "app\vendor\debug\Error"
[2021-03-10 10:51:27][debug] 加载 "app\vendor\event\EventManager"
[2021-03-10 10:51:27][debug] 加载 "app\vendor\core\Clean"
[2021-03-10 10:51:27][debug] 加载 "app\vendor\release\Release"
[2021-03-10 10:51:27][debug] 加载 "app\vendor\release\FileCheck"
[2021-03-10 10:51:27][debug] 加载 "app\vendor\debug\StringUtil"
[2021-03-10 10:51:29][debug] 加载 "app\vendor\release\File"
[2021-03-10 10:52:08][debug] 加载 "app\vendor\release\Zip"
[2021-03-10 12:29:24][debug] 加载 "app\vendor\debug\Error"
[2021-03-10 12:29:24][debug] 加载 "app\vendor\event\EventManager"
[2021-03-10 12:29:24][debug] 加载 "app\vendor\core\Clean"
[2021-03-10 12:29:24][debug] 加载 "app\vendor\release\Release"
[2021-03-10 12:29:24][debug] 加载 "app\vendor\release\FileCheck"
[2021-03-10 12:29:24][debug] 加载 "app\vendor\debug\StringUtil"
[2021-03-10 12:29:58][debug] 加载 "app\vendor\release\File"
[2021-03-10 12:30:11][debug] 加载 "app\vendor\release\Zip"
[2021-03-10 12:36:23][debug] 加载 "app\vendor\debug\Error"
[2021-03-10 12:36:23][debug] 加载 "app\vendor\event\EventManager"
[2021-03-10 12:36:23][debug] 加载 "app\vendor\core\Clean"
[2021-03-10 12:36:23][debug] 加载 "app\vendor\release\Release"
[2021-03-10 12:36:23][debug] 加载 "app\vendor\release\FileCheck"
[2021-03-10 12:36:23][debug] 加载 "app\vendor\debug\StringUtil"
[2021-03-10 12:36:26][debug] 加载 "app\vendor\release\File"
[2021-03-10 12:36:34][debug] 加载 "app\vendor\release\Zip"
[2021-03-10 12:41:00][debug] 加载 "app\vendor\debug\Error"
[2021-03-10 12:41:00][debug] 加载 "app\vendor\event\EventManager"
[2021-03-10 12:41:00][debug] 加载 "app\vendor\core\Clean"
[2021-03-10 12:41:00][debug] 加载 "app\vendor\release\Release"
[2021-03-10 12:41:00][debug] 加载 "app\vendor\release\FileCheck"
[2021-03-10 12:41:00][debug] 加载 "app\vendor\debug\StringUtil"
[2021-03-10 12:41:02][debug] 加载 "app\vendor\release\File"
[2021-03-10 12:41:13][debug] 加载 "app\vendor\release\Zip"
[2021-03-10 12:44:15][debug] 加载 "app\vendor\debug\Error"
[2021-03-10 12:44:15][debug] 加载 "app\vendor\event\EventManager"
[2021-03-10 12:44:15][debug] 加载 "app\vendor\core\Clean"
[2021-03-10 12:44:15][debug] 加载 "app\vendor\release\Release"
[2021-03-10 12:44:15][debug] 加载 "app\vendor\release\FileCheck"
[2021-03-10 12:44:15][debug] 加载 "app\vendor\debug\StringUtil"
[2021-03-10 12:44:17][debug] 加载 "app\vendor\release\File"
[2021-03-10 12:44:24][debug] 加载 "app\vendor\release\Zip"
[2021-03-10 12:45:34][debug] 加载 "app\vendor\debug\Error"
[2021-03-10 12:45:34][debug] 加载 "app\vendor\event\EventManager"
[2021-03-10 12:45:34][debug] 加载 "app\vendor\core\Clean"
[2021-03-10 12:45:34][debug] 加载 "app\vendor\release\Release"
[2021-03-10 12:45:34][debug] 加载 "app\vendor\release\FileCheck"
[2021-03-10 12:45:34][debug] 加载 "app\vendor\debug\StringUtil"
[2021-03-10 12:45:36][debug] 加载 "app\vendor\release\File"
[2021-03-10 12:45:46][debug] 加载 "app\vendor\release\Zip"
